<?xml version="1.0" encoding="UTF-8"?>
<!-- Generated by org.testng.reporters.JUnitReportReporter -->
<testsuite hostname="MZKJ-PC-00759" name="com.roger.grab.common.CPTester" tests="1" failures="0" timestamp="24 Oct 2018 08:59:19 GMT" time="0.132" errors="0">
  <testcase name="add" time="0.132" classname="com.roger.grab.common.CPTester"/>
</testsuite> <!-- com.roger.grab.common.CPTester -->
