<?xml version="1.0" encoding="UTF-8"?>
<!-- Generated by org.testng.reporters.JUnitReportReporter -->
<testsuite hostname="MZKJ-PC-00759" name="com.roger.grab.common.CPTester" tests="1" failures="0" timestamp="12 Nov 2018 07:15:05 GMT" time="0.070" errors="0">
  <testcase name="add" time="0.070" classname="com.roger.grab.common.CPTester"/>
</testsuite> <!-- com.roger.grab.common.CPTester -->
