<?xml version="1.0" encoding="UTF-8"?>
<!-- Generated by org.testng.reporters.JUnitReportReporter -->
<testsuite hostname="DESKTOP-EEK0CBK" name="com.roger.grab.common.CPTester" tests="1" failures="0" timestamp="27 Nov 2018 02:39:31 GMT" time="0.074" errors="0">
  <testcase name="add" time="0.074" classname="com.roger.grab.common.CPTester"/>
</testsuite> <!-- com.roger.grab.common.CPTester -->
