<?xml version="1.0" encoding="UTF-8"?>
<!-- Generated by org.testng.reporters.JUnitReportReporter -->
<testsuite hostname="MZKJ-PC-00759" name="com.grab.MeizuHome" tests="1" failures="0" timestamp="26 Nov 2018 03:51:23 GMT" time="0.234" errors="0">
  <testcase name="addUser" time="0.234" classname="com.grab.MeizuHome"/>
</testsuite> <!-- com.grab.MeizuHome -->
