<?xml version="1.0" encoding="UTF-8"?>
<!-- Generated by org.testng.reporters.JUnitReportReporter -->
<testsuite hostname="MZKJ-PC-00759" name="com.grab.WishTester" tests="1" failures="1" timestamp="12 Nov 2018 07:52:29 GMT" time="1.409" errors="0">
  <testcase name="doGet" time="1.409" classname="com.grab.WishTester">
    <failure type="com.roger.grab.base.domain.exception.GrabException" message="返回code为非正常,code:2,data:{&quot;msg&quot;:&quot;You must be logged in to perform this action.&quot;,&quot;code&quot;:2,&quot;data&quot;:{&quot;items&quot;:[{&quot;commerce_product_info&quot;:{&quot;shipping_price_country_code&quot;:&quot;US&quot;,&quot;total_inventory&quot;:50,&quot;default_variation_experiment&quot;:{&quot;no-init-max&quot;:{&quot;shipping_price_country_code&quot;:&quot;US&quot;,&quot;merchant_id&quot;:&quot;58d8ec65ebdcec52c62e7a27&quot;,&quot;has_tier_shipping_options&quot;:false,&quot;inventory&quot;:50,&quot;retail_price&quot;:19,&quot;enabled&quot;:true,&quot;shipping&quot;:1,&quot;price&quot;:2,&quot;price_before_personal_price&quot;:2,&quot;product_id&quot;:&quot;5b0e0f822ea2a264f9170b48&quot;,&quot;sequence_id&quot;:2,&quot;size_id&quot;:&quot;Triggers&quot;,&quot;merchant_dp&quot;:&quot;https://s3-us-west-1.amazonaws.com/sweeper-production-merchantimage/default_dp.png&quot;,&quot;merchant_rating_class&quot;:&quot;star star-4-0&quot;,&quot;merchant_rating&quot;:4.200527704485488,&quot;value_in_points&quot;:750,&quot;localized_retail_price&quot;:{&quot;localized_value&quot;:149.0,&quot;symbol&quot;:&quot;&quot;,&quot;table_id&quot;:&quot;5be9250090b8a6c3caf4cdbc&quot;,&quot;currency_code&quot;:&quot;HKD&quot;},&quot;localized_merchant_price&quot;:1.0,&quot;localized_price_before_personal_price&quot;:{&quot;localized_value&quot;:16.0,&quot;symbol&quot;:&quot;&quot;,&quot;table_id&quot;:&quot;5be9250090b8a6c3caf4cdbc&quot;,&quot;currency_code&quot;:&quot;HKD&quot;},&quot;merchant_name&quot;:&quot;kennethewan999&quot;,&quot;merchant&quot;:&quot;kennethewan999&quot;,&quot;shipping_options&quot;:[{&quot;warehouse_type&quot;:1,&quot;localized_price&quot;:{&quot;localized_value&quot;:8.0,&quot;symbol&quot;:&quot;&quot;,&quot;table_id&quot;:&quot;5be9250090b8a6c3caf4cdbc&quot;,&quot;currency_code&quot;:&quot;HKD&quot;},&quot;price&quot;:1,&quot;name&quot;:&quot;Standard Shipping&quot;,&quot;is_express_type&quot;:false,&quot;option_id&quot;:&quot;standard&quot;,&quot;id&quot;:&quot;standard&quot;,&quot;inventory&quot;:50,&quot;selected&quot;:true}],&quot;shipping_countries_string&quot;:&quot;Ships to United States and 52 other countries&quot;,&quot;merchant_rating_count&quot;:1895,&quot;localized_shipping&quot;:{&quot;localized_value&quot;:8.0,&quot;symbol&quot;:&quot;&quot;,&quot;table_id&quot;:&quot;5be9250090b8a6c3caf4cdbc&quot;,&quot;currency_code&quot;:&quot;HKD&quot;},&quot;color_id&quot;:&quot;black &amp; silver&quot;,&quot;removed&quot;:false,&quot;localized_price&quot;:{&quot;localized_value&quot;:16.0,&quot;symbol&quot;:&quot;&quot;,&quot;table_id&quot;:&quot;5be9250090b8a6c3caf4cdbc&quot;,&quot;currency_code&quot;:&quot;HKD&quot;},&quot;variation_id&quot;:&quot;5b0e0f822ea2a264f9170b49&quot;},&quot;no-init-median&quot;:{&quot;shipping_price_country_code&quot;:&quot;US&quot;,&quot;merchant_id&quot;:&quot;58d8ec65ebdcec52c62e7a27&quot;,&quot;has_tier_shipping_options&quot;:false,&quot;inventory&quot;:50,&quot;retail_price&quot;:19,&quot;enabled&quot;:true,&quot;shipping&quot;:1,&quot;price&quot;:2,&quot;price_before_personal_price&quot;:2,&quot;product_id&quot;:&quot;5b0e0f822ea2a264f9170b48&quot;,&quot;sequence_id&quot;:2,&quot;size_id&quot;:&quot;Triggers&quot;,&quot;merchant_dp&quot;:&quot;https://s3-us-west-1.amazonaws.com/sweeper-production-merchantimage/default_dp.png&quot;,&quot;merchant_rating_class&quot;:&quot;star star-4-0&quot;,&quot;merchant_rating&quot;:4.200527704485488,&quot;value_in_points&quot;:750,&quot;localized_retail_price&quot;:{&quot;localized_value&quot;:149.0,&quot;symbol&quot;:&quot;&quot;,&quot;table_id&quot;:&quot;5be9250090b8a6c3caf4cdbc&quot;,&quot;currency_code&quot;:&quot;HKD&quot;},&quot;localized_merchant_price&quot;:1.0,&quot;localized_price_before_personal_price&quot;:{&quot;localized_value&quot;:16.0,&quot;symbol&quot;:&quot;&quot;,&quot;table_id&quot;:&quot;5be9250090b8a6c3caf4cdbc&quot;,&quot;currency_code&quot;:&quot;HKD&quot;},&quot;merchant_name&quot;:&quot;kennethewan999&quot;,&quot;merchant&quot;:&quot;kennethewan999&quot;,&quot;shipping_options&quot;:[{&quot;warehouse_type&quot;:1,&quot;localized_price&quot;:{&quot;localized_value&quot;:8.0,&quot;symbol&quot;:&quot;&quot;,&quot;table_id&quot;:&quot;5be9250090b8a6c3caf4cdbc&quot;,&quot;currency_code&quot;:&quot;HKD&quot;},&quot;price&quot;:1,&quot;name&quot;:&quot;Standard Shipping&quot;,&quot;is_express_type&quot;:false,&quot;option_id&quot;:&quot;standard&quot;,&quot;id&quot;:&quot;standard&quot;,&quot;inventory&quot;:50,&quot;selected&quot;:true}],&quot;shipping_countries_string&quot;:&quot;Ships to United States and 52 other countries&quot;,&quot;merchant_rating_count&quot;:1895,&quot;localized_shipping&quot;:{&quot;localized_value&quot;:8.0,&quot;symbol&quot;:&quot;&quot;,&quot;table_id&quot;:&quot;5be9250090b8a6c3caf4cdbc&quot;,&quot;currency_code&quot;:&quot;HKD&quot;},&quot;color_id&quot;:&quot;black &amp; silver&quot;,&quot;removed&quot;:false,&quot;localized_price&quot;:{&quot;localized_value&quot;:16.0,&quot;symbol&quot;:&quot;&quot;,&quot;table_id&quot;:&quot;5be9250090b8a6c3caf4cdbc&quot;,&quot;currency_code&quot;:&quot;HKD&quot;},&quot;variation_id&quot;:&quot;5b0e0f822ea2a264f9170b49&quot;},&quot;init-max&quot;:{&quot;shipping_price_country_code&quot;:&quot;US&quot;,&quot;merchant_id&quot;:&quot;58d8ec65ebdcec52c62e7a27&quot;,&quot;has_tier_shipping_options&quot;:false,&quot;inventory&quot;:50,&quot;retail_price&quot;:19,&quot;enabled&quot;:true,&quot;shipping&quot;:1,&quot;price&quot;:2,&quot;price_before_personal_price&quot;:2,&quot;product_id&quot;:&quot;5b0e0f822ea2a264f9170b48&quot;,&quot;sequence_id&quot;:2,&quot;size_id&quot;:&quot;Triggers&quot;,&quot;merchant_dp&quot;:&quot;https://s3-us-west-1.amazonaws.com/sweeper-production-merchantimage/default_dp.png&quot;,&quot;merchant_rating_class&quot;:&quot;star star-4-0&quot;,&quot;merchant_rating&quot;:4.200527704485488,&quot;value_in_points&quot;:750,&quot;localized_retail_price&quot;:{&quot;localized_value&quot;:149.0,&quot;symbol&quot;:&quot;&quot;,&quot;table_id&quot;:&quot;5be9250090b8a6c3caf4cdbc&quot;,&quot;currency_code&quot;:&quot;HKD&quot;},&quot;localized_merchant_price&quot;:1.0,&quot;localized_price_before_personal_price&quot;:{&quot;localized_value&quot;:16.0,&quot;symbol&quot;:&quot;&quot;,&quot;table_id&quot;:&quot;5be9250090b8a6c3caf4cdbc&quot;,&quot;currency_code&quot;:&quot;HKD&quot;},&quot;merchant_name&quot;:&quot;kennethewan999&quot;,&quot;merchant&quot;:&quot;kennethewan999&quot;,&quot;shipping_options&quot;:[{&quot;warehouse_type&quot;:1,&quot;localized_price&quot;:{&quot;localized_value&quot;:8.0,&quot;symbol&quot;:&quot;&quot;,&quot;table_id&quot;:&quot;5be9250090b8a6c3caf4cdbc&quot;,&quot;currency_code&quot;:&quot;HKD&quot;},&quot;price&quot;:1,&quot;name&quot;:&quot;Standard Shipping&quot;,&quot;is_express_type&quot;:false,&quot;option_id&quot;:&quot;standard&quot;,&quot;id&quot;:&quot;standard&quot;,&quot;inventory&quot;:50,&quot;selected&quot;:true}],&quot;shipping_countries_string&quot;:&quot;Ships to United States and 52 other countries&quot;,&quot;merchant_rating_count&quot;:1895,&quot;localized_shipping&quot;:{&quot;localized_value&quot;:8.0,&quot;symbol&quot;:&quot;&quot;,&quot;table_id&quot;:&quot;5be9250090b8a6c3caf4cdbc&quot;,&quot;currency_code&quot;:&quot;HKD&quot;},&quot;color_id&quot;:&quot;black &amp; silver&quot;,&quot;removed&quot;:false,&quot;localized_price&quot;:{&quot;localized_value&quot;:16.0,&quot;symbol&quot;:&quot;&quot;,&quot;table_id&quot;:&quot;5be9250090b8a6c3caf4cdbc&quot;,&quot;currency_code&quot;:&quot;HKD&quot;},&quot;variation_id&quot;:&quot;5b0e0f822ea2a264f9170b49&quot;},&quot;init-median&quot;:{&quot;shipping_price_country_code&quot;:&quot;US&quot;,&quot;merchant_id&quot;:&quot;58d8ec65ebdcec52c62e7a27&quot;,&quot;has_tier_shipping_options&quot;:false,&quot;inventory&quot;:50,&quot;retail_price&quot;:19,&quot;enabled&quot;:true,&quot;shipping&quot;:1,&quot;price&quot;:2,&quot;price_before_personal_price&quot;:2,&quot;product_id&quot;:&quot;5b0e0f822ea2a264f9170b48&quot;,&quot;sequence_id&quot;:2,&quot;size_id&quot;:&quot;Triggers&quot;,&quot;merchant_dp&quot;:&quot;https://s3-us-west-1.amazonaws.com/sweeper-production-merchantimage/default_dp.png&quot;,&quot;merchant_rating_class&quot;:&quot;star star-4-0&quot;,&quot;merchant_rating&quot;:4.200527704485488,&quot;value_in_points&quot;:750,&quot;localized_retail_price&quot;:{&quot;localized_value&quot;:149.0,&quot;symbol&quot;:&quot;&quot;,&quot;table_id&quot;:&quot;5be9250090b8a6c3caf4cdbc&quot;,&quot;currency_code&quot;:&quot;HKD&quot;},&quot;localized_merchant_price&quot;:1.0,&quot;localized_price_before_personal_price&quot;:{&quot;localized_value&quot;:16.0,&quot;symbol&quot;:&quot;&quot;,&quot;table_id&quot;:&quot;5be9250090b8a6c3caf4cdbc&quot;,&quot;currency_code&quot;:&quot;HKD&quot;},&quot;merchant_name&quot;:&quot;kennethewan999&quot;,&quot;merchant&quot;:&quot;kennethewan999&quot;,&quot;shipping_options&quot;:[{&quot;warehouse_type&quot;:1,&quot;localized_price&quot;:{&quot;localized_value&quot;:8.0,&quot;symbol&quot;:&quot;&quot;,&quot;table_id&quot;:&quot;5be9250090b8a6c3caf4cdbc&quot;,&quot;currency_code&quot;:&quot;HKD&quot;},&quot;price&quot;:1,&quot;name&quot;:&quot;Standard Shipping&quot;,&quot;is_express_type&quot;:false,&quot;option_id&quot;:&quot;standard&quot;,&quot;id&quot;:&quot;standard&quot;,&quot;inventory&quot;:50,&quot;selected&quot;:true}],&quot;shipping_countries_string&quot;:&quot;Ships to United States and 52 other countries&quot;,&quot;merchant_rating_count&quot;:1895,&quot;localized_shipping&quot;:{&quot;localized_value&quot;:8.0,&quot;symbol&quot;:&quot;&quot;,&quot;table_id&quot;:&quot;5be9250090b8a6c3caf4cdbc&quot;,&quot;currency_code&quot;:&quot;HKD&quot;},&quot;color_id&quot;:&quot;black &amp; silver&quot;,&quot;removed&quot;:false,&quot;localized_price&quot;:{&quot;localized_value&quot;:16.0,&quot;symbol&quot;:&quot;&quot;,&quot;table_id&quot;:&quot;5be9250090b8a6c3caf4cdbc&quot;,&quot;currency_code&quot;:&quot;HKD&quot;},&quot;variation_id&quot;:&quot;5b0e0f822ea2a264f9170b49&quot;}},&quot;variations&quot;:[{&quot;shipping_price_country_code&quot;:&quot;US&quot;,&quot;merchant_id&quot;:&quot;58d8ec65ebdcec52c62e7a27&quot;,&quot;has_tier_shipping_options&quot;:false,&quot;inventory&quot;:50,&quot;retail_price&quot;:19,&quot;enabled&quot;:true,&quot;shipping&quot;:1,&quot;price&quot;:2,&quot;price_before_personal_price&quot;:2,&quot;product_id&quot;:&quot;5b0e0f822ea2a264f9170b48&quot;,&quot;sequence_id&quot;:2,&quot;size_id&quot;:&quot;Triggers&quot;,&quot;merchant_dp&quot;:&quot;https://s3-us-west-1.amazonaws.com/sweeper-production-merchantimage/default_dp.png&quot;,&quot;merchant_rating_class&quot;:&quot;star star-4-0&quot;,&quot;merchant_rating&quot;:4.200527704485488,&quot;value_in_points&quot;:750,&quot;localized_retail_price&quot;:{&quot;localized_value&quot;:149.0,&quot;symbol&quot;:&quot;&quot;,&quot;table_id&quot;:&quot;5be9250090b8a6c3caf4cdbc&quot;,&quot;currency_code&quot;:&quot;HKD&quot;},&quot;localized_merchant_price&quot;:1.0,&quot;localized_price_before_personal_price&quot;:{&quot;localized_value&quot;:16.0,&quot;symbol&quot;:&quot;&quot;,&quot;table_id&quot;:&quot;5be9250090b8a6c3caf4cdbc&quot;,&quot;currency_code&quot;:&quot;HKD&quot;},&quot;merchant_name&quot;:&quot;kennethewan999&quot;,&quot;merchant&quot;:&quot;kennethewan999&quot;,&quot;shipping_options&quot;:[{&quot;warehouse_type&quot;:1,&quot;localized_price&quot;:{&quot;localized_value&quot;:8.0,&quot;symbol&quot;:&quot;&quot;,&quot;table_id&quot;:&quot;5be9250090b8a6c3caf4cdbc&quot;,&quot;currency_code&quot;:&quot;HKD&quot;},&quot;price&quot;:1,&quot;name&quot;:&quot;Standard Shipping&quot;,&quot;is_express_type&quot;:false,&quot;option_id&quot;:&quot;standard&quot;,&quot;id&quot;:&quot;standard&quot;,&quot;inventory&quot;:50,&quot;selected&quot;:true}],&quot;shipping_countries_string&quot;:&quot;Ships to United States and 52 other countries&quot;,&quot;merchant_rating_count&quot;:1895,&quot;localized_shipping&quot;:{&quot;localized_value&quot;:8.0,&quot;symbol&quot;:&quot;&quot;,&quot;table_id&quot;:&quot;5be9250090b8a6c3caf4cdbc&quot;,&quot;currency_code&quot;:&quot;HKD&quot;},&quot;color_id&quot;:&quot;black &amp; silver&quot;,&quot;removed&quot;:false,&quot;localized_price&quot;:{&quot;localized_value&quot;:16.0,&quot;symbol&quot;:&quot;&quot;,&quot;table_id&quot;:&quot;5be9250090b8a6c3caf4cdbc&quot;,&quot;currency_code&quot;:&quot;HKD&quot;},&quot;variation_id&quot;:&quot;5b0e0f822ea2a264f9170b49&quot;},{&quot;shipping_price_country_code&quot;:&quot;US&quot;,&quot;merchant_id&quot;:&quot;58d8ec65ebdcec52c62e7a27&quot;,&quot;has_tier_shipping_options&quot;:false,&quot;inventory&quot;:50,&quot;retail_price&quot;:19,&quot;enabled&quot;:true,&quot;shipping&quot;:2.0,&quot;price&quot;:8,&quot;price_before_personal_price&quot;:8,&quot;product_id&quot;:&quot;5b0e0f822ea2a264f9170b48&quot;,&quot;sequence_id&quot;:0,&quot;size_id&quot;:&quot;Only handle&quot;,&quot;merchant_dp&quot;:&quot;https://s3-us-west-1.amazonaws.com/sweeper-production-merchantimage/default_dp.png&quot;,&quot;merchant_rating_class&quot;:&quot;star star-4-0&quot;,&quot;merchant_rating&quot;:4.200527704485488,&quot;value_in_points&quot;:2750,&quot;localized_retail_price&quot;:{&quot;localized_value&quot;:149.0,&quot;symbol&quot;:&quot;&quot;,&quot;table_id&quot;:&quot;5be9250090b8a6c3caf4cdbc&quot;,&quot;currency_code&quot;:&quot;HKD&quot;},&quot;localized_merchant_price&quot;:3.0,&quot;localized_price_before_personal_price&quot;:{&quot;localized_value&quot;:63.0,&quot;symbol&quot;:&quot;&quot;,&quot;table_id&quot;:&quot;5be9250090b8a6c3caf4cdbc&quot;,&quot;currency_code&quot;:&quot;HKD&quot;},&quot;merchant_name&quot;:&quot;kennethewan999&quot;,&quot;merchant&quot;:&quot;kennethewan999&quot;,&quot;shipping_options&quot;:[{&quot;warehouse_type&quot;:1,&quot;localized_price&quot;:{&quot;localized_value&quot;:16.0,&quot;symbol&quot;:&quot;&quot;,&quot;table_id&quot;:&quot;5be9250090b8a6c3caf4cdbc&quot;,&quot;currency_code&quot;:&quot;HKD&quot;},&quot;price&quot;:2.0,&quot;name&quot;:&quot;Standard Shipping&quot;,&quot;is_express_type&quot;:false,&quot;option_id&quot;:&quot;standard&quot;,&quot;id&quot;:&quot;standard&quot;,&quot;inventory&quot;:50,&quot;selected&quot;:true}],&quot;shipping_countries_string&quot;:&quot;Ships to United States and 52 other countries&quot;,&quot;merchant_rating_count&quot;:1895,&quot;localized_shipping&quot;:{&quot;localized_value&quot;:16.0,&quot;symbol&quot;:&quot;&quot;,&quot;table_id&quot;:&quot;5be9250090b8a6c3caf4cdbc&quot;,&quot;currency_code&quot;:&quot;HKD&quot;},&quot;color_id&quot;:&quot;black&quot;,&quot;removed&quot;:false,&quot;localized_price&quot;:{&quot;localized_value&quot;:63.0,&quot;symbol&quot;:&quot;&quot;,&quot;table_id&quot;:&quot;5be9250090b8a6c3caf4cdbc&quot;,&quot;currency_code&quot;:&quot;HKD&quot;},&quot;variation_id&quot;:&quot;5b0e0f867d2cfe04658d298f&quot;}],&quot;can_ship_to_location&quot;:false,&quot;logging_fields&quot;:{&quot;log_is_pb&quot;:&quot;0&quot;,&quot;log_product_id&quot;:&quot;5b0e0f822ea2a264f9170b48&quot;,&quot;log_tid&quot;:212,&quot;log_session_id&quot;:&quot;e00693542f50442f806f9463022436d6&quot;,&quot;log_request_id&quot;:&quot;5be9313d98e2193b07035d2b&quot;,&quot;log_request_time&quot;:1542009149,&quot;log_product_price&quot;:&quot;2&quot;},&quot;has_tier_shipping_options&quot;:false,&quot;id&quot;:&quot;5b0e0f822ea2a264f9170b48&quot;,&quot;blocked_shipping_countries&quot;:[],&quot;has_misleading_price&quot;:false},&quot;aspect_ratio&quot;:1.0,&quot;product_url&quot;:&quot;https://www.wish.com/c/5b0e0f822ea2a264f9170b48&quot;,&quot;true_tag_ids&quot;:[&quot;5409ff8f0b642539d49b4b8a&quot;,&quot;54b8349ff8a0b3564716df2b&quot;],&quot;display_picture&quot;:&quot;https://contestimg.wish.com/api/webimage/5b0e0f822ea2a264f9170b48-medium.jpg?cache_buster=8edde34b3adc4d4e61e65bc0895e7c46&quot;,&quot;cache_buster&quot;:&quot;8edde34b3adc4d4e61e65bc0895e7c46&quot;,&quot;merchant_info&quot;:{&quot;image_url&quot;:&quot;https://s3-us-west-1.amazonaws.com/sweeper-production-merchantimage/light_default_dp.png&quot;,&quot;subtitle&quot;:&quot;88% Positive Feedback (1,895 ratings)&quot;,&quot;position&quot;:2,&quot;title&quot;:&quot;kennethewan999&quot;},&quot;contest_selected_picture&quot;:&quot;https://contestimg.wish.com/api/webimage/5b0e0f822ea2a264f9170b48-contest.jpg?cache_buster=8edde34b3adc4d4e61e65bc0895e7c46&quot;,&quot;localized_value&quot;:{&quot;localized_value&quot;:149.0,&quot;symbol&quot;:&quot;&quot;,&quot;table_id&quot;:&quot;5be9250090b8a6c3caf4cdbc&quot;,&quot;currency_code&quot;:&quot;HKD&quot;},&quot;orig_height&quot;:1200,&quot;id&quot;:&quot;5b0e0f822ea2a264f9170b48&quot;,&quot;value&quot;:19,&quot;orig_width&quot;:1200,&quot;is_new&quot;:false,&quot;small_picture&quot;:&quot;https://contestimg.wish.com/api/webimage/5b0e0f822ea2a264f9170b48-small.jpg?cache_buster=8edde34b3adc4d4e61e65bc0895e7c46&quot;,&quot;boost_parameters&quot;:[{&quot;content_type&quot;:1,&quot;contents&quot;:[],&quot;source&quot;:3,&quot;bid&quot;:0.3},{&quot;content_type&quot;:3,&quot;contents&quot;:[],&quot;source&quot;:3,&quot;bid&quot;:0.3},{&quot;content_type&quot;:4,&quot;contents&quot;:[&quot;controller for pubg&quot;,&quot;pubg handle&quot;,&quot;game hand&quot;,&quot;trigger for pubg&quot;],&quot;source&quot;:3,&quot;bid&quot;:0.3},{&quot;content_type&quot;:10,&quot;contents&quot;:[],&quot;source&quot;:3,&quot;bid&quot;:0.3},{&quot;content_type&quot;:11,&quot;contents&quot;:[],&quot;source&quot;:3,&quot;bid&quot;:0.3},{&quot;content_type&quot;:12,&quot;contents&quot;:[],&quot;source&quot;:3,&quot;bid&quot;:0.3},{&quot;content_type&quot;:13,&quot;contents&quot;:[],&quot;source&quot;:3,&quot;bid&quot;:0.3},{&quot;content_type&quot;:14,&quot;contents&quot;:[],&quot;source&quot;:3,&quot;bid&quot;:0.3},{&quot;content_type&quot;:17,&quot;contents&quot;:[],&quot;source&quot;:3,&quot;bid&quot;:0.3}],&quot;should_block_impressions&quot;:false,&quot;num_bought&quot;:1000,&quot;name&quot;:&quot;&quot;,&quot;generation_time&quot;:1542007635,&quot;feed_tile_text&quot;:&quot;1000+ bought this&quot;,&quot;image_phash&quot;:-303638027673848348,&quot;product_should_block_impressions&quot;:false,&quot;product_badges&quot;:[],&quot;contest_page_picture&quot;:&quot;https://contestimg.wish.com/api/webimage/5b0e0f822ea2a264f9170b48-large.jpg?cache_buster=8edde34b3adc4d4e61e65bc0895e7c46&quot;},{&quot;commerce_product_info&quot;:{&quot;shipping_price_country_code&quot;:&quot;US&quot;,&quot;total_inventory&quot;:50,&quot;default_variation_experiment&quot;:{&quot;no-init-max&quot;:{&quot;shipping_price_country_code&quot;:&quot;US&quot;,&quot;original_price&quot;:1,&quot;localized_merchant_cost&quot;:0.85,&quot;merchant_id&quot;:&quot;53e46993d9113931b03379f5&quot;,&quot;experiment_shipping_options&quot;:{&quot;reasonable2&quot;:[{&quot;original_price&quot;:1.0,&quot;warehouse_type&quot;:1,&quot;localized_merchant_cost&quot;:0.85,&quot;cost&quot;:0.85,&quot;localized_merchant_price&quot;:1.0,&quot;is_express_type&quot;:false,&quot;inventory&quot;:218,&quot;price&quot;:1.0,&quot;name&quot;:&quot;Standard Shipping&quot;,&quot;option_id&quot;:&quot;standard&quot;,&quot;id&quot;:&quot;standard&quot;,&quot;selected&quot;:false,&quot;warehouse_id&quot;:&quot;59b84dc66fa88c8a4fc2c02f&quot;}],&quot;max5&quot;:[{&quot;original_price&quot;:1.0,&quot;warehouse_type&quot;:1,&quot;localized_merchant_cost&quot;:0.85,&quot;cost&quot;:0.85,&quot;localized_merchant_price&quot;:1.0,&quot;is_express_type&quot;:false,&quot;inventory&quot;:218,&quot;price&quot;:1.0,&quot;name&quot;:&quot;Standard Shipping&quot;,&quot;option_id&quot;:&quot;standard&quot;,&quot;id&quot;:&quot;standard&quot;,&quot;selected&quot;:false,&quot;warehouse_id&quot;:&quot;59b84dc66fa88c8a4fc2c02f&quot;}],&quot;control&quot;:[{&quot;original_price&quot;:1.0,&quot;warehouse_type&quot;:1,&quot;localized_merchant_cost&quot;:0.85,&quot;cost&quot;:0.85,&quot;localized_merchant_price&quot;:1.0,&quot;is_express_type&quot;:false,&quot;inventory&quot;:218,&quot;price&quot;:1.0,&quot;name&quot;:&quot;Standard Shipping&quot;,&quot;option_id&quot;:&quot;standard&quot;,&quot;id&quot;:&quot;standard&quot;,&quot;selected&quot;:false,&quot;warehouse_id&quot;:&quot;59b84dc66fa88c8a4fc2c02f&quot;}]},&quot;has_tier_shipping_options&quot;:false,&quot;inventory&quot;:218,&quot;retail_price&quot;:16,&quot;enabled&quot;:true,&quot;merchant_price&quot;:1.0,&quot;merchant_is_cost_based&quot;:false,&quot;shipping&quot;:1,&quot;is_strategic_merchant&quot;:false,&quot;merchant_shipping&quot;:1.0,&quot;price&quot;:1,&quot;product_id&quot;:&quot;5a3e0f72552354190c6c1751&quot;,&quot;sequence_id&quot;:0,&quot;size_id&quot;:&quot;S&quot;,&quot;merchant_dp&quot;:&quot;https://s3-us-west-1.amazonaws.com/sweeper-production-merchantimage/default_dp.png&quot;,&quot;merchant_rating_class&quot;:&quot;star star-4-5&quot;,&quot;merchant_rating&quot;:4.274652647390162,&quot;cost&quot;:0.85,&quot;merchant_source_currency&quot;:&quot;USD&quot;,&quot;shipping_cost&quot;:0.85,&quot;is_wish_x_merchant&quot;:false,&quot;localized_merchant_price&quot;:1.0,&quot;merchant_name&quot;:&quot;saihetech&quot;,&quot;merchant&quot;:&quot;TinkSky Beauty Store&quot;,&quot;purchase_count&quot;:307,&quot;shipping_options&quot;:[{&quot;original_price&quot;:1.0,&quot;warehouse_type&quot;:1,&quot;localized_merchant_cost&quot;:0.85,&quot;cost&quot;:0.85,&quot;localized_merchant_price&quot;:1.0,&quot;is_express_type&quot;:false,&quot;inventory&quot;:218,&quot;price&quot;:1.0,&quot;name&quot;:&quot;Standard Shipping&quot;,&quot;option_id&quot;:&quot;standard&quot;,&quot;id&quot;:&quot;standard&quot;,&quot;selected&quot;:false,&quot;warehouse_id&quot;:&quot;59b84dc66fa88c8a4fc2c02f&quot;}],&quot;lifetime_gmv&quot;:773.3781519284735,&quot;shipping_countries_string&quot;:&quot;Ships to United States and 75 other countries&quot;,&quot;merchant_rating_count&quot;:39945,&quot;color_id&quot;:&quot;black&quot;,&quot;merchant_rev_share&quot;:15.0,&quot;removed&quot;:false,&quot;variation_id&quot;:&quot;5a3e0f77eae9ef2f9a290781&quot;,&quot;ships_from&quot;:&quot;Overseas&quot;},&quot;no-init-median&quot;:{&quot;shipping_price_country_code&quot;:&quot;US&quot;,&quot;merchant_id&quot;:&quot;53e46993d9113931b03379f5&quot;,&quot;has_tier_shipping_options&quot;:false,&quot;inventory&quot;:50,&quot;retail_price&quot;:4,&quot;enabled&quot;:true,&quot;shipping&quot;:1,&quot;price&quot;:1,&quot;price_before_personal_price&quot;:1,&quot;product_id&quot;:&quot;5a3e0f72552354190c6c1751&quot;,&quot;sequence_id&quot;:0,&quot;size_id&quot;:&quot;S&quot;,&quot;merchant_dp&quot;:&quot;https://s3-us-west-1.amazonaws.com/sweeper-production-merchantimage/default_dp.png&quot;,&quot;merchant_rating_class&quot;:&quot;star star-4-5&quot;,&quot;merchant_rating&quot;:4.274652647390162,&quot;value_in_points&quot;:500,&quot;localized_retail_price&quot;:{&quot;localized_value&quot;:32.0,&quot;symbol&quot;:&quot;&quot;,&quot;table_id&quot;:&quot;5be9250090b8a6c3caf4cdbc&quot;,&quot;currency_code&quot;:&quot;HKD&quot;},&quot;localized_merchant_price&quot;:1.0,&quot;localized_price_before_personal_price&quot;:{&quot;localized_value&quot;:8.0,&quot;symbol&quot;:&quot;&quot;,&quot;table_id&quot;:&quot;5be9250090b8a6c3caf4cdbc&quot;,&quot;currency_code&quot;:&quot;HKD&quot;},&quot;merchant_name&quot;:&quot;saihetech&quot;,&quot;merchant&quot;:&quot;TinkSky Beauty Store&quot;,&quot;shipping_options&quot;:[{&quot;warehouse_type&quot;:1,&quot;localized_price&quot;:{&quot;localized_value&quot;:8.0,&quot;symbol&quot;:&quot;&quot;,&quot;table_id&quot;:&quot;5be9250090b8a6c3caf4cdbc&quot;,&quot;currency_code&quot;:&quot;HKD&quot;},&quot;price&quot;:1,&quot;name&quot;:&quot;Standard Shipping&quot;,&quot;is_express_type&quot;:false,&quot;option_id&quot;:&quot;standard&quot;,&quot;id&quot;:&quot;standard&quot;,&quot;inventory&quot;:50,&quot;selected&quot;:true}],&quot;shipping_countries_string&quot;:&quot;Ships to United States and 75 other countries&quot;,&quot;merchant_rating_count&quot;:39945,&quot;localized_shipping&quot;:{&quot;localized_value&quot;:8.0,&quot;symbol&quot;:&quot;&quot;,&quot;table_id&quot;:&quot;5be9250090b8a6c3caf4cdbc&quot;,&quot;currency_code&quot;:&quot;HKD&quot;},&quot;color_id&quot;:&quot;royalblue&quot;,&quot;removed&quot;:false,&quot;localized_price&quot;:{&quot;localized_value&quot;:8.0,&quot;symbol&quot;:&quot;&quot;,&quot;table_id&quot;:&quot;5be9250090b8a6c3caf4cdbc&quot;,&quot;currency_code&quot;:&quot;HKD&quot;},&quot;variation_id&quot;:&quot;5a3e0f72552354190c6c1752&quot;,&quot;ships_from&quot;:&quot;Overseas&quot;},&quot;init-max&quot;:{&quot;shipping_price_country_code&quot;:&quot;US&quot;,&quot;original_price&quot;:1,&quot;localized_merchant_cost&quot;:0.85,&quot;merchant_id&quot;:&quot;53e46993d9113931b03379f5&quot;,&quot;experiment_shipping_options&quot;:{&quot;reasonable2&quot;:[{&quot;original_price&quot;:1.0,&quot;warehouse_type&quot;:1,&quot;localized_merchant_cost&quot;:0.85,&quot;cost&quot;:0.85,&quot;localized_merchant_price&quot;:1.0,&quot;is_express_type&quot;:false,&quot;inventory&quot;:218,&quot;price&quot;:1.0,&quot;name&quot;:&quot;Standard Shipping&quot;,&quot;option_id&quot;:&quot;standard&quot;,&quot;id&quot;:&quot;standard&quot;,&quot;selected&quot;:false,&quot;warehouse_id&quot;:&quot;59b84dc66fa88c8a4fc2c02f&quot;}],&quot;max5&quot;:[{&quot;original_price&quot;:1.0,&quot;warehouse_type&quot;:1,&quot;localized_merchant_cost&quot;:0.85,&quot;cost&quot;:0.85,&quot;localized_merchant_price&quot;:1.0,&quot;is_express_type&quot;:false,&quot;inventory&quot;:218,&quot;price&quot;:1.0,&quot;name&quot;:&quot;Standard Shipping&quot;,&quot;option_id&quot;:&quot;standard&quot;,&quot;id&quot;:&quot;standard&quot;,&quot;selected&quot;:false,&quot;warehouse_id&quot;:&quot;59b84dc66fa88c8a4fc2c02f&quot;}],&quot;control&quot;:[{&quot;original_price&quot;:1.0,&quot;warehouse_type&quot;:1,&quot;localized_merchant_cost&quot;:0.85,&quot;cost&quot;:0.85,&quot;localized_merchant_price&quot;:1.0,&quot;is_express_type&quot;:false,&quot;inventory&quot;:218,&quot;price&quot;:1.0,&quot;name&quot;:&quot;Standard Shipping&quot;,&quot;option_id&quot;:&quot;standard&quot;,&quot;id&quot;:&quot;standard&quot;,&quot;selected&quot;:false,&quot;warehouse_id&quot;:&quot;59b84dc66fa88c8a4fc2c02f&quot;}]},&quot;has_tier_shipping_options&quot;:false,&quot;inventory&quot;:218,&quot;retail_price&quot;:16,&quot;enabled&quot;:true,&quot;merchant_price&quot;:1.0,&quot;merchant_is_cost_based&quot;:false,&quot;shipping&quot;:1,&quot;is_strategic_merchant&quot;:false,&quot;merchant_shipping&quot;:1.0,&quot;price&quot;:1,&quot;product_id&quot;:&quot;5a3e0f72552354190c6c1751&quot;,&quot;sequence_id&quot;:0,&quot;size_id&quot;:&quot;S&quot;,&quot;merchant_dp&quot;:&quot;https://s3-us-west-1.amazonaws.com/sweeper-production-merchantimage/default_dp.png&quot;,&quot;merchant_rating_class&quot;:&quot;star star-4-5&quot;,&quot;merchant_rating&quot;:4.274652647390162,&quot;cost&quot;:0.85,&quot;merchant_source_currency&quot;:&quot;USD&quot;,&quot;shipping_cost&quot;:0.85,&quot;is_wish_x_merchant&quot;:false,&quot;localized_merchant_price&quot;:1.0,&quot;merchant_name&quot;:&quot;saihetech&quot;,&quot;merchant&quot;:&quot;TinkSky Beauty Store&quot;,&quot;purchase_count&quot;:307,&quot;shipping_options&quot;:[{&quot;original_price&quot;:1.0,&quot;warehouse_type&quot;:1,&quot;localized_merchant_cost&quot;:0.85,&quot;cost&quot;:0.85,&quot;localized_merchant_price&quot;:1.0,&quot;is_express_type&quot;:false,&quot;inventory&quot;:218,&quot;price&quot;:1.0,&quot;name&quot;:&quot;Standard Shipping&quot;,&quot;option_id&quot;:&quot;standard&quot;,&quot;id&quot;:&quot;standard&quot;,&quot;selected&quot;:false,&quot;warehouse_id&quot;:&quot;59b84dc66fa88c8a4fc2c02f&quot;}],&quot;lifetime_gmv&quot;:773.3781519284735,&quot;shipping_countries_string&quot;:&quot;Ships to United States and 75 other countries&quot;,&quot;merchant_rating_count&quot;:39945,&quot;color_id&quot;:&quot;black&quot;,&quot;merchant_rev_share&quot;:15.0,&quot;removed&quot;:false,&quot;variation_id&quot;:&quot;5a3e0f77eae9ef2f9a290781&quot;,&quot;ships_from&quot;:&quot;Overseas&quot;},&quot;init-median&quot;:{&quot;shipping_price_country_code&quot;:&quot;US&quot;,&quot;merchant_id&quot;:&quot;53e46993d9113931b03379f5&quot;,&quot;has_tier_shipping_options&quot;:false,&quot;inventory&quot;:50,&quot;retail_price&quot;:4,&quot;enabled&quot;:true,&quot;shipping&quot;:1,&quot;price&quot;:1,&quot;price_before_personal_price&quot;:1,&quot;product_id&quot;:&quot;5a3e0f72552354190c6c1751&quot;,&quot;sequence_id&quot;:0,&quot;size_id&quot;:&quot;S&quot;,&quot;merchant_dp&quot;:&quot;https://s3-us-west-1.amazonaws.com/sweeper-production-merchantimage/default_dp.png&quot;,&quot;merchant_rating_class&quot;:&quot;star star-4-5&quot;,&quot;merchant_rating&quot;:4.274652647390162,&quot;value_in_points&quot;:500,&quot;localized_retail_price&quot;:{&quot;localized_value&quot;:32.0,&quot;symbol&quot;:&quot;&quot;,&quot;table_id&quot;:&quot;5be9250090b8a6c3caf4cdbc&quot;,&quot;currency_code&quot;:&quot;HKD&quot;},&quot;localized_merchant_price&quot;:1.0,&quot;localized_price_before_personal_price&quot;:{&quot;localized_value&quot;:8.0,&quot;symbol&quot;:&quot;&quot;,&quot;table_id&quot;:&quot;5be9250090b8a6c3caf4cdbc&quot;,&quot;currency_code&quot;:&quot;HKD&quot;},&quot;merchant_name&quot;:&quot;saihetech&quot;,&quot;merchant&quot;:&quot;TinkSky Beauty Store&quot;,&quot;shipping_options&quot;:[{&quot;warehouse_type&quot;:1,&quot;localized_price&quot;:{&quot;localized_value&quot;:8.0,&quot;symbol&quot;:&quot;&quot;,&quot;table_id&quot;:&quot;5be9250090b8a6c3caf4cdbc&quot;,&quot;currency_code&quot;:&quot;HKD&quot;},&quot;price&quot;:1,&quot;name&quot;:&quot;Standard Shipping&quot;,&quot;is_express_type&quot;:false,&quot;option_id&quot;:&quot;standard&quot;,&quot;id&quot;:&quot;standard&quot;,&quot;inventory&quot;:50,&quot;selected&quot;:true}],&quot;shipping_countries_string&quot;:&quot;Ships to United States and 75 other countries&quot;,&quot;merchant_rating_count&quot;:39945,&quot;localized_shipping&quot;:{&quot;localized_value&quot;:8.0,&quot;symbol&quot;:&quot;&quot;,&quot;table_id&quot;:&quot;5be9250090b8a6c3caf4cdbc&quot;,&quot;currency_code&quot;:&quot;HKD&quot;},&quot;color_id&quot;:&quot;royalblue&quot;,&quot;removed&quot;:false,&quot;localized_price&quot;:{&quot;localized_value&quot;:8.0,&quot;symbol&quot;:&quot;&quot;,&quot;table_id&quot;:&quot;5be9250090b8a6c3caf4cdbc&quot;,&quot;currency_code&quot;:&quot;HKD&quot;},&quot;variation_id&quot;:&quot;5a3e0f72552354190c6c1752&quot;,&quot;ships_from&quot;:&quot;Overseas&quot;}},&quot;variations&quot;:[{&quot;shipping_price_country_code&quot;:&quot;US&quot;,&quot;merchant_id&quot;:&quot;53e46993d9113931b03379f5&quot;,&quot;has_tier_shipping_options&quot;:false,&quot;inventory&quot;:50,&quot;retail_price&quot;:4,&quot;enabled&quot;:true,&quot;shipping&quot;:1,&quot;price&quot;:1,&quot;price_before_personal_price&quot;:1,&quot;product_id&quot;:&quot;5a3e0f72552354190c6c1751&quot;,&quot;sequence_id&quot;:0,&quot;size_id&quot;:&quot;S&quot;,&quot;merchant_dp&quot;:&quot;https://s3-us-west-1.amazonaws.com/sweeper-production-merchantimage/default_dp.png&quot;,&quot;merchant_rating_class&quot;:&quot;star star-4-5&quot;,&quot;merchant_rating&quot;:4.274652647390162,&quot;value_in_points&quot;:500,&quot;localized_retail_price&quot;:{&quot;localized_value&quot;:32.0,&quot;symbol&quot;:&quot;&quot;,&quot;table_id&quot;:&quot;5be9250090b8a6c3caf4cdbc&quot;,&quot;currency_code&quot;:&quot;HKD&quot;},&quot;localized_merchant_price&quot;:1.0,&quot;localized_price_before_personal_price&quot;:{&quot;localized_value&quot;:8.0,&quot;symbol&quot;:&quot;&quot;,&quot;table_id&quot;:&quot;5be9250090b8a6c3caf4cdbc&quot;,&quot;currency_code&quot;:&quot;HKD&quot;},&quot;merchant_name&quot;:&quot;saihetech&quot;,&quot;merchant&quot;:&quot;TinkSky Beauty Store&quot;,&quot;shipping_options&quot;:[{&quot;warehouse_type&quot;:1,&quot;localized_price&quot;:{&quot;localized_value&quot;:8.0,&quot;symbol&quot;:&quot;&quot;,&quot;table_id&quot;:&quot;5be9250090b8a6c3caf4cdbc&quot;,&quot;currency_code&quot;:&quot;HKD&quot;},&quot;price&quot;:1,&quot;name&quot;:&quot;Standard Shipping&quot;,&quot;is_express_type&quot;:false,&quot;option_id&quot;:&quot;standard&quot;,&quot;id&quot;:&quot;standard&quot;,&quot;inventory&quot;:50,&quot;selected&quot;:true}],&quot;shipping_countries_string&quot;:&quot;Ships to United States and 75 other countries&quot;,&quot;merchant_rating_count&quot;:39945,&quot;localized_shipping&quot;:{&quot;localized_value&quot;:8.0,&quot;symbol&quot;:&quot;&quot;,&quot;table_id&quot;:&quot;5be9250090b8a6c3caf4cdbc&quot;,&quot;currency_code&quot;:&quot;HKD&quot;},&quot;color_id&quot;:&quot;royalblue&quot;,&quot;removed&quot;:false,&quot;localized_price&quot;:{&quot;localized_value&quot;:8.0,&quot;symbol&quot;:&quot;&quot;,&quot;table_id&quot;:&quot;5be9250090b8a6c3caf4cdbc&quot;,&quot;currency_code&quot;:&quot;HKD&quot;},&quot;variation_id&quot;:&quot;5a3e0f72552354190c6c1752&quot;,&quot;ships_from&quot;:&quot;Overseas&quot;},{&quot;shipping_price_country_code&quot;:&quot;US&quot;,&quot;merchant_id&quot;:&quot;53e46993d9113931b03379f5&quot;,&quot;has_tier_shipping_options&quot;:false,&quot;inventory&quot;:50,&quot;retail_price&quot;:16,&quot;enabled&quot;:true,&quot;shipping&quot;:1.0,&quot;price&quot;:4,&quot;price_before_personal_price&quot;:4,&quot;product_id&quot;:&quot;5a3e0f72552354190c6c1751&quot;,&quot;sequence_id&quot;:0,&quot;size_id&quot;:&quot;L&quot;,&quot;merchant_dp&quot;:&quot;https://s3-us-west-1.amazonaws.com/sweeper-production-merchantimage/default_dp.png&quot;,&quot;merchant_rating_class&quot;:&quot;star star-4-5&quot;,&quot;merchant_rating&quot;:4.274652647390162,&quot;value_in_points&quot;:1500,&quot;localized_retail_price&quot;:{&quot;localized_value&quot;:126.0,&quot;symbol&quot;:&quot;&quot;,&quot;table_id&quot;:&quot;5be9250090b8a6c3caf4cdbc&quot;,&quot;currency_code&quot;:&quot;HKD&quot;},&quot;localized_merchant_price&quot;:2.0,&quot;localized_price_before_personal_price&quot;:{&quot;localized_value&quot;:32.0,&quot;symbol&quot;:&quot;&quot;,&quot;table_id&quot;:&quot;5be9250090b8a6c3caf4cdbc&quot;,&quot;currency_code&quot;:&quot;HKD&quot;},&quot;merchant_name&quot;:&quot;saihetech&quot;,&quot;merchant&quot;:&quot;TinkSky Beauty Store&quot;,&quot;shipping_options&quot;:[{&quot;warehouse_type&quot;:1,&quot;localized_price&quot;:{&quot;localized_value&quot;:8.0,&quot;symbol&quot;:&quot;&quot;,&quot;table_id&quot;:&quot;5be9250090b8a6c3caf4cdbc&quot;,&quot;currency_code&quot;:&quot;HKD&quot;},&quot;price&quot;:1.0,&quot;name&quot;:&quot;Standard Shipping&quot;,&quot;is_express_type&quot;:false,&quot;option_id&quot;:&quot;standard&quot;,&quot;id&quot;:&quot;standard&quot;,&quot;inventory&quot;:50,&quot;selected&quot;:true}],&quot;shipping_countries_string&quot;:&quot;Ships to United States and 75 other countries&quot;,&quot;merchant_rating_count&quot;:39945,&quot;localized_shipping&quot;:{&quot;localized_value&quot;:8.0,&quot;symbol&quot;:&quot;&quot;,&quot;table_id&quot;:&quot;5be9250090b8a6c3caf4cdbc&quot;,&quot;currency_code&quot;:&quot;HKD&quot;},&quot;color_id&quot;:&quot;black&quot;,&quot;removed&quot;:false,&quot;localized_price&quot;:{&quot;localized_value&quot;:32.0,&quot;symbol&quot;:&quot;&quot;,&quot;table_id&quot;:&quot;5be9250090b8a6c3caf4cdbc&quot;,&quot;currency_code&quot;:&quot;HKD&quot;},&quot;variation_id&quot;:&quot;5a3e0f7dcd0e6867293ab80f&quot;,&quot;ships_from&quot;:&quot;Overseas&quot;}],&quot;can_ship_to_location&quot;:false,&quot;logging_fields&quot;:{&quot;log_is_pb&quot;:&quot;0&quot;,&quot;log_product_id&quot;:&quot;5a3e0f72552354190c6c1751&quot;,&quot;log_tid&quot;:212,&quot;log_session_id&quot;:&quot;e00693542f50442f806f9463022436d6&quot;,&quot;log_request_id&quot;:&quot;5be9313d98e2193b07035d2b&quot;,&quot;log_request_time&quot;:1542009149,&quot;log_product_price&quot;:&quot;1&quot;},&quot;has_tier_shipping_options&quot;:false,&quot;id&quot;:&quot;5a3e0f72552354190c6c1751&quot;,&quot;blocked_shipping_countries&quot;:[],&quot;has_misleading_price&quot;:false},&quot;aspect_ratio&quot;:1.0,&quot;product_url&quot;:&quot;https://www.wish.com/c/5a3e0f72552354190c6c1751&quot;,&quot;true_tag_ids&quot;:[&quot;5406282f0b64256288412756&quot;],&quot;display_picture&quot;:&quot;https://contestimg.wish.com/api/webimage/5a3e0f72552354190c6c1751-medium.jpg?cache_buster=1e22440a19aefe310caa79cf01402ac3&quot;,&quot;cache_buster&quot;:&quot;1e22440a19aefe310caa79cf01402ac3&quot;,&quot;merchant_info&quot;:{&quot;image_url&quot;:&quot;https://s3-us-west-1.amazonaws.com/sweeper-production-merchantimage/light_default_dp.png&quot;,&quot;subtitle&quot;:&quot;90% Positive Feedback (39,945 ratings)&quot;,&quot;position&quot;:2,&quot;title&quot;:&quot;TinkSky Beauty Store&quot;},&quot;contest_selected_picture&quot;:&quot;https://contestimg.wish.com/api/webimage/5a3e0f72552354190c6c1751-contest.jpg?cache_buster=1e22440a19aefe310caa79cf01402ac3&quot;,&quot;localized_value&quot;:{&quot;localized_value&quot;:32.0,&quot;symbol&quot;:&quot;&quot;,&quot;table_id&quot;:&quot;5be9250090b8a6c3caf4cdbc&quot;,&quot;currency_code&quot;:&quot;HKD&quot;},&quot;orig_height&quot;:600,&quot;id&quot;:&quot;5a3e0f72552354190c6c1751&quot;,&quot;value&quot;:4,&quot;orig_width&quot;:600,&quot;is_new&quot;:false,&quot;small_picture&quot;:&quot;https://contestimg.wish.com/api/webimage/5a3e0f72552354190c6c1751-small.jpg?cache_buster=1e22440a19aefe310caa79cf01402ac3&quot;,&quot;boost_parameters&quot;:[],&quot;should_block_impressions&quot;:false,&quot;num_bought&quot;:1000,&quot;name&quot;:&quot;&quot;,&quot;generation_time&quot;:1542007619,&quot;feed_tile_text&quot;:&quot;1000+ bought this&quot;,&quot;product_should_block_impressions&quot;:false,&quot;image_phash&quot;:-1482577069023611923,&quot;product_badges&quot;:[],&quot;contest_page_picture&quot;:&quot;https://contestimg.wish.com/api/webimage/5a3e0f72552354190c6c1751-large.jpg?cache_buster=1e22440a19aefe310caa79cf01402ac3&quot;},{&quot;commerce_product_info&quot;:{&quot;shipping_price_country_code&quot;:&quot;US&quot;,&quot;total_inventory&quot;:50,&quot;default_variation_experiment&quot;:{&quot;no-init-max&quot;:{&quot;shipping_price_country_code&quot;:&quot;US&quot;,&quot;merchant_id&quot;:&quot;5a33a2cead472332548cbb1c&quot;,&quot;has_tier_shipping_options&quot;:false,&quot;inventory&quot;:50,&quot;retail_price&quot;:7,&quot;enabled&quot;:true,&quot;shipping&quot;:1.0,&quot;price&quot;:3,&quot;price_before_personal_price&quot;:3,&quot;product_id&quot;:&quot;5a424dc75983514c2316e247&quot;,&quot;sequence_id&quot;:0,&quot;merchant_dp&quot;:&quot;https://s3-us-west-1.amazonaws.com/sweeper-production-merchantimage/default_dp.png&quot;,&quot;merchant_rating_class&quot;:&quot;star star-4-5&quot;,&quot;merchant_rating&quot;:4.421808960270499,&quot;value_in_points&quot;:1000,&quot;localized_retail_price&quot;:{&quot;localized_value&quot;:55.0,&quot;symbol&quot;:&quot;&quot;,&quot;table_id&quot;:&quot;5be9250090b8a6c3caf4cdbc&quot;,&quot;currency_code&quot;:&quot;HKD&quot;},&quot;localized_merchant_price&quot;:1.0,&quot;localized_price_before_personal_price&quot;:{&quot;localized_value&quot;:24.0,&quot;symbol&quot;:&quot;&quot;,&quot;table_id&quot;:&quot;5be9250090b8a6c3caf4cdbc&quot;,&quot;currency_code&quot;:&quot;HKD&quot;},&quot;merchant_name&quot;:&quot;fashion_boom&quot;,&quot;merchant&quot;:&quot;Fashion_BOB&quot;,&quot;shipping_options&quot;:[{&quot;warehouse_type&quot;:1,&quot;localized_price&quot;:{&quot;localized_value&quot;:8.0,&quot;symbol&quot;:&quot;&quot;,&quot;table_id&quot;:&quot;5be9250090b8a6c3caf4cdbc&quot;,&quot;currency_code&quot;:&quot;HKD&quot;},&quot;price&quot;:1.0,&quot;name&quot;:&quot;Standard Shipping&quot;,&quot;is_express_type&quot;:false,&quot;option_id&quot;:&quot;standard&quot;,&quot;id&quot;:&quot;standard&quot;,&quot;inventory&quot;:50,&quot;selected&quot;:true}],&quot;shipping_countries_string&quot;:&quot;Ships to United States and 62 other countries&quot;,&quot;merchant_rating_count&quot;:1183,&quot;localized_shipping&quot;:{&quot;localized_value&quot;:8.0,&quot;symbol&quot;:&quot;&quot;,&quot;table_id&quot;:&quot;5be9250090b8a6c3caf4cdbc&quot;,&quot;currency_code&quot;:&quot;HKD&quot;},&quot;color_id&quot;:&quot;black&quot;,&quot;removed&quot;:false,&quot;localized_price&quot;:{&quot;localized_value&quot;:24.0,&quot;symbol&quot;:&quot;&quot;,&quot;table_id&quot;:&quot;5be9250090b8a6c3caf4cdbc&quot;,&quot;currency_code&quot;:&quot;HKD&quot;},&quot;variation_id&quot;:&quot;5a424dc8eceb0867ab43a433&quot;},&quot;no-init-median&quot;:{&quot;shipping_price_country_code&quot;:&quot;US&quot;,&quot;merchant_id&quot;:&quot;5a33a2cead472332548cbb1c&quot;,&quot;has_tier_shipping_options&quot;:false,&quot;inventory&quot;:50,&quot;retail_price&quot;:7,&quot;enabled&quot;:true,&quot;shipping&quot;:1.0,&quot;price&quot;:3,&quot;price_before_personal_price&quot;:3,&quot;product_id&quot;:&quot;5a424dc75983514c2316e247&quot;,&quot;sequence_id&quot;:0,&quot;merchant_dp&quot;:&quot;https://s3-us-west-1.amazonaws.com/sweeper-production-merchantimage/default_dp.png&quot;,&quot;merchant_rating_class&quot;:&quot;star star-4-5&quot;,&quot;merchant_rating&quot;:4.421808960270499,&quot;value_in_points&quot;:1000,&quot;localized_retail_price&quot;:{&quot;localized_value&quot;:55.0,&quot;symbol&quot;:&quot;&quot;,&quot;table_id&quot;:&quot;5be9250090b8a6c3caf4cdbc&quot;,&quot;currency_code&quot;:&quot;HKD&quot;},&quot;localized_merchant_price&quot;:1.0,&quot;localized_price_before_personal_price&quot;:{&quot;localized_value&quot;:24.0,&quot;symbol&quot;:&quot;&quot;,&quot;table_id&quot;:&quot;5be9250090b8a6c3caf4cdbc&quot;,&quot;currency_code&quot;:&quot;HKD&quot;},&quot;merchant_name&quot;:&quot;fashion_boom&quot;,&quot;merchant&quot;:&quot;Fashion_BOB&quot;,&quot;shipping_options&quot;:[{&quot;warehouse_type&quot;:1,&quot;localized_price&quot;:{&quot;localized_value&quot;:8.0,&quot;symbol&quot;:&quot;&quot;,&quot;table_id&quot;:&quot;5be9250090b8a6c3caf4cdbc&quot;,&quot;currency_code&quot;:&quot;HKD&quot;},&quot;price&quot;:1.0,&quot;name&quot;:&quot;Standard Shipping&quot;,&quot;is_express_type&quot;:false,&quot;option_id&quot;:&quot;standard&quot;,&quot;id&quot;:&quot;standard&quot;,&quot;inventory&quot;:50,&quot;selected&quot;:true}],&quot;shipping_countries_string&quot;:&quot;Ships to United States and 62 other countries&quot;,&quot;merchant_rating_count&quot;:1183,&quot;localized_shipping&quot;:{&quot;localized_value&quot;:8.0,&quot;symbol&quot;:&quot;&quot;,&quot;table_id&quot;:&quot;5be9250090b8a6c3caf4cdbc&quot;,&quot;currency_code&quot;:&quot;HKD&quot;},&quot;color_id&quot;:&quot;red&quot;,&quot;removed&quot;:false,&quot;localized_price&quot;:{&quot;localized_value&quot;:24.0,&quot;symbol&quot;:&quot;&quot;,&quot;table_id&quot;:&quot;5be9250090b8a6c3caf4cdbc&quot;,&quot;currency_code&quot;:&quot;HKD&quot;},&quot;variation_id&quot;:&quot;5a424dc75983514c2316e248&quot;},&quot;init-max&quot;:{&quot;shipping_price_country_code&quot;:&quot;US&quot;,&quot;merchant_id&quot;:&quot;5a33a2cead472332548cbb1c&quot;,&quot;has_tier_shipping_options&quot;:false,&quot;inventory&quot;:50,&quot;retail_price&quot;:7,&quot;enabled&quot;:true,&quot;shipping&quot;:1.0,&quot;price&quot;:3,&quot;price_before_personal_price&quot;:3,&quot;product_id&quot;:&quot;5a424dc75983514c2316e247&quot;,&quot;sequence_id&quot;:0,&quot;merchant_dp&quot;:&quot;https://s3-us-west-1.amazonaws.com/sweeper-production-merchantimage/default_dp.png&quot;,&quot;merchant_rating_class&quot;:&quot;star star-4-5&quot;,&quot;merchant_rating&quot;:4.421808960270499,&quot;value_in_points&quot;:1000,&quot;localized_retail_price&quot;:{&quot;localized_value&quot;:55.0,&quot;symbol&quot;:&quot;&quot;,&quot;table_id&quot;:&quot;5be9250090b8a6c3caf4cdbc&quot;,&quot;currency_code&quot;:&quot;HKD&quot;},&quot;localized_merchant_price&quot;:1.0,&quot;localized_price_before_personal_price&quot;:{&quot;localized_value&quot;:24.0,&quot;symbol&quot;:&quot;&quot;,&quot;table_id&quot;:&quot;5be9250090b8a6c3caf4cdbc&quot;,&quot;currency_code&quot;:&quot;HKD&quot;},&quot;merchant_name&quot;:&quot;fashion_boom&quot;,&quot;merchant&quot;:&quot;Fashion_BOB&quot;,&quot;shipping_options&quot;:[{&quot;warehouse_type&quot;:1,&quot;localized_price&quot;:{&quot;localized_value&quot;:8.0,&quot;symbol&quot;:&quot;&quot;,&quot;table_id&quot;:&quot;5be9250090b8a6c3caf4cdbc&quot;,&quot;currency_code&quot;:&quot;HKD&quot;},&quot;price&quot;:1.0,&quot;name&quot;:&quot;Standard Shipping&quot;,&quot;is_express_type&quot;:false,&quot;option_id&quot;:&quot;standard&quot;,&quot;id&quot;:&quot;standard&quot;,&quot;inventory&quot;:50,&quot;selected&quot;:true}],&quot;shipping_countries_string&quot;:&quot;Ships to United States and 62 other countries&quot;,&quot;merchant_rating_count&quot;:1183,&quot;localized_shipping&quot;:{&quot;localized_value&quot;:8.0,&quot;symbol&quot;:&quot;&quot;,&quot;table_id&quot;:&quot;5be9250090b8a6c3caf4cdbc&quot;,&quot;currency_code&quot;:&quot;HKD&quot;},&quot;color_id&quot;:&quot;black&quot;,&quot;removed&quot;:false,&quot;localized_price&quot;:{&quot;localized_value&quot;:24.0,&quot;symbol&quot;:&quot;&quot;,&quot;table_id&quot;:&quot;5be9250090b8a6c3caf4cdbc&quot;,&quot;currency_code&quot;:&quot;HKD&quot;},&quot;variation_id&quot;:&quot;5a424dc8eceb0867ab43a433&quot;},&quot;init-median&quot;:{&quot;shipping_price_country_code&quot;:&quot;US&quot;,&quot;merchant_id&quot;:&quot;5a33a2cead472332548cbb1c&quot;,&quot;has_tier_shipping_options&quot;:false,&quot;inventory&quot;:50,&quot;retail_price&quot;:7,&quot;enabled&quot;:true,&quot;shipping&quot;:1.0,&quot;price&quot;:3,&quot;price_before_personal_price&quot;:3,&quot;product_id&quot;:&quot;5a424dc75983514c2316e247&quot;,&quot;sequence_id&quot;:0,&quot;merchant_dp&quot;:&quot;https://s3-us-west-1.amazonaws.com/sweeper-production-merchantimage/default_dp.png&quot;,&quot;merchant_rating_class&quot;:&quot;star star-4-5&quot;,&quot;merchant_rating&quot;:4.421808960270499,&quot;value_in_points&quot;:1000,&quot;localized_retail_price&quot;:{&quot;localized_value&quot;:55.0,&quot;symbol&quot;:&quot;&quot;,&quot;table_id&quot;:&quot;5be9250090b8a6c3caf4cdbc&quot;,&quot;currency_code&quot;:&quot;HKD&quot;},&quot;localized_merchant_price&quot;:1.0,&quot;localized_price_before_personal_price&quot;:{&quot;localized_value&quot;:24.0,&quot;symbol&quot;:&quot;&quot;,&quot;table_id&quot;:&quot;5be9250090b8a6c3caf4cdbc&quot;,&quot;currency_code&quot;:&quot;HKD&quot;},&quot;merchant_name&quot;:&quot;fashion_boom&quot;,&quot;merchant&quot;:&quot;Fashion_BOB&quot;,&quot;shipping_options&quot;:[{&quot;warehouse_type&quot;:1,&quot;localized_price&quot;:{&quot;localized_value&quot;:8.0,&quot;symbol&quot;:&quot;&quot;,&quot;table_id&quot;:&quot;5be9250090b8a6c3caf4cdbc&quot;,&quot;currency_code&quot;:&quot;HKD&quot;},&quot;price&quot;:1.0,&quot;name&quot;:&quot;Standard Shipping&quot;,&quot;is_express_type&quot;:false,&quot;option_id&quot;:&quot;standard&quot;,&quot;id&quot;:&quot;standard&quot;,&quot;inventory&quot;:50,&quot;selected&quot;:true}],&quot;shipping_countries_string&quot;:&quot;Ships to United States and 62 other countries&quot;,&quot;merchant_rating_count&quot;:1183,&quot;localized_shipping&quot;:{&quot;localized_value&quot;:8.0,&quot;symbol&quot;:&quot;&quot;,&quot;table_id&quot;:&quot;5be9250090b8a6c3caf4cdbc&quot;,&quot;currency_code&quot;:&quot;HKD&quot;},&quot;color_id&quot;:&quot;red&quot;,&quot;removed&quot;:false,&quot;localized_price&quot;:{&quot;localized_value&quot;:24.0,&quot;symbol&quot;:&quot;&quot;,&quot;table_id&quot;:&quot;5be9250090b8a6c3caf4cdbc&quot;,&quot;currency_code&quot;:&quot;HKD&quot;},&quot;variation_id&quot;:&quot;5a424dc75983514c2316e248&quot;}},&quot;variations&quot;:[{&quot;shipping_price_country_code&quot;:&quot;US&quot;,&quot;merchant_id&quot;:&quot;5a33a2cead472332548cbb1c&quot;,&quot;has_tier_shipping_options&quot;:false,&quot;inventory&quot;:50,&quot;retail_price&quot;:7,&quot;enabled&quot;:true,&quot;shipping&quot;:1.0,&quot;price&quot;:3,&quot;price_before_personal_price&quot;:3,&quot;product_id&quot;:&quot;5a424dc75983514c2316e247&quot;,&quot;sequence_id&quot;:0,&quot;merchant_dp&quot;:&quot;https://s3-us-west-1.amazonaws.com/sweeper-production-merchantimage/default_dp.png&quot;,&quot;merchant_rating_class&quot;:&quot;star star-4-5&quot;,&quot;merchant_rating&quot;:4.421808960270499,&quot;value_in_points&quot;:1000,&quot;localized_retail_price&quot;:{&quot;localized_value&quot;:55.0,&quot;symbol&quot;:&quot;&quot;,&quot;table_id&quot;:&quot;5be9250090b8a6c3caf4cdbc&quot;,&quot;currency_code&quot;:&quot;HKD&quot;},&quot;localized_merchant_price&quot;:1.0,&quot;localized_price_before_personal_price&quot;:{&quot;localized_value&quot;:24.0,&quot;symbol&quot;:&quot;&quot;,&quot;table_id&quot;:&quot;5be9250090b8a6c3caf4cdbc&quot;,&quot;currency_code&quot;:&quot;HKD&quot;},&quot;merchant_name&quot;:&quot;fashion_boom&quot;,&quot;merchant&quot;:&quot;Fashion_BOB&quot;,&quot;shipping_options&quot;:[{&quot;warehouse_type&quot;:1,&quot;localized_price&quot;:{&quot;localized_value&quot;:8.0,&quot;symbol&quot;:&quot;&quot;,&quot;table_id&quot;:&quot;5be9250090b8a6c3caf4cdbc&quot;,&quot;currency_code&quot;:&quot;HKD&quot;},&quot;price&quot;:1.0,&quot;name&quot;:&quot;Standard Shipping&quot;,&quot;is_express_type&quot;:false,&quot;option_id&quot;:&quot;standard&quot;,&quot;id&quot;:&quot;standard&quot;,&quot;inventory&quot;:50,&quot;selected&quot;:true}],&quot;shipping_countries_string&quot;:&quot;Ships to United States and 62 other countries&quot;,&quot;merchant_rating_count&quot;:1183,&quot;localized_shipping&quot;:{&quot;localized_value&quot;:8.0,&quot;symbol&quot;:&quot;&quot;,&quot;table_id&quot;:&quot;5be9250090b8a6c3caf4cdbc&quot;,&quot;currency_code&quot;:&quot;HKD&quot;},&quot;color_id&quot;:&quot;red&quot;,&quot;removed&quot;:false,&quot;localized_price&quot;:{&quot;localized_value&quot;:24.0,&quot;symbol&quot;:&quot;&quot;,&quot;table_id&quot;:&quot;5be9250090b8a6c3caf4cdbc&quot;,&quot;currency_code&quot;:&quot;HKD&quot;},&quot;variation_id&quot;:&quot;5a424dc75983514c2316e248&quot;},{&quot;shipping_price_country_code&quot;:&quot;US&quot;,&quot;merchant_id&quot;:&quot;5a33a2cead472332548cbb1c&quot;,&quot;has_tier_shipping_options&quot;:false,&quot;inventory&quot;:50,&quot;retail_price&quot;:7,&quot;enabled&quot;:true,&quot;shipping&quot;:1.0,&quot;price&quot;:3,&quot;price_before_personal_price&quot;:3,&quot;product_id&quot;:&quot;5a424dc75983514c2316e247&quot;,&quot;sequence_id&quot;:0,&quot;merchant_dp&quot;:&quot;https://s3-us-west-1.amazonaws.com/sweeper-production-merchantimage/default_dp.png&quot;,&quot;merchant_rating_class&quot;:&quot;star star-4-5&quot;,&quot;merchant_rating&quot;:4.421808960270499,&quot;value_in_points&quot;:1000,&quot;localized_retail_price&quot;:{&quot;localized_value&quot;:55.0,&quot;symbol&quot;:&quot;&quot;,&quot;table_id&quot;:&quot;5be9250090b8a6c3caf4cdbc&quot;,&quot;currency_code&quot;:&quot;HKD&quot;},&quot;localized_merchant_price&quot;:1.0,&quot;localized_price_before_personal_price&quot;:{&quot;localized_value&quot;:24.0,&quot;symbol&quot;:&quot;&quot;,&quot;table_id&quot;:&quot;5be9250090b8a6c3caf4cdbc&quot;,&quot;currency_code&quot;:&quot;HKD&quot;},&quot;merchant_name&quot;:&quot;fashion_boom&quot;,&quot;merchant&quot;:&quot;Fashion_BOB&quot;,&quot;shipping_options&quot;:[{&quot;warehouse_type&quot;:1,&quot;localized_price&quot;:{&quot;localized_value&quot;:8.0,&quot;symbol&quot;:&quot;&quot;,&quot;table_id&quot;:&quot;5be9250090b8a6c3caf4cdbc&quot;,&quot;currency_code&quot;:&quot;HKD&quot;},&quot;price&quot;:1.0,&quot;name&quot;:&quot;Standard Shipping&quot;,&quot;is_express_type&quot;:false,&quot;option_id&quot;:&quot;standard&quot;,&quot;id&quot;:&quot;standard&quot;,&quot;inventory&quot;:50,&quot;selected&quot;:true}],&quot;shipping_countries_string&quot;:&quot;Ships to United States and 62 other countries&quot;,&quot;merchant_rating_count&quot;:1183,&quot;localized_shipping&quot;:{&quot;localized_value&quot;:8.0,&quot;symbol&quot;:&quot;&quot;,&quot;table_id&quot;:&quot;5be9250090b8a6c3caf4cdbc&quot;,&quot;currency_code&quot;:&quot;HKD&quot;},&quot;color_id&quot;:&quot;black&quot;,&quot;removed&quot;:false,&quot;localized_price&quot;:{&quot;localized_value&quot;:24.0,&quot;symbol&quot;:&quot;&quot;,&quot;table_id&quot;:&quot;5be9250090b8a6c3caf4cdbc&quot;,&quot;currency_code&quot;:&quot;HKD&quot;},&quot;variation_id&quot;:&quot;5a424dc8eceb0867ab43a433&quot;}],&quot;can_ship_to_location&quot;:false,&quot;logging_fields&quot;:{&quot;log_is_pb&quot;:&quot;0&quot;,&quot;log_product_id&quot;:&quot;5a424dc75983514c2316e247&quot;,&quot;log_tid&quot;:212,&quot;log_session_id&quot;:&quot;e00693542f50442f806f9463022436d6&quot;,&quot;log_request_id&quot;:&quot;5be9313d98e2193b07035d2b&quot;,&quot;log_request_time&quot;:1542009149,&quot;log_product_price&quot;:&quot;3&quot;},&quot;has_tier_shipping_options&quot;:false,&quot;id&quot;:&quot;5a424dc75983514c2316e247&quot;,&quot;blocked_shipping_countries&quot;:[],&quot;has_misleading_price&quot;:false},&quot;aspect_ratio&quot;:1.0,&quot;product_url&quot;:&quot;https://www.wish.com/c/5a424dc75983514c2316e247&quot;,&quot;true_tag_ids&quot;:[&quot;54d11815601ef3425f3e3dfa&quot;],&quot;display_picture&quot;:&quot;https://contestimg.wish.com/api/webimage/5a424dc75983514c2316e247-medium.jpg?cache_buster=86816e74f8c9ff2cdb37def603c648d7&quot;,&quot;cache_buster&quot;:&quot;86816e74f8c9ff2cdb37def603c648d7&quot;,&quot;merchant_info&quot;:{&quot;image_url&quot;:&quot;https://s3-us-west-1.amazonaws.com/sweeper-production-merchantimage/light_default_dp.png&quot;,&quot;subtitle&quot;:&quot;94% Positive Feedback (1,183 ratings)&quot;,&quot;position&quot;:2,&quot;title&quot;:&quot;Fashion_BOB&quot;},&quot;contest_selected_picture&quot;:&quot;https://contestimg.wish.com/api/webimage/5a424dc75983514c2316e247-contest.jpg?cache_buster=86816e74f8c9ff2cdb37def603c648d7&quot;,&quot;localized_value&quot;:{&quot;localized_value&quot;:55.0,&quot;symbol&quot;:&quot;&quot;,&quot;table_id&quot;:&quot;5be9250090b8a6c3caf4cdbc&quot;,&quot;currency_code&quot;:&quot;HKD&quot;},&quot;orig_height&quot;:800,&quot;id&quot;:&quot;5a424dc75983514c2316e247&quot;,&quot;value&quot;:7,&quot;orig_width&quot;:800,&quot;is_new&quot;:false,&quot;small_picture&quot;:&quot;https://contestimg.wish.com/api/webimage/5a424dc75983514c2316e247-small.jpg?cache_buster=86816e74f8c9ff2cdb37def603c648d7&quot;,&quot;urgency_text&quot;:&quot;Almost Gone!&quot;,&quot;boost_parameters&quot;:[],&quot;should_block_impressions&quot;:false,&quot;num_bought&quot;:1000,&quot;name&quot;:&quot;&quot;,&quot;generation_time&quot;:1542007620,&quot;feed_tile_text&quot;:&quot;1000+ bought this&quot;,&quot;product_should_block_impressions&quot;:false,&quot;image_phash&quot;:-3779218008690706236,&quot;product_badges&quot;:[],&quot;contest_page_picture&quot;:&quot;https://contestimg.wish.com/api/webimage/5a424dc75983514c2316e247-large.jpg?cache_buster=86816e74f8c9ff2cdb37def603c648d7&quot;},{&quot;commerce_product_info&quot;:{&quot;shipping_price_country_code&quot;:&quot;US&quot;,&quot;total_inventory&quot;:50,&quot;default_variation_experiment&quot;:{&quot;no-init-max&quot;:{&quot;shipping_price_country_code&quot;:&quot;US&quot;,&quot;original_price&quot;:27,&quot;localized_merchant_cost&quot;:22.95,&quot;merchant_id&quot;:&quot;581d51b0e28cba4cf68498e0&quot;,&quot;experiment_shipping_options&quot;:{&quot;reasonable2&quot;:[{&quot;original_price&quot;:6.0,&quot;warehouse_type&quot;:1,&quot;localized_merchant_cost&quot;:5.1,&quot;cost&quot;:5.1,&quot;localized_merchant_price&quot;:6.0,&quot;is_express_type&quot;:false,&quot;inventory&quot;:17,&quot;price&quot;:6.0,&quot;name&quot;:&quot;Standard Shipping&quot;,&quot;option_id&quot;:&quot;standard&quot;,&quot;id&quot;:&quot;standard&quot;,&quot;selected&quot;:false,&quot;warehouse_id&quot;:&quot;5ae3409fc0aaeb763e32f4fd&quot;}],&quot;max5&quot;:[{&quot;original_price&quot;:6.0,&quot;warehouse_type&quot;:1,&quot;localized_merchant_cost&quot;:5.1,&quot;cost&quot;:5.1,&quot;localized_merchant_price&quot;:6.0,&quot;is_express_type&quot;:false,&quot;inventory&quot;:17,&quot;price&quot;:6.0,&quot;name&quot;:&quot;Standard Shipping&quot;,&quot;option_id&quot;:&quot;standard&quot;,&quot;id&quot;:&quot;standard&quot;,&quot;selected&quot;:false,&quot;warehouse_id&quot;:&quot;5ae3409fc0aaeb763e32f4fd&quot;}],&quot;control&quot;:[{&quot;original_price&quot;:6.0,&quot;warehouse_type&quot;:1,&quot;localized_merchant_cost&quot;:5.1,&quot;cost&quot;:5.1,&quot;localized_merchant_price&quot;:6.0,&quot;is_express_type&quot;:false,&quot;inventory&quot;:17,&quot;price&quot;:6.0,&quot;name&quot;:&quot;Standard Shipping&quot;,&quot;option_id&quot;:&quot;standard&quot;,&quot;id&quot;:&quot;standard&quot;,&quot;selected&quot;:false,&quot;warehouse_id&quot;:&quot;5ae3409fc0aaeb763e32f4fd&quot;}]},&quot;has_tier_shipping_options&quot;:false,&quot;inventory&quot;:17,&quot;retail_price&quot;:400,&quot;enabled&quot;:true,&quot;merchant_price&quot;:27.0,&quot;merchant_is_cost_based&quot;:false,&quot;shipping&quot;:6,&quot;is_strategic_merchant&quot;:false,&quot;merchant_shipping&quot;:6.0,&quot;price&quot;:27,&quot;product_id&quot;:&quot;590aa2984331762a053a6847&quot;,&quot;sequence_id&quot;:0,&quot;size_id&quot;:&quot;32&quot;,&quot;merchant_dp&quot;:&quot;https://s3-us-west-1.amazonaws.com/sweeper-production-merchantimage/dp_581d51b0e28cba4cf68498e0.jpg&quot;,&quot;merchant_rating_class&quot;:&quot;star star-4-0&quot;,&quot;merchant_rating&quot;:4.169736842105263,&quot;cost&quot;:22.95,&quot;merchant_source_currency&quot;:&quot;USD&quot;,&quot;shipping_cost&quot;:5.1,&quot;is_wish_x_merchant&quot;:false,&quot;localized_merchant_price&quot;:27.0,&quot;merchant_name&quot;:&quot;newsosoostore&quot;,&quot;merchant&quot;:&quot;Newsosoo  store&quot;,&quot;purchase_count&quot;:509,&quot;shipping_options&quot;:[{&quot;original_price&quot;:6.0,&quot;warehouse_type&quot;:1,&quot;localized_merchant_cost&quot;:5.1,&quot;cost&quot;:5.1,&quot;localized_merchant_price&quot;:6.0,&quot;is_express_type&quot;:false,&quot;inventory&quot;:17,&quot;price&quot;:6.0,&quot;name&quot;:&quot;Standard Shipping&quot;,&quot;option_id&quot;:&quot;standard&quot;,&quot;id&quot;:&quot;standard&quot;,&quot;selected&quot;:false,&quot;warehouse_id&quot;:&quot;5ae3409fc0aaeb763e32f4fd&quot;}],&quot;lifetime_gmv&quot;:18892.417857407625,&quot;shipping_countries_string&quot;:&quot;Ships to United States and 33 other countries&quot;,&quot;merchant_rating_count&quot;:1520,&quot;color_id&quot;:&quot;dark blue&quot;,&quot;merchant_rev_share&quot;:15.0,&quot;removed&quot;:false,&quot;variation_id&quot;:&quot;590aa29f98281c6c502ffc8a&quot;},&quot;no-init-median&quot;:{&quot;shipping_price_country_code&quot;:&quot;US&quot;,&quot;original_price&quot;:28,&quot;localized_merchant_cost&quot;:23.8,&quot;merchant_id&quot;:&quot;581d51b0e28cba4cf68498e0&quot;,&quot;experiment_shipping_options&quot;:{&quot;reasonable2&quot;:[{&quot;original_price&quot;:6.0,&quot;warehouse_type&quot;:1,&quot;localized_merchant_cost&quot;:5.1,&quot;cost&quot;:5.1,&quot;localized_merchant_price&quot;:6.0,&quot;is_express_type&quot;:false,&quot;inventory&quot;:45,&quot;price&quot;:6.0,&quot;name&quot;:&quot;Standard Shipping&quot;,&quot;option_id&quot;:&quot;standard&quot;,&quot;id&quot;:&quot;standard&quot;,&quot;selected&quot;:false,&quot;warehouse_id&quot;:&quot;5ae3409fc0aaeb763e32f4fd&quot;}],&quot;max5&quot;:[{&quot;original_price&quot;:6.0,&quot;warehouse_type&quot;:1,&quot;localized_merchant_cost&quot;:5.1,&quot;cost&quot;:5.1,&quot;localized_merchant_price&quot;:6.0,&quot;is_express_type&quot;:false,&quot;inventory&quot;:45,&quot;price&quot;:6.0,&quot;name&quot;:&quot;Standard Shipping&quot;,&quot;option_id&quot;:&quot;standard&quot;,&quot;id&quot;:&quot;standard&quot;,&quot;selected&quot;:false,&quot;warehouse_id&quot;:&quot;5ae3409fc0aaeb763e32f4fd&quot;}],&quot;control&quot;:[{&quot;original_price&quot;:6.0,&quot;warehouse_type&quot;:1,&quot;localized_merchant_cost&quot;:5.1,&quot;cost&quot;:5.1,&quot;localized_merchant_price&quot;:6.0,&quot;is_express_type&quot;:false,&quot;inventory&quot;:45,&quot;price&quot;:6.0,&quot;name&quot;:&quot;Standard Shipping&quot;,&quot;option_id&quot;:&quot;standard&quot;,&quot;id&quot;:&quot;standard&quot;,&quot;selected&quot;:false,&quot;warehouse_id&quot;:&quot;5ae3409fc0aaeb763e32f4fd&quot;}]},&quot;has_tier_shipping_options&quot;:false,&quot;inventory&quot;:45,&quot;retail_price&quot;:400,&quot;enabled&quot;:true,&quot;merchant_price&quot;:28.0,&quot;merchant_is_cost_based&quot;:false,&quot;shipping&quot;:6,&quot;is_strategic_merchant&quot;:false,&quot;merchant_shipping&quot;:6.0,&quot;price&quot;:28,&quot;product_id&quot;:&quot;590aa2984331762a053a6847&quot;,&quot;sequence_id&quot;:0,&quot;size_id&quot;:&quot;34&quot;,&quot;merchant_dp&quot;:&quot;https://s3-us-west-1.amazonaws.com/sweeper-production-merchantimage/dp_581d51b0e28cba4cf68498e0.jpg&quot;,&quot;merchant_rating_class&quot;:&quot;star star-4-0&quot;,&quot;merchant_rating&quot;:4.169736842105263,&quot;cost&quot;:23.8,&quot;merchant_source_currency&quot;:&quot;USD&quot;,&quot;shipping_cost&quot;:5.1,&quot;is_wish_x_merchant&quot;:false,&quot;localized_merchant_price&quot;:28.0,&quot;merchant_name&quot;:&quot;newsosoostore&quot;,&quot;merchant&quot;:&quot;Newsosoo  store&quot;,&quot;purchase_count&quot;:139,&quot;shipping_options&quot;:[{&quot;original_price&quot;:6.0,&quot;warehouse_type&quot;:1,&quot;localized_merchant_cost&quot;:5.1,&quot;cost&quot;:5.1,&quot;localized_merchant_price&quot;:6.0,&quot;is_express_type&quot;:false,&quot;inventory&quot;:45,&quot;price&quot;:6.0,&quot;name&quot;:&quot;Standard Shipping&quot;,&quot;option_id&quot;:&quot;standard&quot;,&quot;id&quot;:&quot;standard&quot;,&quot;selected&quot;:false,&quot;warehouse_id&quot;:&quot;5ae3409fc0aaeb763e32f4fd&quot;}],&quot;lifetime_gmv&quot;:5318.784700002612,&quot;shipping_countries_string&quot;:&quot;Ships to United States and 33 other countries&quot;,&quot;merchant_rating_count&quot;:1520,&quot;color_id&quot;:&quot;light blue&quot;,&quot;merchant_rev_share&quot;:15.0,&quot;removed&quot;:false,&quot;variation_id&quot;:&quot;590aa2a1ccef8129fd117840&quot;},&quot;init-max&quot;:{&quot;shipping_price_country_code&quot;:&quot;US&quot;,&quot;original_price&quot;:27,&quot;localized_merchant_cost&quot;:22.95,&quot;merchant_id&quot;:&quot;581d51b0e28cba4cf68498e0&quot;,&quot;experiment_shipping_options&quot;:{&quot;reasonable2&quot;:[{&quot;original_price&quot;:6.0,&quot;warehouse_type&quot;:1,&quot;localized_merchant_cost&quot;:5.1,&quot;cost&quot;:5.1,&quot;localized_merchant_price&quot;:6.0,&quot;is_express_type&quot;:false,&quot;inventory&quot;:17,&quot;price&quot;:6.0,&quot;name&quot;:&quot;Standard Shipping&quot;,&quot;option_id&quot;:&quot;standard&quot;,&quot;id&quot;:&quot;standard&quot;,&quot;selected&quot;:false,&quot;warehouse_id&quot;:&quot;5ae3409fc0aaeb763e32f4fd&quot;}],&quot;max5&quot;:[{&quot;original_price&quot;:6.0,&quot;warehouse_type&quot;:1,&quot;localized_merchant_cost&quot;:5.1,&quot;cost&quot;:5.1,&quot;localized_merchant_price&quot;:6.0,&quot;is_express_type&quot;:false,&quot;inventory&quot;:17,&quot;price&quot;:6.0,&quot;name&quot;:&quot;Standard Shipping&quot;,&quot;option_id&quot;:&quot;standard&quot;,&quot;id&quot;:&quot;standard&quot;,&quot;selected&quot;:false,&quot;warehouse_id&quot;:&quot;5ae3409fc0aaeb763e32f4fd&quot;}],&quot;control&quot;:[{&quot;original_price&quot;:6.0,&quot;warehouse_type&quot;:1,&quot;localized_merchant_cost&quot;:5.1,&quot;cost&quot;:5.1,&quot;localized_merchant_price&quot;:6.0,&quot;is_express_type&quot;:false,&quot;inventory&quot;:17,&quot;price&quot;:6.0,&quot;name&quot;:&quot;Standard Shipping&quot;,&quot;option_id&quot;:&quot;standard&quot;,&quot;id&quot;:&quot;standard&quot;,&quot;selected&quot;:false,&quot;warehouse_id&quot;:&quot;5ae3409fc0aaeb763e32f4fd&quot;}]},&quot;has_tier_shipping_options&quot;:false,&quot;inventory&quot;:17,&quot;retail_price&quot;:400,&quot;enabled&quot;:true,&quot;merchant_price&quot;:27.0,&quot;merchant_is_cost_based&quot;:false,&quot;shipping&quot;:6,&quot;is_strategic_merchant&quot;:false,&quot;merchant_shipping&quot;:6.0,&quot;price&quot;:27,&quot;product_id&quot;:&quot;590aa2984331762a053a6847&quot;,&quot;sequence_id&quot;:0,&quot;size_id&quot;:&quot;32&quot;,&quot;merchant_dp&quot;:&quot;https://s3-us-west-1.amazonaws.com/sweeper-production-merchantimage/dp_581d51b0e28cba4cf68498e0.jpg&quot;,&quot;merchant_rating_class&quot;:&quot;star star-4-0&quot;,&quot;merchant_rating&quot;:4.169736842105263,&quot;cost&quot;:22.95,&quot;merchant_source_currency&quot;:&quot;USD&quot;,&quot;shipping_cost&quot;:5.1,&quot;is_wish_x_merchant&quot;:false,&quot;localized_merchant_price&quot;:27.0,&quot;merchant_name&quot;:&quot;newsosoostore&quot;,&quot;merchant&quot;:&quot;Newsosoo  store&quot;,&quot;purchase_count&quot;:509,&quot;shipping_options&quot;:[{&quot;original_price&quot;:6.0,&quot;warehouse_type&quot;:1,&quot;localized_merchant_cost&quot;:5.1,&quot;cost&quot;:5.1,&quot;localized_merchant_price&quot;:6.0,&quot;is_express_type&quot;:false,&quot;inventory&quot;:17,&quot;price&quot;:6.0,&quot;name&quot;:&quot;Standard Shipping&quot;,&quot;option_id&quot;:&quot;standard&quot;,&quot;id&quot;:&quot;standard&quot;,&quot;selected&quot;:false,&quot;warehouse_id&quot;:&quot;5ae3409fc0aaeb763e32f4fd&quot;}],&quot;lifetime_gmv&quot;:18892.417857407625,&quot;shipping_countries_string&quot;:&quot;Ships to United States and 33 other countries&quot;,&quot;merchant_rating_count&quot;:1520,&quot;color_id&quot;:&quot;dark blue&quot;,&quot;merchant_rev_share&quot;:15.0,&quot;removed&quot;:false,&quot;variation_id&quot;:&quot;590aa29f98281c6c502ffc8a&quot;},&quot;init-median&quot;:{&quot;shipping_price_country_code&quot;:&quot;US&quot;,&quot;original_price&quot;:28,&quot;localized_merchant_cost&quot;:23.8,&quot;merchant_id&quot;:&quot;581d51b0e28cba4cf68498e0&quot;,&quot;experiment_shipping_options&quot;:{&quot;reasonable2&quot;:[{&quot;original_price&quot;:6.0,&quot;warehouse_type&quot;:1,&quot;localized_merchant_cost&quot;:5.1,&quot;cost&quot;:5.1,&quot;localized_merchant_price&quot;:6.0,&quot;is_express_type&quot;:false,&quot;inventory&quot;:45,&quot;price&quot;:6.0,&quot;name&quot;:&quot;Standard Shipping&quot;,&quot;option_id&quot;:&quot;standard&quot;,&quot;id&quot;:&quot;standard&quot;,&quot;selected&quot;:false,&quot;warehouse_id&quot;:&quot;5ae3409fc0aaeb763e32f4fd&quot;}],&quot;max5&quot;:[{&quot;original_price&quot;:6.0,&quot;warehouse_type&quot;:1,&quot;localized_merchant_cost&quot;:5.1,&quot;cost&quot;:5.1,&quot;localized_merchant_price&quot;:6.0,&quot;is_express_type&quot;:false,&quot;inventory&quot;:45,&quot;price&quot;:6.0,&quot;name&quot;:&quot;Standard Shipping&quot;,&quot;option_id&quot;:&quot;standard&quot;,&quot;id&quot;:&quot;standard&quot;,&quot;selected&quot;:false,&quot;warehouse_id&quot;:&quot;5ae3409fc0aaeb763e32f4fd&quot;}],&quot;control&quot;:[{&quot;original_price&quot;:6.0,&quot;warehouse_type&quot;:1,&quot;localized_merchant_cost&quot;:5.1,&quot;cost&quot;:5.1,&quot;localized_merchant_price&quot;:6.0,&quot;is_express_type&quot;:false,&quot;inventory&quot;:45,&quot;price&quot;:6.0,&quot;name&quot;:&quot;Standard Shipping&quot;,&quot;option_id&quot;:&quot;standard&quot;,&quot;id&quot;:&quot;standard&quot;,&quot;selected&quot;:false,&quot;warehouse_id&quot;:&quot;5ae3409fc0aaeb763e32f4fd&quot;}]},&quot;has_tier_shipping_options&quot;:false,&quot;inventory&quot;:45,&quot;retail_price&quot;:400,&quot;enabled&quot;:true,&quot;merchant_price&quot;:28.0,&quot;merchant_is_cost_based&quot;:false,&quot;shipping&quot;:6,&quot;is_strategic_merchant&quot;:false,&quot;merchant_shipping&quot;:6.0,&quot;price&quot;:28,&quot;product_id&quot;:&quot;590aa2984331762a053a6847&quot;,&quot;sequence_id&quot;:0,&quot;size_id&quot;:&quot;34&quot;,&quot;merchant_dp&quot;:&quot;https://s3-us-west-1.amazonaws.com/sweeper-production-merchantimage/dp_581d51b0e28cba4cf68498e0.jpg&quot;,&quot;merchant_rating_class&quot;:&quot;star star-4-0&quot;,&quot;merchant_rating&quot;:4.169736842105263,&quot;cost&quot;:23.8,&quot;merchant_source_currency&quot;:&quot;USD&quot;,&quot;shipping_cost&quot;:5.1,&quot;is_wish_x_merchant&quot;:false,&quot;localized_merchant_price&quot;:28.0,&quot;merchant_name&quot;:&quot;newsosoostore&quot;,&quot;merchant&quot;:&quot;Newsosoo  store&quot;,&quot;purchase_count&quot;:139,&quot;shipping_options&quot;:[{&quot;original_price&quot;:6.0,&quot;warehouse_type&quot;:1,&quot;localized_merchant_cost&quot;:5.1,&quot;cost&quot;:5.1,&quot;localized_merchant_price&quot;:6.0,&quot;is_express_type&quot;:false,&quot;inventory&quot;:45,&quot;price&quot;:6.0,&quot;name&quot;:&quot;Standard Shipping&quot;,&quot;option_id&quot;:&quot;standard&quot;,&quot;id&quot;:&quot;standard&quot;,&quot;selected&quot;:false,&quot;warehouse_id&quot;:&quot;5ae3409fc0aaeb763e32f4fd&quot;}],&quot;lifetime_gmv&quot;:5318.784700002612,&quot;shipping_countries_string&quot;:&quot;Ships to United States and 33 other countries&quot;,&quot;merchant_rating_count&quot;:1520,&quot;color_id&quot;:&quot;light blue&quot;,&quot;merchant_rev_share&quot;:15.0,&quot;removed&quot;:false,&quot;variation_id&quot;:&quot;590aa2a1ccef8129fd117840&quot;}},&quot;variations&quot;:[{&quot;shipping_price_country_code&quot;:&quot;US&quot;,&quot;merchant_id&quot;:&quot;581d51b0e28cba4cf68498e0&quot;,&quot;has_tier_shipping_options&quot;:false,&quot;inventory&quot;:43,&quot;retail_price&quot;:400,&quot;enabled&quot;:true,&quot;shipping&quot;:8.0,&quot;price&quot;:29,&quot;price_before_personal_price&quot;:29,&quot;product_id&quot;:&quot;590aa2984331762a053a6847&quot;,&quot;sequence_id&quot;:0,&quot;size_id&quot;:&quot;30&quot;,&quot;merchant_dp&quot;:&quot;https://s3-us-west-1.amazonaws.com/sweeper-production-merchantimage/dp_581d51b0e28cba4cf68498e0.jpg&quot;,&quot;merchant_rating_class&quot;:&quot;star star-4-0&quot;,&quot;merchant_rating&quot;:4.169736842105263,&quot;value_in_points&quot;:8750,&quot;localized_retail_price&quot;:{&quot;localized_value&quot;:3134.0,&quot;symbol&quot;:&quot;&quot;,&quot;table_id&quot;:&quot;5be9250090b8a6c3caf4cdbc&quot;,&quot;currency_code&quot;:&quot;HKD&quot;},&quot;localized_merchant_price&quot;:26.0,&quot;localized_price_before_personal_price&quot;:{&quot;localized_value&quot;:228.0,&quot;symbol&quot;:&quot;&quot;,&quot;table_id&quot;:&quot;5be9250090b8a6c3caf4cdbc&quot;,&quot;currency_code&quot;:&quot;HKD&quot;},&quot;merchant_name&quot;:&quot;newsosoostore&quot;,&quot;merchant&quot;:&quot;Newsosoo  store&quot;,&quot;shipping_options&quot;:[{&quot;warehouse_type&quot;:1,&quot;localized_price&quot;:{&quot;localized_value&quot;:63.0,&quot;symbol&quot;:&quot;&quot;,&quot;table_id&quot;:&quot;5be9250090b8a6c3caf4cdbc&quot;,&quot;currency_code&quot;:&quot;HKD&quot;},&quot;price&quot;:8.0,&quot;name&quot;:&quot;Standard Shipping&quot;,&quot;is_express_type&quot;:false,&quot;option_id&quot;:&quot;standard&quot;,&quot;id&quot;:&quot;standard&quot;,&quot;inventory&quot;:43,&quot;selected&quot;:true}],&quot;shipping_countries_string&quot;:&quot;Ships to United States and 33 other countries&quot;,&quot;merchant_rating_count&quot;:1520,&quot;localized_shipping&quot;:{&quot;localized_value&quot;:63.0,&quot;symbol&quot;:&quot;&quot;,&quot;table_id&quot;:&quot;5be9250090b8a6c3caf4cdbc&quot;,&quot;currency_code&quot;:&quot;HKD&quot;},&quot;color_id&quot;:&quot;light blue&quot;,&quot;removed&quot;:false,&quot;localized_price&quot;:{&quot;localized_value&quot;:228.0,&quot;symbol&quot;:&quot;&quot;,&quot;table_id&quot;:&quot;5be9250090b8a6c3caf4cdbc&quot;,&quot;currency_code&quot;:&quot;HKD&quot;},&quot;variation_id&quot;:&quot;590aa2984331762a053a6848&quot;},{&quot;shipping_price_country_code&quot;:&quot;US&quot;,&quot;merchant_id&quot;:&quot;581d51b0e28cba4cf68498e0&quot;,&quot;has_tier_shipping_options&quot;:false,&quot;inventory&quot;:42,&quot;retail_price&quot;:400,&quot;enabled&quot;:true,&quot;shipping&quot;:9.0,&quot;price&quot;:30,&quot;price_before_personal_price&quot;:30,&quot;product_id&quot;:&quot;590aa2984331762a053a6847&quot;,&quot;sequence_id&quot;:0,&quot;size_id&quot;:&quot;38&quot;,&quot;merchant_dp&quot;:&quot;https://s3-us-west-1.amazonaws.com/sweeper-production-merchantimage/dp_581d51b0e28cba4cf68498e0.jpg&quot;,&quot;merchant_rating_class&quot;:&quot;star star-4-0&quot;,&quot;merchant_rating&quot;:4.169736842105263,&quot;value_in_points&quot;:9000,&quot;localized_retail_price&quot;:{&quot;localized_value&quot;:3134.0,&quot;symbol&quot;:&quot;&quot;,&quot;table_id&quot;:&quot;5be9250090b8a6c3caf4cdbc&quot;,&quot;currency_code&quot;:&quot;HKD&quot;},&quot;localized_merchant_price&quot;:30.0,&quot;localized_price_before_personal_price&quot;:{&quot;localized_value&quot;:236.0,&quot;symbol&quot;:&quot;&quot;,&quot;table_id&quot;:&quot;5be9250090b8a6c3caf4cdbc&quot;,&quot;currency_code&quot;:&quot;HKD&quot;},&quot;merchant_name&quot;:&quot;newsosoostore&quot;,&quot;merchant&quot;:&quot;Newsosoo  store&quot;,&quot;shipping_options&quot;:[{&quot;warehouse_type&quot;:1,&quot;localized_price&quot;:{&quot;localized_value&quot;:71.0,&quot;symbol&quot;:&quot;&quot;,&quot;table_id&quot;:&quot;5be9250090b8a6c3caf4cdbc&quot;,&quot;currency_code&quot;:&quot;HKD&quot;},&quot;price&quot;:9.0,&quot;name&quot;:&quot;Standard Shipping&quot;,&quot;is_express_type&quot;:false,&quot;option_id&quot;:&quot;standard&quot;,&quot;id&quot;:&quot;standard&quot;,&quot;inventory&quot;:42,&quot;selected&quot;:true}],&quot;shipping_countries_string&quot;:&quot;Ships to United States and 33 other countries&quot;,&quot;merchant_rating_count&quot;:1520,&quot;localized_shipping&quot;:{&quot;localized_value&quot;:71.0,&quot;symbol&quot;:&quot;&quot;,&quot;table_id&quot;:&quot;5be9250090b8a6c3caf4cdbc&quot;,&quot;currency_code&quot;:&quot;HKD&quot;},&quot;color_id&quot;:&quot;light blue&quot;,&quot;removed&quot;:false,&quot;localized_price&quot;:{&quot;localized_value&quot;:236.0,&quot;symbol&quot;:&quot;&quot;,&quot;table_id&quot;:&quot;5be9250090b8a6c3caf4cdbc&quot;,&quot;currency_code&quot;:&quot;HKD&quot;},&quot;variation_id&quot;:&quot;590aa2a307797b53a4932eb1&quot;}],&quot;can_ship_to_location&quot;:false,&quot;logging_fields&quot;:{&quot;log_is_pb&quot;:&quot;0&quot;,&quot;log_product_id&quot;:&quot;590aa2984331762a053a6847&quot;,&quot;log_tid&quot;:212,&quot;log_session_id&quot;:&quot;e00693542f50442f806f9463022436d6&quot;,&quot;log_request_id&quot;:&quot;5be9313d98e2193b07035d2b&quot;,&quot;log_request_time&quot;:1542009149,&quot;log_product_price&quot;:&quot;29&quot;},&quot;has_tier_shipping_options&quot;:false,&quot;id&quot;:&quot;590aa2984331762a053a6847&quot;,&quot;blocked_shipping_countries&quot;:[],&quot;has_misleading_price&quot;:false},&quot;aspect_ratio&quot;:1.0,&quot;product_url&quot;:&quot;https://www.wish.com/c/590aa2984331762a053a6847&quot;,&quot;true_tag_ids&quot;:[&quot;53dc186421a86318bdc87f0c&quot;,&quot;5478e06c58f177436286b910&quot;],&quot;display_picture&quot;:&quot;https://contestimg.wish.com/api/webimage/590aa2984331762a053a6847-medium.jpg?cache_buster=fb821133338599ae23512040880aca3e&quot;,&quot;cache_buster&quot;:&quot;fb821133338599ae23512040880aca3e&quot;,&quot;merchant_info&quot;:{&quot;image_url&quot;:&quot;https://s3-us-west-1.amazonaws.com/sweeper-production-merchantimage/dp_581d51b0e28cba4cf68498e0.jpg&quot;,&quot;subtitle&quot;:&quot;89% Positive Feedback (1,520 ratings)&quot;,&quot;position&quot;:2,&quot;title&quot;:&quot;Newsosoo  store&quot;},&quot;contest_selected_picture&quot;:&quot;https://contestimg.wish.com/api/webimage/590aa2984331762a053a6847-contest.jpg?cache_buster=fb821133338599ae23512040880aca3e&quot;,&quot;localized_value&quot;:{&quot;localized_value&quot;:3134.0,&quot;symbol&quot;:&quot;&quot;,&quot;table_id&quot;:&quot;5be9250090b8a6c3caf4cdbc&quot;,&quot;currency_code&quot;:&quot;HKD&quot;},&quot;orig_height&quot;:800,&quot;id&quot;:&quot;590aa2984331762a053a6847&quot;,&quot;value&quot;:400,&quot;orig_width&quot;:800,&quot;is_new&quot;:false,&quot;small_picture&quot;:&quot;https://contestimg.wish.com/api/webimage/590aa2984331762a053a6847-small.jpg?cache_buster=fb821133338599ae23512040880aca3e&quot;,&quot;boost_parameters&quot;:[{&quot;content_type&quot;:1,&quot;contents&quot;:[],&quot;source&quot;:3,&quot;bid&quot;:0.3},{&quot;content_type&quot;:3,&quot;contents&quot;:[],&quot;source&quot;:3,&quot;bid&quot;:0.3},{&quot;content_type&quot;:4,&quot;contents&quot;:[&quot;biker jeans&quot;,&quot;mens jeans&quot;,&quot;men ripped jeans&quot;,&quot;ripped jeans&quot;,&quot;jogger&quot;,&quot;blue jeans&quot;,&quot;pleated jeans&quot;,&quot;zipper jeans&quot;,&quot;jeans men&quot;,&quot;motorcycle&quot;,&quot;men jeans&quot;,&quot;fear of god&quot;],&quot;source&quot;:3,&quot;bid&quot;:0.3},{&quot;content_type&quot;:10,&quot;contents&quot;:[],&quot;source&quot;:3,&quot;bid&quot;:0.3},{&quot;content_type&quot;:11,&quot;contents&quot;:[],&quot;source&quot;:3,&quot;bid&quot;:0.3},{&quot;content_type&quot;:12,&quot;contents&quot;:[],&quot;source&quot;:3,&quot;bid&quot;:0.3},{&quot;content_type&quot;:13,&quot;contents&quot;:[],&quot;source&quot;:3,&quot;bid&quot;:0.3},{&quot;content_type&quot;:14,&quot;contents&quot;:[],&quot;source&quot;:3,&quot;bid&quot;:0.3},{&quot;content_type&quot;:17,&quot;contents&quot;:[],&quot;source&quot;:3,&quot;bid&quot;:0.3}],&quot;should_block_impressions&quot;:false,&quot;num_bought&quot;:1000,&quot;name&quot;:&quot;&quot;,&quot;generation_time&quot;:1542007613,&quot;feed_tile_text&quot;:&quot;1000+ bought this&quot;,&quot;image_phash&quot;:-2205018300565502324,&quot;product_should_block_impressions&quot;:false,&quot;product_badges&quot;:[],&quot;contest_page_picture&quot;:&quot;https://contestimg.wish.com/api/webimage/590aa2984331762a053a6847-large.jpg?cache_buster=fb821133338599ae23512040880aca3e&quot;},{&quot;commerce_product_info&quot;:{&quot;shipping_price_country_code&quot;:&quot;US&quot;,&quot;total_inventory&quot;:50,&quot;default_variation_experiment&quot;:{&quot;no-init-max&quot;:{&quot;shipping_price_country_code&quot;:&quot;US&quot;,&quot;original_price&quot;:1,&quot;localized_merchant_cost&quot;:0.84,&quot;merchant_id&quot;:&quot;5b4f1643457fbc3b7a1ab9c1&quot;,&quot;experiment_shipping_options&quot;:{&quot;reasonable2&quot;:[{&quot;original_price&quot;:1.0,&quot;warehouse_type&quot;:1,&quot;localized_merchant_cost&quot;:0.85,&quot;cost&quot;:0.85,&quot;localized_merchant_price&quot;:1.0,&quot;is_express_type&quot;:false,&quot;inventory&quot;:49947,&quot;price&quot;:1.0,&quot;name&quot;:&quot;Standard Shipping&quot;,&quot;option_id&quot;:&quot;standard&quot;,&quot;id&quot;:&quot;standard&quot;,&quot;selected&quot;:false,&quot;warehouse_id&quot;:&quot;5b4f1644457fbc3b7a1ab9c2&quot;}],&quot;max5&quot;:[{&quot;original_price&quot;:1.0,&quot;warehouse_type&quot;:1,&quot;localized_merchant_cost&quot;:0.85,&quot;cost&quot;:0.85,&quot;localized_merchant_price&quot;:1.0,&quot;is_express_type&quot;:false,&quot;inventory&quot;:49947,&quot;price&quot;:1.0,&quot;name&quot;:&quot;Standard Shipping&quot;,&quot;option_id&quot;:&quot;standard&quot;,&quot;id&quot;:&quot;standard&quot;,&quot;selected&quot;:false,&quot;warehouse_id&quot;:&quot;5b4f1644457fbc3b7a1ab9c2&quot;}],&quot;control&quot;:[{&quot;original_price&quot;:1.0,&quot;warehouse_type&quot;:1,&quot;localized_merchant_cost&quot;:0.85,&quot;cost&quot;:0.85,&quot;localized_merchant_price&quot;:1.0,&quot;is_express_type&quot;:false,&quot;inventory&quot;:49947,&quot;price&quot;:1.0,&quot;name&quot;:&quot;Standard Shipping&quot;,&quot;option_id&quot;:&quot;standard&quot;,&quot;id&quot;:&quot;standard&quot;,&quot;selected&quot;:false,&quot;warehouse_id&quot;:&quot;5b4f1644457fbc3b7a1ab9c2&quot;}]},&quot;has_tier_shipping_options&quot;:false,&quot;inventory&quot;:49947,&quot;retail_price&quot;:49,&quot;enabled&quot;:true,&quot;merchant_price&quot;:0.99,&quot;merchant_is_cost_based&quot;:false,&quot;shipping&quot;:1,&quot;is_strategic_merchant&quot;:false,&quot;merchant_shipping&quot;:1.0,&quot;price&quot;:1,&quot;product_id&quot;:&quot;5b5efaad2731bc35e1cb07ad&quot;,&quot;sequence_id&quot;:0,&quot;size_id&quot;:&quot;2&quot;,&quot;merchant_dp&quot;:&quot;https://s3-us-west-1.amazonaws.com/sweeper-production-merchantimage/default_dp.png&quot;,&quot;merchant_rating_class&quot;:&quot;star star-4-0&quot;,&quot;merchant_rating&quot;:4.0,&quot;cost&quot;:0.84,&quot;merchant_source_currency&quot;:&quot;USD&quot;,&quot;shipping_cost&quot;:0.85,&quot;is_wish_x_merchant&quot;:false,&quot;localized_merchant_price&quot;:0.99,&quot;merchant_name&quot;:&quot;lxiuu&quot;,&quot;merchant&quot;:&quot;Lxiuu&quot;,&quot;purchase_count&quot;:616,&quot;shipping_options&quot;:[{&quot;original_price&quot;:1.0,&quot;warehouse_type&quot;:1,&quot;localized_merchant_cost&quot;:0.85,&quot;cost&quot;:0.85,&quot;localized_merchant_price&quot;:1.0,&quot;is_express_type&quot;:false,&quot;inventory&quot;:49947,&quot;price&quot;:1.0,&quot;name&quot;:&quot;Standard Shipping&quot;,&quot;option_id&quot;:&quot;standard&quot;,&quot;id&quot;:&quot;standard&quot;,&quot;selected&quot;:false,&quot;warehouse_id&quot;:&quot;5b4f1644457fbc3b7a1ab9c2&quot;}],&quot;lifetime_gmv&quot;:1592.1332979558058,&quot;shipping_countries_string&quot;:&quot;Ships to United States and 77 other countries&quot;,&quot;merchant_rating_count&quot;:4,&quot;merchant_rev_share&quot;:15.0,&quot;removed&quot;:false,&quot;variation_id&quot;:&quot;5b5efabf2ff4101365c4f345&quot;},&quot;no-init-median&quot;:{&quot;shipping_price_country_code&quot;:&quot;US&quot;,&quot;merchant_id&quot;:&quot;5b4f1643457fbc3b7a1ab9c1&quot;,&quot;has_tier_shipping_options&quot;:false,&quot;inventory&quot;:50,&quot;retail_price&quot;:49,&quot;enabled&quot;:true,&quot;shipping&quot;:1,&quot;price&quot;:2,&quot;price_before_personal_price&quot;:2,&quot;product_id&quot;:&quot;5b5efaad2731bc35e1cb07ad&quot;,&quot;sequence_id&quot;:0,&quot;size_id&quot;:&quot;1&quot;,&quot;merchant_dp&quot;:&quot;https://s3-us-west-1.amazonaws.com/sweeper-production-merchantimage/default_dp.png&quot;,&quot;merchant_rating_class&quot;:&quot;star star-4-0&quot;,&quot;merchant_rating&quot;:4.0,&quot;value_in_points&quot;:750,&quot;localized_retail_price&quot;:{&quot;localized_value&quot;:384.0,&quot;symbol&quot;:&quot;&quot;,&quot;table_id&quot;:&quot;5be9250090b8a6c3caf4cdbc&quot;,&quot;currency_code&quot;:&quot;HKD&quot;},&quot;localized_merchant_price&quot;:0.99,&quot;localized_price_before_personal_price&quot;:{&quot;localized_value&quot;:16.0,&quot;symbol&quot;:&quot;&quot;,&quot;table_id&quot;:&quot;5be9250090b8a6c3caf4cdbc&quot;,&quot;currency_code&quot;:&quot;HKD&quot;},&quot;merchant_name&quot;:&quot;lxiuu&quot;,&quot;merchant&quot;:&quot;Lxiuu&quot;,&quot;shipping_options&quot;:[{&quot;warehouse_type&quot;:1,&quot;localized_price&quot;:{&quot;localized_value&quot;:8.0,&quot;symbol&quot;:&quot;&quot;,&quot;table_id&quot;:&quot;5be9250090b8a6c3caf4cdbc&quot;,&quot;currency_code&quot;:&quot;HKD&quot;},&quot;price&quot;:1,&quot;name&quot;:&quot;Standard Shipping&quot;,&quot;is_express_type&quot;:false,&quot;option_id&quot;:&quot;standard&quot;,&quot;id&quot;:&quot;standard&quot;,&quot;inventory&quot;:50,&quot;selected&quot;:true}],&quot;shipping_countries_string&quot;:&quot;Ships to United States and 77 other countries&quot;,&quot;merchant_rating_count&quot;:4,&quot;localized_shipping&quot;:{&quot;localized_value&quot;:8.0,&quot;symbol&quot;:&quot;&quot;,&quot;table_id&quot;:&quot;5be9250090b8a6c3caf4cdbc&quot;,&quot;currency_code&quot;:&quot;HKD&quot;},&quot;removed&quot;:false,&quot;localized_price&quot;:{&quot;localized_value&quot;:16.0,&quot;symbol&quot;:&quot;&quot;,&quot;table_id&quot;:&quot;5be9250090b8a6c3caf4cdbc&quot;,&quot;currency_code&quot;:&quot;HKD&quot;},&quot;variation_id&quot;:&quot;5b5efaae2810747f6f6cda30&quot;},&quot;init-max&quot;:{&quot;shipping_price_country_code&quot;:&quot;US&quot;,&quot;original_price&quot;:1,&quot;localized_merchant_cost&quot;:0.84,&quot;merchant_id&quot;:&quot;5b4f1643457fbc3b7a1ab9c1&quot;,&quot;experiment_shipping_options&quot;:{&quot;reasonable2&quot;:[{&quot;original_price&quot;:1.0,&quot;warehouse_type&quot;:1,&quot;localized_merchant_cost&quot;:0.85,&quot;cost&quot;:0.85,&quot;localized_merchant_price&quot;:1.0,&quot;is_express_type&quot;:false,&quot;inventory&quot;:49947,&quot;price&quot;:1.0,&quot;name&quot;:&quot;Standard Shipping&quot;,&quot;option_id&quot;:&quot;standard&quot;,&quot;id&quot;:&quot;standard&quot;,&quot;selected&quot;:false,&quot;warehouse_id&quot;:&quot;5b4f1644457fbc3b7a1ab9c2&quot;}],&quot;max5&quot;:[{&quot;original_price&quot;:1.0,&quot;warehouse_type&quot;:1,&quot;localized_merchant_cost&quot;:0.85,&quot;cost&quot;:0.85,&quot;localized_merchant_price&quot;:1.0,&quot;is_express_type&quot;:false,&quot;inventory&quot;:49947,&quot;price&quot;:1.0,&quot;name&quot;:&quot;Standard Shipping&quot;,&quot;option_id&quot;:&quot;standard&quot;,&quot;id&quot;:&quot;standard&quot;,&quot;selected&quot;:false,&quot;warehouse_id&quot;:&quot;5b4f1644457fbc3b7a1ab9c2&quot;}],&quot;control&quot;:[{&quot;original_price&quot;:1.0,&quot;warehouse_type&quot;:1,&quot;localized_merchant_cost&quot;:0.85,&quot;cost&quot;:0.85,&quot;localized_merchant_price&quot;:1.0,&quot;is_express_type&quot;:false,&quot;inventory&quot;:49947,&quot;price&quot;:1.0,&quot;name&quot;:&quot;Standard Shipping&quot;,&quot;option_id&quot;:&quot;standard&quot;,&quot;id&quot;:&quot;standard&quot;,&quot;selected&quot;:false,&quot;warehouse_id&quot;:&quot;5b4f1644457fbc3b7a1ab9c2&quot;}]},&quot;has_tier_shipping_options&quot;:false,&quot;inventory&quot;:49947,&quot;retail_price&quot;:49,&quot;enabled&quot;:true,&quot;merchant_price&quot;:0.99,&quot;merchant_is_cost_based&quot;:false,&quot;shipping&quot;:1,&quot;is_strategic_merchant&quot;:false,&quot;merchant_shipping&quot;:1.0,&quot;price&quot;:1,&quot;product_id&quot;:&quot;5b5efaad2731bc35e1cb07ad&quot;,&quot;sequence_id&quot;:0,&quot;size_id&quot;:&quot;2&quot;,&quot;merchant_dp&quot;:&quot;https://s3-us-west-1.amazonaws.com/sweeper-production-merchantimage/default_dp.png&quot;,&quot;merchant_rating_class&quot;:&quot;star star-4-0&quot;,&quot;merchant_rating&quot;:4.0,&quot;cost&quot;:0.84,&quot;merchant_source_currency&quot;:&quot;USD&quot;,&quot;shipping_cost&quot;:0.85,&quot;is_wish_x_merchant&quot;:false,&quot;localized_merchant_price&quot;:0.99,&quot;merchant_name&quot;:&quot;lxiuu&quot;,&quot;merchant&quot;:&quot;Lxiuu&quot;,&quot;purchase_count&quot;:616,&quot;shipping_options&quot;:[{&quot;original_price&quot;:1.0,&quot;warehouse_type&quot;:1,&quot;localized_merchant_cost&quot;:0.85,&quot;cost&quot;:0.85,&quot;localized_merchant_price&quot;:1.0,&quot;is_express_type&quot;:false,&quot;inventory&quot;:49947,&quot;price&quot;:1.0,&quot;name&quot;:&quot;Standard Shipping&quot;,&quot;option_id&quot;:&quot;standard&quot;,&quot;id&quot;:&quot;standard&quot;,&quot;selected&quot;:false,&quot;warehouse_id&quot;:&quot;5b4f1644457fbc3b7a1ab9c2&quot;}],&quot;lifetime_gmv&quot;:1592.1332979558058,&quot;shipping_countries_string&quot;:&quot;Ships to United States and 77 other countries&quot;,&quot;merchant_rating_count&quot;:4,&quot;merchant_rev_share&quot;:15.0,&quot;removed&quot;:false,&quot;variation_id&quot;:&quot;5b5efabf2ff4101365c4f345&quot;},&quot;init-median&quot;:{&quot;shipping_price_country_code&quot;:&quot;US&quot;,&quot;merchant_id&quot;:&quot;5b4f1643457fbc3b7a1ab9c1&quot;,&quot;has_tier_shipping_options&quot;:false,&quot;inventory&quot;:50,&quot;retail_price&quot;:49,&quot;enabled&quot;:true,&quot;shipping&quot;:1,&quot;price&quot;:2,&quot;price_before_personal_price&quot;:2,&quot;product_id&quot;:&quot;5b5efaad2731bc35e1cb07ad&quot;,&quot;sequence_id&quot;:0,&quot;size_id&quot;:&quot;1&quot;,&quot;merchant_dp&quot;:&quot;https://s3-us-west-1.amazonaws.com/sweeper-production-merchantimage/default_dp.png&quot;,&quot;merchant_rating_class&quot;:&quot;star star-4-0&quot;,&quot;merchant_rating&quot;:4.0,&quot;value_in_points&quot;:750,&quot;localized_retail_price&quot;:{&quot;localized_value&quot;:384.0,&quot;symbol&quot;:&quot;&quot;,&quot;table_id&quot;:&quot;5be9250090b8a6c3caf4cdbc&quot;,&quot;currency_code&quot;:&quot;HKD&quot;},&quot;localized_merchant_price&quot;:0.99,&quot;localized_price_before_personal_price&quot;:{&quot;localized_value&quot;:16.0,&quot;symbol&quot;:&quot;&quot;,&quot;table_id&quot;:&quot;5be9250090b8a6c3caf4cdbc&quot;,&quot;currency_code&quot;:&quot;HKD&quot;},&quot;merchant_name&quot;:&quot;lxiuu&quot;,&quot;merchant&quot;:&quot;Lxiuu&quot;,&quot;shipping_options&quot;:[{&quot;warehouse_type&quot;:1,&quot;localized_price&quot;:{&quot;localized_value&quot;:8.0,&quot;symbol&quot;:&quot;&quot;,&quot;table_id&quot;:&quot;5be9250090b8a6c3caf4cdbc&quot;,&quot;currency_code&quot;:&quot;HKD&quot;},&quot;price&quot;:1,&quot;name&quot;:&quot;Standard Shipping&quot;,&quot;is_express_type&quot;:false,&quot;option_id&quot;:&quot;standard&quot;,&quot;id&quot;:&quot;standard&quot;,&quot;inventory&quot;:50,&quot;selected&quot;:true}],&quot;shipping_countries_string&quot;:&quot;Ships to United States and 77 other countries&quot;,&quot;merchant_rating_count&quot;:4,&quot;localized_shipping&quot;:{&quot;localized_value&quot;:8.0,&quot;symbol&quot;:&quot;&quot;,&quot;table_id&quot;:&quot;5be9250090b8a6c3caf4cdbc&quot;,&quot;currency_code&quot;:&quot;HKD&quot;},&quot;removed&quot;:false,&quot;localized_price&quot;:{&quot;localized_value&quot;:16.0,&quot;symbol&quot;:&quot;&quot;,&quot;table_id&quot;:&quot;5be9250090b8a6c3caf4cdbc&quot;,&quot;currency_code&quot;:&quot;HKD&quot;},&quot;variation_id&quot;:&quot;5b5efaae2810747f6f6cda30&quot;}},&quot;variations&quot;:[{&quot;shipping_price_country_code&quot;:&quot;US&quot;,&quot;merchant_id&quot;:&quot;5b4f1643457fbc3b7a1ab9c1&quot;,&quot;has_tier_shipping_options&quot;:false,&quot;inventory&quot;:50,&quot;retail_price&quot;:49,&quot;enabled&quot;:true,&quot;shipping&quot;:1,&quot;price&quot;:2,&quot;price_before_personal_price&quot;:2,&quot;product_id&quot;:&quot;5b5efaad2731bc35e1cb07ad&quot;,&quot;sequence_id&quot;:0,&quot;size_id&quot;:&quot;1&quot;,&quot;merchant_dp&quot;:&quot;https://s3-us-west-1.amazonaws.com/sweeper-production-merchantimage/default_dp.png&quot;,&quot;merchant_rating_class&quot;:&quot;star star-4-0&quot;,&quot;merchant_rating&quot;:4.0,&quot;value_in_points&quot;:750,&quot;localized_retail_price&quot;:{&quot;localized_value&quot;:384.0,&quot;symbol&quot;:&quot;&quot;,&quot;table_id&quot;:&quot;5be9250090b8a6c3caf4cdbc&quot;,&quot;currency_code&quot;:&quot;HKD&quot;},&quot;localized_merchant_price&quot;:0.99,&quot;localized_price_before_personal_price&quot;:{&quot;localized_value&quot;:16.0,&quot;symbol&quot;:&quot;&quot;,&quot;table_id&quot;:&quot;5be9250090b8a6c3caf4cdbc&quot;,&quot;currency_code&quot;:&quot;HKD&quot;},&quot;merchant_name&quot;:&quot;lxiuu&quot;,&quot;merchant&quot;:&quot;Lxiuu&quot;,&quot;shipping_options&quot;:[{&quot;warehouse_type&quot;:1,&quot;localized_price&quot;:{&quot;localized_value&quot;:8.0,&quot;symbol&quot;:&quot;&quot;,&quot;table_id&quot;:&quot;5be9250090b8a6c3caf4cdbc&quot;,&quot;currency_code&quot;:&quot;HKD&quot;},&quot;price&quot;:1,&quot;name&quot;:&quot;Standard Shipping&quot;,&quot;is_express_type&quot;:false,&quot;option_id&quot;:&quot;standard&quot;,&quot;id&quot;:&quot;standard&quot;,&quot;inventory&quot;:50,&quot;selected&quot;:true}],&quot;shipping_countries_string&quot;:&quot;Ships to United States and 77 other countries&quot;,&quot;merchant_rating_count&quot;:4,&quot;localized_shipping&quot;:{&quot;localized_value&quot;:8.0,&quot;symbol&quot;:&quot;&quot;,&quot;table_id&quot;:&quot;5be9250090b8a6c3caf4cdbc&quot;,&quot;currency_code&quot;:&quot;HKD&quot;},&quot;removed&quot;:false,&quot;localized_price&quot;:{&quot;localized_value&quot;:16.0,&quot;symbol&quot;:&quot;&quot;,&quot;table_id&quot;:&quot;5be9250090b8a6c3caf4cdbc&quot;,&quot;currency_code&quot;:&quot;HKD&quot;},&quot;variation_id&quot;:&quot;5b5efaae2810747f6f6cda30&quot;},{&quot;shipping_price_country_code&quot;:&quot;US&quot;,&quot;merchant_id&quot;:&quot;5b4f1643457fbc3b7a1ab9c1&quot;,&quot;has_tier_shipping_options&quot;:false,&quot;inventory&quot;:50,&quot;retail_price&quot;:49,&quot;enabled&quot;:true,&quot;shipping&quot;:1,&quot;price&quot;:2,&quot;price_before_personal_price&quot;:2,&quot;product_id&quot;:&quot;5b5efaad2731bc35e1cb07ad&quot;,&quot;sequence_id&quot;:0,&quot;size_id&quot;:&quot;3&quot;,&quot;merchant_dp&quot;:&quot;https://s3-us-west-1.amazonaws.com/sweeper-production-merchantimage/default_dp.png&quot;,&quot;merchant_rating_class&quot;:&quot;star star-4-0&quot;,&quot;merchant_rating&quot;:4.0,&quot;value_in_points&quot;:750,&quot;localized_retail_price&quot;:{&quot;localized_value&quot;:384.0,&quot;symbol&quot;:&quot;&quot;,&quot;table_id&quot;:&quot;5be9250090b8a6c3caf4cdbc&quot;,&quot;currency_code&quot;:&quot;HKD&quot;},&quot;localized_merchant_price&quot;:0.99,&quot;localized_price_before_personal_price&quot;:{&quot;localized_value&quot;:16.0,&quot;symbol&quot;:&quot;&quot;,&quot;table_id&quot;:&quot;5be9250090b8a6c3caf4cdbc&quot;,&quot;currency_code&quot;:&quot;HKD&quot;},&quot;merchant_name&quot;:&quot;lxiuu&quot;,&quot;merchant&quot;:&quot;Lxiuu&quot;,&quot;shipping_options&quot;:[{&quot;warehouse_type&quot;:1,&quot;localized_price&quot;:{&quot;localized_value&quot;:8.0,&quot;symbol&quot;:&quot;&quot;,&quot;table_id&quot;:&quot;5be9250090b8a6c3caf4cdbc&quot;,&quot;currency_code&quot;:&quot;HKD&quot;},&quot;price&quot;:1,&quot;name&quot;:&quot;Standard Shipping&quot;,&quot;is_express_type&quot;:false,&quot;option_id&quot;:&quot;standard&quot;,&quot;id&quot;:&quot;standard&quot;,&quot;inventory&quot;:50,&quot;selected&quot;:true}],&quot;shipping_countries_string&quot;:&quot;Ships to United States and 77 other countries&quot;,&quot;merchant_rating_count&quot;:4,&quot;localized_shipping&quot;:{&quot;localized_value&quot;:8.0,&quot;symbol&quot;:&quot;&quot;,&quot;table_id&quot;:&quot;5be9250090b8a6c3caf4cdbc&quot;,&quot;currency_code&quot;:&quot;HKD&quot;},&quot;removed&quot;:false,&quot;localized_price&quot;:{&quot;localized_value&quot;:16.0,&quot;symbol&quot;:&quot;&quot;,&quot;table_id&quot;:&quot;5be9250090b8a6c3caf4cdbc&quot;,&quot;currency_code&quot;:&quot;HKD&quot;},&quot;variation_id&quot;:&quot;5b5efab087c5b80537c235bc&quot;}],&quot;can_ship_to_location&quot;:false,&quot;logging_fields&quot;:{&quot;log_is_pb&quot;:&quot;0&quot;,&quot;log_product_id&quot;:&quot;5b5efaad2731bc35e1cb07ad&quot;,&quot;log_tid&quot;:212,&quot;log_session_id&quot;:&quot;e00693542f50442f806f9463022436d6&quot;,&quot;log_request_id&quot;:&quot;5be9313d98e2193b07035d2b&quot;,&quot;log_request_time&quot;:1542009149,&quot;log_product_price&quot;:&quot;2&quot;},&quot;has_tier_shipping_options&quot;:false,&quot;id&quot;:&quot;5b5efaad2731bc35e1cb07ad&quot;,&quot;blocked_shipping_countries&quot;:[],&quot;has_misleading_price&quot;:false},&quot;aspect_ratio&quot;:1.0,&quot;product_url&quot;:&quot;https://www.wish.com/c/5b5efaad2731bc35e1cb07ad&quot;,&quot;true_tag_ids&quot;:[&quot;53dc186421a86318bdc87f2b&quot;,&quot;546e82940d725226768b4125&quot;],&quot;display_picture&quot;:&quot;https://contestimg.wish.com/api/webimage/5b5efaad2731bc35e1cb07ad-medium.jpg?cache_buster=3ff069263d4ed49d9d7e0d60d4992be1&quot;,&quot;cache_buster&quot;:&quot;3ff069263d4ed49d9d7e0d60d4992be1&quot;,&quot;merchant_info&quot;:{&quot;image_url&quot;:&quot;https://s3-us-west-1.amazonaws.com/sweeper-production-merchantimage/light_default_dp.png&quot;,&quot;subtitle&quot;:&quot;75% Positive Feedback (4 ratings)&quot;,&quot;position&quot;:2,&quot;title&quot;:&quot;Lxiuu&quot;},&quot;contest_selected_picture&quot;:&quot;https://contestimg.wish.com/api/webimage/5b5efaad2731bc35e1cb07ad-contest.jpg?cache_buster=3ff069263d4ed49d9d7e0d60d4992be1&quot;,&quot;localized_value&quot;:{&quot;localized_value&quot;:384.0,&quot;symbol&quot;:&quot;&quot;,&quot;table_id&quot;:&quot;5be9250090b8a6c3caf4cdbc&quot;,&quot;currency_code&quot;:&quot;HKD&quot;},&quot;orig_height&quot;:800,&quot;id&quot;:&quot;5b5efaad2731bc35e1cb07ad&quot;,&quot;value&quot;:49,&quot;orig_width&quot;:800,&quot;is_new&quot;:false,&quot;small_picture&quot;:&quot;https://contestimg.wish.com/api/webimage/5b5efaad2731bc35e1cb07ad-small.jpg?cache_buster=3ff069263d4ed49d9d7e0d60d4992be1&quot;,&quot;boost_parameters&quot;:[{&quot;content_type&quot;:1,&quot;contents&quot;:[],&quot;source&quot;:3,&quot;bid&quot;:0.31},{&quot;content_type&quot;:3,&quot;contents&quot;:[],&quot;source&quot;:3,&quot;bid&quot;:0.31},{&quot;content_type&quot;:4,&quot;contents&quot;:[&quot;3 rows&quot;,&quot;21color lipstick&quot;,&quot;makeup&quot;,&quot;21 color sexy matte velvet&quot;,&quot;lip liner pen&quot;,&quot;lip&quot;,&quot;maquillaje&quot;,&quot;lip liners&quot;,&quot;24 rows&quot;,&quot;lipstick&quot;],&quot;source&quot;:3,&quot;bid&quot;:0.31},{&quot;content_type&quot;:10,&quot;contents&quot;:[],&quot;source&quot;:3,&quot;bid&quot;:0.31},{&quot;content_type&quot;:11,&quot;contents&quot;:[],&quot;source&quot;:3,&quot;bid&quot;:0.31},{&quot;content_type&quot;:12,&quot;contents&quot;:[],&quot;source&quot;:3,&quot;bid&quot;:0.31},{&quot;content_type&quot;:13,&quot;contents&quot;:[],&quot;source&quot;:3,&quot;bid&quot;:0.31},{&quot;content_type&quot;:14,&quot;contents&quot;:[],&quot;source&quot;:3,&quot;bid&quot;:0.31},{&quot;content_type&quot;:17,&quot;contents&quot;:[],&quot;source&quot;:3,&quot;bid&quot;:0.31}],&quot;should_block_impressions&quot;:false,&quot;num_bought&quot;:1000,&quot;name&quot;:&quot;&quot;,&quot;generation_time&quot;:1542007610,&quot;feed_tile_text&quot;:&quot;1000+ bought this&quot;,&quot;image_phash&quot;:-1323052423660014640,&quot;product_should_block_impressions&quot;:false,&quot;product_badges&quot;:[],&quot;contest_page_picture&quot;:&quot;https://contestimg.wish.com/api/webimage/5b5efaad2731bc35e1cb07ad-large.jpg?cache_buster=3ff069263d4ed49d9d7e0d60d4992be1&quot;},{&quot;commerce_product_info&quot;:{&quot;shipping_price_country_code&quot;:&quot;US&quot;,&quot;total_inventory&quot;:50,&quot;default_variation_experiment&quot;:{&quot;no-init-max&quot;:{&quot;shipping_price_country_code&quot;:&quot;US&quot;,&quot;merchant_id&quot;:&quot;58d3828699637874f89eb45a&quot;,&quot;has_tier_shipping_options&quot;:false,&quot;inventory&quot;:50,&quot;retail_price&quot;:10,&quot;enabled&quot;:true,&quot;shipping&quot;:7.0,&quot;price&quot;:2,&quot;price_before_personal_price&quot;:2,&quot;product_id&quot;:&quot;599fd57575b5ce1e943b1088&quot;,&quot;sequence_id&quot;:0,&quot;size_id&quot;:&quot;1&quot;,&quot;merchant_dp&quot;:&quot;https://s3-us-west-1.amazonaws.com/sweeper-production-merchantimage/default_dp.png&quot;,&quot;merchant_rating_class&quot;:&quot;star star-4-0&quot;,&quot;merchant_rating&quot;:3.962507058159232,&quot;value_in_points&quot;:750,&quot;localized_retail_price&quot;:{&quot;localized_value&quot;:79.0,&quot;symbol&quot;:&quot;&quot;,&quot;table_id&quot;:&quot;5be9250090b8a6c3caf4cdbc&quot;,&quot;currency_code&quot;:&quot;HKD&quot;},&quot;localized_merchant_price&quot;:1.0,&quot;localized_price_before_personal_price&quot;:{&quot;localized_value&quot;:16.0,&quot;symbol&quot;:&quot;&quot;,&quot;table_id&quot;:&quot;5be9250090b8a6c3caf4cdbc&quot;,&quot;currency_code&quot;:&quot;HKD&quot;},&quot;merchant_name&quot;:&quot;hoastlnen&quot;,&quot;merchant&quot;:&quot;hoastlnen&quot;,&quot;shipping_options&quot;:[{&quot;warehouse_type&quot;:2,&quot;localized_price&quot;:{&quot;localized_value&quot;:55.0,&quot;symbol&quot;:&quot;&quot;,&quot;table_id&quot;:&quot;5be9250090b8a6c3caf4cdbc&quot;,&quot;currency_code&quot;:&quot;HKD&quot;},&quot;price&quot;:7.0,&quot;name&quot;:&quot;Express Shipping&quot;,&quot;is_express_type&quot;:true,&quot;option_id&quot;:&quot;wish_express&quot;,&quot;id&quot;:&quot;wish_express&quot;,&quot;inventory&quot;:27,&quot;selected&quot;:false},{&quot;warehouse_type&quot;:1,&quot;localized_price&quot;:{&quot;localized_value&quot;:8.0,&quot;symbol&quot;:&quot;&quot;,&quot;table_id&quot;:&quot;5be9250090b8a6c3caf4cdbc&quot;,&quot;currency_code&quot;:&quot;HKD&quot;},&quot;price&quot;:1,&quot;name&quot;:&quot;Standard Shipping&quot;,&quot;is_express_type&quot;:false,&quot;option_id&quot;:&quot;standard&quot;,&quot;id&quot;:&quot;standard&quot;,&quot;inventory&quot;:26,&quot;selected&quot;:true}],&quot;shipping_countries_string&quot;:&quot;Ships to United States and 25 other countries&quot;,&quot;merchant_rating_count&quot;:26565,&quot;localized_shipping&quot;:{&quot;localized_value&quot;:55.0,&quot;symbol&quot;:&quot;&quot;,&quot;table_id&quot;:&quot;5be9250090b8a6c3caf4cdbc&quot;,&quot;currency_code&quot;:&quot;HKD&quot;},&quot;removed&quot;:false,&quot;localized_price&quot;:{&quot;localized_value&quot;:16.0,&quot;symbol&quot;:&quot;&quot;,&quot;table_id&quot;:&quot;5be9250090b8a6c3caf4cdbc&quot;,&quot;currency_code&quot;:&quot;HKD&quot;},&quot;variation_id&quot;:&quot;599fd57675b5ce1e943b1089&quot;},&quot;no-init-median&quot;:{&quot;shipping_price_country_code&quot;:&quot;US&quot;,&quot;merchant_id&quot;:&quot;58d3828699637874f89eb45a&quot;,&quot;has_tier_shipping_options&quot;:false,&quot;inventory&quot;:50,&quot;retail_price&quot;:10,&quot;enabled&quot;:true,&quot;shipping&quot;:7.0,&quot;price&quot;:2,&quot;price_before_personal_price&quot;:2,&quot;product_id&quot;:&quot;599fd57575b5ce1e943b1088&quot;,&quot;sequence_id&quot;:0,&quot;size_id&quot;:&quot;1&quot;,&quot;merchant_dp&quot;:&quot;https://s3-us-west-1.amazonaws.com/sweeper-production-merchantimage/default_dp.png&quot;,&quot;merchant_rating_class&quot;:&quot;star star-4-0&quot;,&quot;merchant_rating&quot;:3.962507058159232,&quot;value_in_points&quot;:750,&quot;localized_retail_price&quot;:{&quot;localized_value&quot;:79.0,&quot;symbol&quot;:&quot;&quot;,&quot;table_id&quot;:&quot;5be9250090b8a6c3caf4cdbc&quot;,&quot;currency_code&quot;:&quot;HKD&quot;},&quot;localized_merchant_price&quot;:1.0,&quot;localized_price_before_personal_price&quot;:{&quot;localized_value&quot;:16.0,&quot;symbol&quot;:&quot;&quot;,&quot;table_id&quot;:&quot;5be9250090b8a6c3caf4cdbc&quot;,&quot;currency_code&quot;:&quot;HKD&quot;},&quot;merchant_name&quot;:&quot;hoastlnen&quot;,&quot;merchant&quot;:&quot;hoastlnen&quot;,&quot;shipping_options&quot;:[{&quot;warehouse_type&quot;:2,&quot;localized_price&quot;:{&quot;localized_value&quot;:55.0,&quot;symbol&quot;:&quot;&quot;,&quot;table_id&quot;:&quot;5be9250090b8a6c3caf4cdbc&quot;,&quot;currency_code&quot;:&quot;HKD&quot;},&quot;price&quot;:7.0,&quot;name&quot;:&quot;Express Shipping&quot;,&quot;is_express_type&quot;:true,&quot;option_id&quot;:&quot;wish_express&quot;,&quot;id&quot;:&quot;wish_express&quot;,&quot;inventory&quot;:27,&quot;selected&quot;:false},{&quot;warehouse_type&quot;:1,&quot;localized_price&quot;:{&quot;localized_value&quot;:8.0,&quot;symbol&quot;:&quot;&quot;,&quot;table_id&quot;:&quot;5be9250090b8a6c3caf4cdbc&quot;,&quot;currency_code&quot;:&quot;HKD&quot;},&quot;price&quot;:1,&quot;name&quot;:&quot;Standard Shipping&quot;,&quot;is_express_type&quot;:false,&quot;option_id&quot;:&quot;standard&quot;,&quot;id&quot;:&quot;standard&quot;,&quot;inventory&quot;:26,&quot;selected&quot;:true}],&quot;shipping_countries_string&quot;:&quot;Ships to United States and 25 other countries&quot;,&quot;merchant_rating_count&quot;:26565,&quot;localized_shipping&quot;:{&quot;localized_value&quot;:55.0,&quot;symbol&quot;:&quot;&quot;,&quot;table_id&quot;:&quot;5be9250090b8a6c3caf4cdbc&quot;,&quot;currency_code&quot;:&quot;HKD&quot;},&quot;removed&quot;:false,&quot;localized_price&quot;:{&quot;localized_value&quot;:16.0,&quot;symbol&quot;:&quot;&quot;,&quot;table_id&quot;:&quot;5be9250090b8a6c3caf4cdbc&quot;,&quot;currency_code&quot;:&quot;HKD&quot;},&quot;variation_id&quot;:&quot;599fd57675b5ce1e943b1089&quot;},&quot;init-max&quot;:{&quot;shipping_price_country_code&quot;:&quot;US&quot;,&quot;merchant_id&quot;:&quot;58d3828699637874f89eb45a&quot;,&quot;has_tier_shipping_options&quot;:false,&quot;inventory&quot;:50,&quot;retail_price&quot;:10,&quot;enabled&quot;:true,&quot;shipping&quot;:7.0,&quot;price&quot;:2,&quot;price_before_personal_price&quot;:2,&quot;product_id&quot;:&quot;599fd57575b5ce1e943b1088&quot;,&quot;sequence_id&quot;:0,&quot;size_id&quot;:&quot;1&quot;,&quot;merchant_dp&quot;:&quot;https://s3-us-west-1.amazonaws.com/sweeper-production-merchantimage/default_dp.png&quot;,&quot;merchant_rating_class&quot;:&quot;star star-4-0&quot;,&quot;merchant_rating&quot;:3.962507058159232,&quot;value_in_points&quot;:750,&quot;localized_retail_price&quot;:{&quot;localized_value&quot;:79.0,&quot;symbol&quot;:&quot;&quot;,&quot;table_id&quot;:&quot;5be9250090b8a6c3caf4cdbc&quot;,&quot;currency_code&quot;:&quot;HKD&quot;},&quot;localized_merchant_price&quot;:1.0,&quot;localized_price_before_personal_price&quot;:{&quot;localized_value&quot;:16.0,&quot;symbol&quot;:&quot;&quot;,&quot;table_id&quot;:&quot;5be9250090b8a6c3caf4cdbc&quot;,&quot;currency_code&quot;:&quot;HKD&quot;},&quot;merchant_name&quot;:&quot;hoastlnen&quot;,&quot;merchant&quot;:&quot;hoastlnen&quot;,&quot;shipping_options&quot;:[{&quot;warehouse_type&quot;:2,&quot;localized_price&quot;:{&quot;localized_value&quot;:55.0,&quot;symbol&quot;:&quot;&quot;,&quot;table_id&quot;:&quot;5be9250090b8a6c3caf4cdbc&quot;,&quot;currency_code&quot;:&quot;HKD&quot;},&quot;price&quot;:7.0,&quot;name&quot;:&quot;Express Shipping&quot;,&quot;is_express_type&quot;:true,&quot;option_id&quot;:&quot;wish_express&quot;,&quot;id&quot;:&quot;wish_express&quot;,&quot;inventory&quot;:27,&quot;selected&quot;:false},{&quot;warehouse_type&quot;:1,&quot;localized_price&quot;:{&quot;localized_value&quot;:8.0,&quot;symbol&quot;:&quot;&quot;,&quot;table_id&quot;:&quot;5be9250090b8a6c3caf4cdbc&quot;,&quot;currency_code&quot;:&quot;HKD&quot;},&quot;price&quot;:1,&quot;name&quot;:&quot;Standard Shipping&quot;,&quot;is_express_type&quot;:false,&quot;option_id&quot;:&quot;standard&quot;,&quot;id&quot;:&quot;standard&quot;,&quot;inventory&quot;:26,&quot;selected&quot;:true}],&quot;shipping_countries_string&quot;:&quot;Ships to United States and 25 other countries&quot;,&quot;merchant_rating_count&quot;:26565,&quot;localized_shipping&quot;:{&quot;localized_value&quot;:55.0,&quot;symbol&quot;:&quot;&quot;,&quot;table_id&quot;:&quot;5be9250090b8a6c3caf4cdbc&quot;,&quot;currency_code&quot;:&quot;HKD&quot;},&quot;removed&quot;:false,&quot;localized_price&quot;:{&quot;localized_value&quot;:16.0,&quot;symbol&quot;:&quot;&quot;,&quot;table_id&quot;:&quot;5be9250090b8a6c3caf4cdbc&quot;,&quot;currency_code&quot;:&quot;HKD&quot;},&quot;variation_id&quot;:&quot;599fd57675b5ce1e943b1089&quot;},&quot;init-median&quot;:{&quot;shipping_price_country_code&quot;:&quot;US&quot;,&quot;merchant_id&quot;:&quot;58d3828699637874f89eb45a&quot;,&quot;has_tier_shipping_options&quot;:false,&quot;inventory&quot;:50,&quot;retail_price&quot;:10,&quot;enabled&quot;:true,&quot;shipping&quot;:7.0,&quot;price&quot;:2,&quot;price_before_personal_price&quot;:2,&quot;product_id&quot;:&quot;599fd57575b5ce1e943b1088&quot;,&quot;sequence_id&quot;:0,&quot;size_id&quot;:&quot;1&quot;,&quot;merchant_dp&quot;:&quot;https://s3-us-west-1.amazonaws.com/sweeper-production-merchantimage/default_dp.png&quot;,&quot;merchant_rating_class&quot;:&quot;star star-4-0&quot;,&quot;merchant_rating&quot;:3.962507058159232,&quot;value_in_points&quot;:750,&quot;localized_retail_price&quot;:{&quot;localized_value&quot;:79.0,&quot;symbol&quot;:&quot;&quot;,&quot;table_id&quot;:&quot;5be9250090b8a6c3caf4cdbc&quot;,&quot;currency_code&quot;:&quot;HKD&quot;},&quot;localized_merchant_price&quot;:1.0,&quot;localized_price_before_personal_price&quot;:{&quot;localized_value&quot;:16.0,&quot;symbol&quot;:&quot;&quot;,&quot;table_id&quot;:&quot;5be9250090b8a6c3caf4cdbc&quot;,&quot;currency_code&quot;:&quot;HKD&quot;},&quot;merchant_name&quot;:&quot;hoastlnen&quot;,&quot;merchant&quot;:&quot;hoastlnen&quot;,&quot;shipping_options&quot;:[{&quot;warehouse_type&quot;:2,&quot;localized_price&quot;:{&quot;localized_value&quot;:55.0,&quot;symbol&quot;:&quot;&quot;,&quot;table_id&quot;:&quot;5be9250090b8a6c3caf4cdbc&quot;,&quot;currency_code&quot;:&quot;HKD&quot;},&quot;price&quot;:7.0,&quot;name&quot;:&quot;Express Shipping&quot;,&quot;is_express_type&quot;:true,&quot;option_id&quot;:&quot;wish_express&quot;,&quot;id&quot;:&quot;wish_express&quot;,&quot;inventory&quot;:27,&quot;selected&quot;:false},{&quot;warehouse_type&quot;:1,&quot;localized_price&quot;:{&quot;localized_value&quot;:8.0,&quot;symbol&quot;:&quot;&quot;,&quot;table_id&quot;:&quot;5be9250090b8a6c3caf4cdbc&quot;,&quot;currency_code&quot;:&quot;HKD&quot;},&quot;price&quot;:1,&quot;name&quot;:&quot;Standard Shipping&quot;,&quot;is_express_type&quot;:false,&quot;option_id&quot;:&quot;standard&quot;,&quot;id&quot;:&quot;standard&quot;,&quot;inventory&quot;:26,&quot;selected&quot;:true}],&quot;shipping_countries_string&quot;:&quot;Ships to United States and 25 other countries&quot;,&quot;merchant_rating_count&quot;:26565,&quot;localized_shipping&quot;:{&quot;localized_value&quot;:55.0,&quot;symbol&quot;:&quot;&quot;,&quot;table_id&quot;:&quot;5be9250090b8a6c3caf4cdbc&quot;,&quot;currency_code&quot;:&quot;HKD&quot;},&quot;removed&quot;:false,&quot;localized_price&quot;:{&quot;localized_value&quot;:16.0,&quot;symbol&quot;:&quot;&quot;,&quot;table_id&quot;:&quot;5be9250090b8a6c3caf4cdbc&quot;,&quot;currency_code&quot;:&quot;HKD&quot;},&quot;variation_id&quot;:&quot;599fd57675b5ce1e943b1089&quot;}},&quot;variations&quot;:[{&quot;shipping_price_country_code&quot;:&quot;US&quot;,&quot;merchant_id&quot;:&quot;58d3828699637874f89eb45a&quot;,&quot;has_tier_shipping_options&quot;:false,&quot;inventory&quot;:50,&quot;retail_price&quot;:10,&quot;enabled&quot;:true,&quot;shipping&quot;:7.0,&quot;price&quot;:2,&quot;price_before_personal_price&quot;:2,&quot;product_id&quot;:&quot;599fd57575b5ce1e943b1088&quot;,&quot;sequence_id&quot;:0,&quot;size_id&quot;:&quot;1&quot;,&quot;merchant_dp&quot;:&quot;https://s3-us-west-1.amazonaws.com/sweeper-production-merchantimage/default_dp.png&quot;,&quot;merchant_rating_class&quot;:&quot;star star-4-0&quot;,&quot;merchant_rating&quot;:3.962507058159232,&quot;value_in_points&quot;:750,&quot;localized_retail_price&quot;:{&quot;localized_value&quot;:79.0,&quot;symbol&quot;:&quot;&quot;,&quot;table_id&quot;:&quot;5be9250090b8a6c3caf4cdbc&quot;,&quot;currency_code&quot;:&quot;HKD&quot;},&quot;localized_merchant_price&quot;:1.0,&quot;localized_price_before_personal_price&quot;:{&quot;localized_value&quot;:16.0,&quot;symbol&quot;:&quot;&quot;,&quot;table_id&quot;:&quot;5be9250090b8a6c3caf4cdbc&quot;,&quot;currency_code&quot;:&quot;HKD&quot;},&quot;merchant_name&quot;:&quot;hoastlnen&quot;,&quot;merchant&quot;:&quot;hoastlnen&quot;,&quot;shipping_options&quot;:[{&quot;warehouse_type&quot;:2,&quot;localized_price&quot;:{&quot;localized_value&quot;:55.0,&quot;symbol&quot;:&quot;&quot;,&quot;table_id&quot;:&quot;5be9250090b8a6c3caf4cdbc&quot;,&quot;currency_code&quot;:&quot;HKD&quot;},&quot;price&quot;:7.0,&quot;name&quot;:&quot;Express Shipping&quot;,&quot;is_express_type&quot;:true,&quot;option_id&quot;:&quot;wish_express&quot;,&quot;id&quot;:&quot;wish_express&quot;,&quot;inventory&quot;:27,&quot;selected&quot;:false},{&quot;warehouse_type&quot;:1,&quot;localized_price&quot;:{&quot;localized_value&quot;:8.0,&quot;symbol&quot;:&quot;&quot;,&quot;table_id&quot;:&quot;5be9250090b8a6c3caf4cdbc&quot;,&quot;currency_code&quot;:&quot;HKD&quot;},&quot;price&quot;:1,&quot;name&quot;:&quot;Standard Shipping&quot;,&quot;is_express_type&quot;:false,&quot;option_id&quot;:&quot;standard&quot;,&quot;id&quot;:&quot;standard&quot;,&quot;inventory&quot;:26,&quot;selected&quot;:true}],&quot;shipping_countries_string&quot;:&quot;Ships to United States and 25 other countries&quot;,&quot;merchant_rating_count&quot;:26565,&quot;localized_shipping&quot;:{&quot;localized_value&quot;:55.0,&quot;symbol&quot;:&quot;&quot;,&quot;table_id&quot;:&quot;5be9250090b8a6c3caf4cdbc&quot;,&quot;currency_code&quot;:&quot;HKD&quot;},&quot;removed&quot;:false,&quot;localized_price&quot;:{&quot;localized_value&quot;:16.0,&quot;symbol&quot;:&quot;&quot;,&quot;table_id&quot;:&quot;5be9250090b8a6c3caf4cdbc&quot;,&quot;currency_code&quot;:&quot;HKD&quot;},&quot;variation_id&quot;:&quot;599fd57675b5ce1e943b1089&quot;},{&quot;shipping_price_country_code&quot;:&quot;US&quot;,&quot;merchant_id&quot;:&quot;58d3828699637874f89eb45a&quot;,&quot;has_tier_shipping_options&quot;:false,&quot;inventory&quot;:50,&quot;retail_price&quot;:10,&quot;enabled&quot;:true,&quot;shipping&quot;:7.0,&quot;price&quot;:2,&quot;price_before_personal_price&quot;:2,&quot;product_id&quot;:&quot;599fd57575b5ce1e943b1088&quot;,&quot;sequence_id&quot;:0,&quot;size_id&quot;:&quot;4&quot;,&quot;merchant_dp&quot;:&quot;https://s3-us-west-1.amazonaws.com/sweeper-production-merchantimage/default_dp.png&quot;,&quot;merchant_rating_class&quot;:&quot;star star-4-0&quot;,&quot;merchant_rating&quot;:3.962507058159232,&quot;value_in_points&quot;:750,&quot;localized_retail_price&quot;:{&quot;localized_value&quot;:79.0,&quot;symbol&quot;:&quot;&quot;,&quot;table_id&quot;:&quot;5be9250090b8a6c3caf4cdbc&quot;,&quot;currency_code&quot;:&quot;HKD&quot;},&quot;localized_merchant_price&quot;:1.0,&quot;localized_price_before_personal_price&quot;:{&quot;localized_value&quot;:16.0,&quot;symbol&quot;:&quot;&quot;,&quot;table_id&quot;:&quot;5be9250090b8a6c3caf4cdbc&quot;,&quot;currency_code&quot;:&quot;HKD&quot;},&quot;merchant_name&quot;:&quot;hoastlnen&quot;,&quot;merchant&quot;:&quot;hoastlnen&quot;,&quot;shipping_options&quot;:[{&quot;warehouse_type&quot;:2,&quot;localized_price&quot;:{&quot;localized_value&quot;:55.0,&quot;symbol&quot;:&quot;&quot;,&quot;table_id&quot;:&quot;5be9250090b8a6c3caf4cdbc&quot;,&quot;currency_code&quot;:&quot;HKD&quot;},&quot;price&quot;:7.0,&quot;name&quot;:&quot;Express Shipping&quot;,&quot;is_express_type&quot;:true,&quot;option_id&quot;:&quot;wish_express&quot;,&quot;id&quot;:&quot;wish_express&quot;,&quot;inventory&quot;:21,&quot;selected&quot;:false},{&quot;warehouse_type&quot;:1,&quot;localized_price&quot;:{&quot;localized_value&quot;:8.0,&quot;symbol&quot;:&quot;&quot;,&quot;table_id&quot;:&quot;5be9250090b8a6c3caf4cdbc&quot;,&quot;currency_code&quot;:&quot;HKD&quot;},&quot;price&quot;:1,&quot;name&quot;:&quot;Standard Shipping&quot;,&quot;is_express_type&quot;:false,&quot;option_id&quot;:&quot;standard&quot;,&quot;id&quot;:&quot;standard&quot;,&quot;inventory&quot;:50,&quot;selected&quot;:true}],&quot;shipping_countries_string&quot;:&quot;Ships to United States and 25 other countries&quot;,&quot;merchant_rating_count&quot;:26565,&quot;localized_shipping&quot;:{&quot;localized_value&quot;:55.0,&quot;symbol&quot;:&quot;&quot;,&quot;table_id&quot;:&quot;5be9250090b8a6c3caf4cdbc&quot;,&quot;currency_code&quot;:&quot;HKD&quot;},&quot;removed&quot;:false,&quot;localized_price&quot;:{&quot;localized_value&quot;:16.0,&quot;symbol&quot;:&quot;&quot;,&quot;table_id&quot;:&quot;5be9250090b8a6c3caf4cdbc&quot;,&quot;currency_code&quot;:&quot;HKD&quot;},&quot;variation_id&quot;:&quot;599fd57775b5ce1e943b1090&quot;}],&quot;can_ship_to_location&quot;:false,&quot;logging_fields&quot;:{&quot;log_is_pb&quot;:&quot;0&quot;,&quot;log_product_id&quot;:&quot;599fd57575b5ce1e943b1088&quot;,&quot;log_tid&quot;:212,&quot;log_session_id&quot;:&quot;e00693542f50442f806f9463022436d6&quot;,&quot;log_request_id&quot;:&quot;5be9313d98e2193b07035d2b&quot;,&quot;log_request_time&quot;:1542009149,&quot;log_product_price&quot;:&quot;2&quot;},&quot;has_tier_shipping_options&quot;:false,&quot;id&quot;:&quot;599fd57575b5ce1e943b1088&quot;,&quot;blocked_shipping_countries&quot;:[],&quot;has_misleading_price&quot;:false},&quot;aspect_ratio&quot;:1.0,&quot;product_url&quot;:&quot;https://www.wish.com/c/599fd57575b5ce1e943b1088&quot;,&quot;true_tag_ids&quot;:[&quot;5478f28258f177436386b912&quot;],&quot;display_picture&quot;:&quot;https://contestimg.wish.com/api/webimage/599fd57575b5ce1e943b1088-medium.jpg?cache_buster=fef207bcb1cd95af2b33476d6a311531&quot;,&quot;cache_buster&quot;:&quot;fef207bcb1cd95af2b33476d6a311531&quot;,&quot;merchant_info&quot;:{&quot;image_url&quot;:&quot;https://s3-us-west-1.amazonaws.com/sweeper-production-merchantimage/light_default_dp.png&quot;,&quot;subtitle&quot;:&quot;83% Positive Feedback (26,565 ratings)&quot;,&quot;position&quot;:2,&quot;title&quot;:&quot;hoastlnen&quot;},&quot;contest_selected_picture&quot;:&quot;https://contestimg.wish.com/api/webimage/599fd57575b5ce1e943b1088-contest.jpg?cache_buster=fef207bcb1cd95af2b33476d6a311531&quot;,&quot;localized_value&quot;:{&quot;localized_value&quot;:79.0,&quot;symbol&quot;:&quot;&quot;,&quot;table_id&quot;:&quot;5be9250090b8a6c3caf4cdbc&quot;,&quot;currency_code&quot;:&quot;HKD&quot;},&quot;orig_height&quot;:700,&quot;id&quot;:&quot;599fd57575b5ce1e943b1088&quot;,&quot;value&quot;:10,&quot;orig_width&quot;:700,&quot;is_new&quot;:false,&quot;small_picture&quot;:&quot;https://contestimg.wish.com/api/webimage/599fd57575b5ce1e943b1088-small.jpg?cache_buster=fef207bcb1cd95af2b33476d6a311531&quot;,&quot;boost_parameters&quot;:[],&quot;should_block_impressions&quot;:false,&quot;num_bought&quot;:1000,&quot;name&quot;:&quot;&quot;,&quot;generation_time&quot;:1542007607,&quot;feed_tile_text&quot;:&quot;1000+ bought this&quot;,&quot;product_should_block_impressions&quot;:false,&quot;image_phash&quot;:-1808481692470113272,&quot;product_badges&quot;:[{&quot;badge_extra_message&quot;:&quot;Fast Shipping!&quot;,&quot;badge_short_description&quot;:&quot;5-7 day delivery&quot;,&quot;badge_title&quot;:&quot;Faster Shipping&quot;,&quot;badge_type&quot;:2,&quot;badge_message&quot;:&quot;Get 5 - 7 day delivery on this product!&quot;}],&quot;contest_page_picture&quot;:&quot;https://contestimg.wish.com/api/webimage/599fd57575b5ce1e943b1088-large.jpg?cache_buster=fef207bcb1cd95af2b33476d6a311531&quot;}]}}">
      <![CDATA[com.roger.grab.base.domain.exception.GrabException: 返回code为非正常,code:2,data:{"msg":"You must be logged in to perform this action.","code":2,"data":{"items":[{"commerce_product_info":{"shipping_price_country_code":"US","total_inventory":50,"default_variation_experiment":{"no-init-max":{"shipping_price_country_code":"US","merchant_id":"58d8ec65ebdcec52c62e7a27","has_tier_shipping_options":false,"inventory":50,"retail_price":19,"enabled":true,"shipping":1,"price":2,"price_before_personal_price":2,"product_id":"5b0e0f822ea2a264f9170b48","sequence_id":2,"size_id":"Triggers","merchant_dp":"https://s3-us-west-1.amazonaws.com/sweeper-production-merchantimage/default_dp.png","merchant_rating_class":"star star-4-0","merchant_rating":4.200527704485488,"value_in_points":750,"localized_retail_price":{"localized_value":149.0,"symbol":"","table_id":"5be9250090b8a6c3caf4cdbc","currency_code":"HKD"},"localized_merchant_price":1.0,"localized_price_before_personal_price":{"localized_value":16.0,"symbol":"","table_id":"5be9250090b8a6c3caf4cdbc","currency_code":"HKD"},"merchant_name":"kennethewan999","merchant":"kennethewan999","shipping_options":[{"warehouse_type":1,"localized_price":{"localized_value":8.0,"symbol":"","table_id":"5be9250090b8a6c3caf4cdbc","currency_code":"HKD"},"price":1,"name":"Standard Shipping","is_express_type":false,"option_id":"standard","id":"standard","inventory":50,"selected":true}],"shipping_countries_string":"Ships to United States and 52 other countries","merchant_rating_count":1895,"localized_shipping":{"localized_value":8.0,"symbol":"","table_id":"5be9250090b8a6c3caf4cdbc","currency_code":"HKD"},"color_id":"black & silver","removed":false,"localized_price":{"localized_value":16.0,"symbol":"","table_id":"5be9250090b8a6c3caf4cdbc","currency_code":"HKD"},"variation_id":"5b0e0f822ea2a264f9170b49"},"no-init-median":{"shipping_price_country_code":"US","merchant_id":"58d8ec65ebdcec52c62e7a27","has_tier_shipping_options":false,"inventory":50,"retail_price":19,"enabled":true,"shipping":1,"price":2,"price_before_personal_price":2,"product_id":"5b0e0f822ea2a264f9170b48","sequence_id":2,"size_id":"Triggers","merchant_dp":"https://s3-us-west-1.amazonaws.com/sweeper-production-merchantimage/default_dp.png","merchant_rating_class":"star star-4-0","merchant_rating":4.200527704485488,"value_in_points":750,"localized_retail_price":{"localized_value":149.0,"symbol":"","table_id":"5be9250090b8a6c3caf4cdbc","currency_code":"HKD"},"localized_merchant_price":1.0,"localized_price_before_personal_price":{"localized_value":16.0,"symbol":"","table_id":"5be9250090b8a6c3caf4cdbc","currency_code":"HKD"},"merchant_name":"kennethewan999","merchant":"kennethewan999","shipping_options":[{"warehouse_type":1,"localized_price":{"localized_value":8.0,"symbol":"","table_id":"5be9250090b8a6c3caf4cdbc","currency_code":"HKD"},"price":1,"name":"Standard Shipping","is_express_type":false,"option_id":"standard","id":"standard","inventory":50,"selected":true}],"shipping_countries_string":"Ships to United States and 52 other countries","merchant_rating_count":1895,"localized_shipping":{"localized_value":8.0,"symbol":"","table_id":"5be9250090b8a6c3caf4cdbc","currency_code":"HKD"},"color_id":"black & silver","removed":false,"localized_price":{"localized_value":16.0,"symbol":"","table_id":"5be9250090b8a6c3caf4cdbc","currency_code":"HKD"},"variation_id":"5b0e0f822ea2a264f9170b49"},"init-max":{"shipping_price_country_code":"US","merchant_id":"58d8ec65ebdcec52c62e7a27","has_tier_shipping_options":false,"inventory":50,"retail_price":19,"enabled":true,"shipping":1,"price":2,"price_before_personal_price":2,"product_id":"5b0e0f822ea2a264f9170b48","sequence_id":2,"size_id":"Triggers","merchant_dp":"https://s3-us-west-1.amazonaws.com/sweeper-production-merchantimage/default_dp.png","merchant_rating_class":"star star-4-0","merchant_rating":4.200527704485488,"value_in_points":750,"localized_retail_price":{"localized_value":149.0,"symbol":"","table_id":"5be9250090b8a6c3caf4cdbc","currency_code":"HKD"},"localized_merchant_price":1.0,"localized_price_before_personal_price":{"localized_value":16.0,"symbol":"","table_id":"5be9250090b8a6c3caf4cdbc","currency_code":"HKD"},"merchant_name":"kennethewan999","merchant":"kennethewan999","shipping_options":[{"warehouse_type":1,"localized_price":{"localized_value":8.0,"symbol":"","table_id":"5be9250090b8a6c3caf4cdbc","currency_code":"HKD"},"price":1,"name":"Standard Shipping","is_express_type":false,"option_id":"standard","id":"standard","inventory":50,"selected":true}],"shipping_countries_string":"Ships to United States and 52 other countries","merchant_rating_count":1895,"localized_shipping":{"localized_value":8.0,"symbol":"","table_id":"5be9250090b8a6c3caf4cdbc","currency_code":"HKD"},"color_id":"black & silver","removed":false,"localized_price":{"localized_value":16.0,"symbol":"","table_id":"5be9250090b8a6c3caf4cdbc","currency_code":"HKD"},"variation_id":"5b0e0f822ea2a264f9170b49"},"init-median":{"shipping_price_country_code":"US","merchant_id":"58d8ec65ebdcec52c62e7a27","has_tier_shipping_options":false,"inventory":50,"retail_price":19,"enabled":true,"shipping":1,"price":2,"price_before_personal_price":2,"product_id":"5b0e0f822ea2a264f9170b48","sequence_id":2,"size_id":"Triggers","merchant_dp":"https://s3-us-west-1.amazonaws.com/sweeper-production-merchantimage/default_dp.png","merchant_rating_class":"star star-4-0","merchant_rating":4.200527704485488,"value_in_points":750,"localized_retail_price":{"localized_value":149.0,"symbol":"","table_id":"5be9250090b8a6c3caf4cdbc","currency_code":"HKD"},"localized_merchant_price":1.0,"localized_price_before_personal_price":{"localized_value":16.0,"symbol":"","table_id":"5be9250090b8a6c3caf4cdbc","currency_code":"HKD"},"merchant_name":"kennethewan999","merchant":"kennethewan999","shipping_options":[{"warehouse_type":1,"localized_price":{"localized_value":8.0,"symbol":"","table_id":"5be9250090b8a6c3caf4cdbc","currency_code":"HKD"},"price":1,"name":"Standard Shipping","is_express_type":false,"option_id":"standard","id":"standard","inventory":50,"selected":true}],"shipping_countries_string":"Ships to United States and 52 other countries","merchant_rating_count":1895,"localized_shipping":{"localized_value":8.0,"symbol":"","table_id":"5be9250090b8a6c3caf4cdbc","currency_code":"HKD"},"color_id":"black & silver","removed":false,"localized_price":{"localized_value":16.0,"symbol":"","table_id":"5be9250090b8a6c3caf4cdbc","currency_code":"HKD"},"variation_id":"5b0e0f822ea2a264f9170b49"}},"variations":[{"shipping_price_country_code":"US","merchant_id":"58d8ec65ebdcec52c62e7a27","has_tier_shipping_options":false,"inventory":50,"retail_price":19,"enabled":true,"shipping":1,"price":2,"price_before_personal_price":2,"product_id":"5b0e0f822ea2a264f9170b48","sequence_id":2,"size_id":"Triggers","merchant_dp":"https://s3-us-west-1.amazonaws.com/sweeper-production-merchantimage/default_dp.png","merchant_rating_class":"star star-4-0","merchant_rating":4.200527704485488,"value_in_points":750,"localized_retail_price":{"localized_value":149.0,"symbol":"","table_id":"5be9250090b8a6c3caf4cdbc","currency_code":"HKD"},"localized_merchant_price":1.0,"localized_price_before_personal_price":{"localized_value":16.0,"symbol":"","table_id":"5be9250090b8a6c3caf4cdbc","currency_code":"HKD"},"merchant_name":"kennethewan999","merchant":"kennethewan999","shipping_options":[{"warehouse_type":1,"localized_price":{"localized_value":8.0,"symbol":"","table_id":"5be9250090b8a6c3caf4cdbc","currency_code":"HKD"},"price":1,"name":"Standard Shipping","is_express_type":false,"option_id":"standard","id":"standard","inventory":50,"selected":true}],"shipping_countries_string":"Ships to United States and 52 other countries","merchant_rating_count":1895,"localized_shipping":{"localized_value":8.0,"symbol":"","table_id":"5be9250090b8a6c3caf4cdbc","currency_code":"HKD"},"color_id":"black & silver","removed":false,"localized_price":{"localized_value":16.0,"symbol":"","table_id":"5be9250090b8a6c3caf4cdbc","currency_code":"HKD"},"variation_id":"5b0e0f822ea2a264f9170b49"},{"shipping_price_country_code":"US","merchant_id":"58d8ec65ebdcec52c62e7a27","has_tier_shipping_options":false,"inventory":50,"retail_price":19,"enabled":true,"shipping":2.0,"price":8,"price_before_personal_price":8,"product_id":"5b0e0f822ea2a264f9170b48","sequence_id":0,"size_id":"Only handle","merchant_dp":"https://s3-us-west-1.amazonaws.com/sweeper-production-merchantimage/default_dp.png","merchant_rating_class":"star star-4-0","merchant_rating":4.200527704485488,"value_in_points":2750,"localized_retail_price":{"localized_value":149.0,"symbol":"","table_id":"5be9250090b8a6c3caf4cdbc","currency_code":"HKD"},"localized_merchant_price":3.0,"localized_price_before_personal_price":{"localized_value":63.0,"symbol":"","table_id":"5be9250090b8a6c3caf4cdbc","currency_code":"HKD"},"merchant_name":"kennethewan999","merchant":"kennethewan999","shipping_options":[{"warehouse_type":1,"localized_price":{"localized_value":16.0,"symbol":"","table_id":"5be9250090b8a6c3caf4cdbc","currency_code":"HKD"},"price":2.0,"name":"Standard Shipping","is_express_type":false,"option_id":"standard","id":"standard","inventory":50,"selected":true}],"shipping_countries_string":"Ships to United States and 52 other countries","merchant_rating_count":1895,"localized_shipping":{"localized_value":16.0,"symbol":"","table_id":"5be9250090b8a6c3caf4cdbc","currency_code":"HKD"},"color_id":"black","removed":false,"localized_price":{"localized_value":63.0,"symbol":"","table_id":"5be9250090b8a6c3caf4cdbc","currency_code":"HKD"},"variation_id":"5b0e0f867d2cfe04658d298f"}],"can_ship_to_location":false,"logging_fields":{"log_is_pb":"0","log_product_id":"5b0e0f822ea2a264f9170b48","log_tid":212,"log_session_id":"e00693542f50442f806f9463022436d6","log_request_id":"5be9313d98e2193b07035d2b","log_request_time":1542009149,"log_product_price":"2"},"has_tier_shipping_options":false,"id":"5b0e0f822ea2a264f9170b48","blocked_shipping_countries":[],"has_misleading_price":false},"aspect_ratio":1.0,"product_url":"https://www.wish.com/c/5b0e0f822ea2a264f9170b48","true_tag_ids":["5409ff8f0b642539d49b4b8a","54b8349ff8a0b3564716df2b"],"display_picture":"https://contestimg.wish.com/api/webimage/5b0e0f822ea2a264f9170b48-medium.jpg?cache_buster=8edde34b3adc4d4e61e65bc0895e7c46","cache_buster":"8edde34b3adc4d4e61e65bc0895e7c46","merchant_info":{"image_url":"https://s3-us-west-1.amazonaws.com/sweeper-production-merchantimage/light_default_dp.png","subtitle":"88% Positive Feedback (1,895 ratings)","position":2,"title":"kennethewan999"},"contest_selected_picture":"https://contestimg.wish.com/api/webimage/5b0e0f822ea2a264f9170b48-contest.jpg?cache_buster=8edde34b3adc4d4e61e65bc0895e7c46","localized_value":{"localized_value":149.0,"symbol":"","table_id":"5be9250090b8a6c3caf4cdbc","currency_code":"HKD"},"orig_height":1200,"id":"5b0e0f822ea2a264f9170b48","value":19,"orig_width":1200,"is_new":false,"small_picture":"https://contestimg.wish.com/api/webimage/5b0e0f822ea2a264f9170b48-small.jpg?cache_buster=8edde34b3adc4d4e61e65bc0895e7c46","boost_parameters":[{"content_type":1,"contents":[],"source":3,"bid":0.3},{"content_type":3,"contents":[],"source":3,"bid":0.3},{"content_type":4,"contents":["controller for pubg","pubg handle","game hand","trigger for pubg"],"source":3,"bid":0.3},{"content_type":10,"contents":[],"source":3,"bid":0.3},{"content_type":11,"contents":[],"source":3,"bid":0.3},{"content_type":12,"contents":[],"source":3,"bid":0.3},{"content_type":13,"contents":[],"source":3,"bid":0.3},{"content_type":14,"contents":[],"source":3,"bid":0.3},{"content_type":17,"contents":[],"source":3,"bid":0.3}],"should_block_impressions":false,"num_bought":1000,"name":"","generation_time":1542007635,"feed_tile_text":"1000+ bought this","image_phash":-303638027673848348,"product_should_block_impressions":false,"product_badges":[],"contest_page_picture":"https://contestimg.wish.com/api/webimage/5b0e0f822ea2a264f9170b48-large.jpg?cache_buster=8edde34b3adc4d4e61e65bc0895e7c46"},{"commerce_product_info":{"shipping_price_country_code":"US","total_inventory":50,"default_variation_experiment":{"no-init-max":{"shipping_price_country_code":"US","original_price":1,"localized_merchant_cost":0.85,"merchant_id":"53e46993d9113931b03379f5","experiment_shipping_options":{"reasonable2":[{"original_price":1.0,"warehouse_type":1,"localized_merchant_cost":0.85,"cost":0.85,"localized_merchant_price":1.0,"is_express_type":false,"inventory":218,"price":1.0,"name":"Standard Shipping","option_id":"standard","id":"standard","selected":false,"warehouse_id":"59b84dc66fa88c8a4fc2c02f"}],"max5":[{"original_price":1.0,"warehouse_type":1,"localized_merchant_cost":0.85,"cost":0.85,"localized_merchant_price":1.0,"is_express_type":false,"inventory":218,"price":1.0,"name":"Standard Shipping","option_id":"standard","id":"standard","selected":false,"warehouse_id":"59b84dc66fa88c8a4fc2c02f"}],"control":[{"original_price":1.0,"warehouse_type":1,"localized_merchant_cost":0.85,"cost":0.85,"localized_merchant_price":1.0,"is_express_type":false,"inventory":218,"price":1.0,"name":"Standard Shipping","option_id":"standard","id":"standard","selected":false,"warehouse_id":"59b84dc66fa88c8a4fc2c02f"}]},"has_tier_shipping_options":false,"inventory":218,"retail_price":16,"enabled":true,"merchant_price":1.0,"merchant_is_cost_based":false,"shipping":1,"is_strategic_merchant":false,"merchant_shipping":1.0,"price":1,"product_id":"5a3e0f72552354190c6c1751","sequence_id":0,"size_id":"S","merchant_dp":"https://s3-us-west-1.amazonaws.com/sweeper-production-merchantimage/default_dp.png","merchant_rating_class":"star star-4-5","merchant_rating":4.274652647390162,"cost":0.85,"merchant_source_currency":"USD","shipping_cost":0.85,"is_wish_x_merchant":false,"localized_merchant_price":1.0,"merchant_name":"saihetech","merchant":"TinkSky Beauty Store","purchase_count":307,"shipping_options":[{"original_price":1.0,"warehouse_type":1,"localized_merchant_cost":0.85,"cost":0.85,"localized_merchant_price":1.0,"is_express_type":false,"inventory":218,"price":1.0,"name":"Standard Shipping","option_id":"standard","id":"standard","selected":false,"warehouse_id":"59b84dc66fa88c8a4fc2c02f"}],"lifetime_gmv":773.3781519284735,"shipping_countries_string":"Ships to United States and 75 other countries","merchant_rating_count":39945,"color_id":"black","merchant_rev_share":15.0,"removed":false,"variation_id":"5a3e0f77eae9ef2f9a290781","ships_from":"Overseas"},"no-init-median":{"shipping_price_country_code":"US","merchant_id":"53e46993d9113931b03379f5","has_tier_shipping_options":false,"inventory":50,"retail_price":4,"enabled":true,"shipping":1,"price":1,"price_before_personal_price":1,"product_id":"5a3e0f72552354190c6c1751","sequence_id":0,"size_id":"S","merchant_dp":"https://s3-us-west-1.amazonaws.com/sweeper-production-merchantimage/default_dp.png","merchant_rating_class":"star star-4-5","merchant_rating":4.274652647390162,"value_in_points":500,"localized_retail_price":{"localized_value":32.0,"symbol":"","table_id":"5be9250090b8a6c3caf4cdbc","currency_code":"HKD"},"localized_merchant_price":1.0,"localized_price_before_personal_price":{"localized_value":8.0,"symbol":"","table_id":"5be9250090b8a6c3caf4cdbc","currency_code":"HKD"},"merchant_name":"saihetech","merchant":"TinkSky Beauty Store","shipping_options":[{"warehouse_type":1,"localized_price":{"localized_value":8.0,"symbol":"","table_id":"5be9250090b8a6c3caf4cdbc","currency_code":"HKD"},"price":1,"name":"Standard Shipping","is_express_type":false,"option_id":"standard","id":"standard","inventory":50,"selected":true}],"shipping_countries_string":"Ships to United States and 75 other countries","merchant_rating_count":39945,"localized_shipping":{"localized_value":8.0,"symbol":"","table_id":"5be9250090b8a6c3caf4cdbc","currency_code":"HKD"},"color_id":"royalblue","removed":false,"localized_price":{"localized_value":8.0,"symbol":"","table_id":"5be9250090b8a6c3caf4cdbc","currency_code":"HKD"},"variation_id":"5a3e0f72552354190c6c1752","ships_from":"Overseas"},"init-max":{"shipping_price_country_code":"US","original_price":1,"localized_merchant_cost":0.85,"merchant_id":"53e46993d9113931b03379f5","experiment_shipping_options":{"reasonable2":[{"original_price":1.0,"warehouse_type":1,"localized_merchant_cost":0.85,"cost":0.85,"localized_merchant_price":1.0,"is_express_type":false,"inventory":218,"price":1.0,"name":"Standard Shipping","option_id":"standard","id":"standard","selected":false,"warehouse_id":"59b84dc66fa88c8a4fc2c02f"}],"max5":[{"original_price":1.0,"warehouse_type":1,"localized_merchant_cost":0.85,"cost":0.85,"localized_merchant_price":1.0,"is_express_type":false,"inventory":218,"price":1.0,"name":"Standard Shipping","option_id":"standard","id":"standard","selected":false,"warehouse_id":"59b84dc66fa88c8a4fc2c02f"}],"control":[{"original_price":1.0,"warehouse_type":1,"localized_merchant_cost":0.85,"cost":0.85,"localized_merchant_price":1.0,"is_express_type":false,"inventory":218,"price":1.0,"name":"Standard Shipping","option_id":"standard","id":"standard","selected":false,"warehouse_id":"59b84dc66fa88c8a4fc2c02f"}]},"has_tier_shipping_options":false,"inventory":218,"retail_price":16,"enabled":true,"merchant_price":1.0,"merchant_is_cost_based":false,"shipping":1,"is_strategic_merchant":false,"merchant_shipping":1.0,"price":1,"product_id":"5a3e0f72552354190c6c1751","sequence_id":0,"size_id":"S","merchant_dp":"https://s3-us-west-1.amazonaws.com/sweeper-production-merchantimage/default_dp.png","merchant_rating_class":"star star-4-5","merchant_rating":4.274652647390162,"cost":0.85,"merchant_source_currency":"USD","shipping_cost":0.85,"is_wish_x_merchant":false,"localized_merchant_price":1.0,"merchant_name":"saihetech","merchant":"TinkSky Beauty Store","purchase_count":307,"shipping_options":[{"original_price":1.0,"warehouse_type":1,"localized_merchant_cost":0.85,"cost":0.85,"localized_merchant_price":1.0,"is_express_type":false,"inventory":218,"price":1.0,"name":"Standard Shipping","option_id":"standard","id":"standard","selected":false,"warehouse_id":"59b84dc66fa88c8a4fc2c02f"}],"lifetime_gmv":773.3781519284735,"shipping_countries_string":"Ships to United States and 75 other countries","merchant_rating_count":39945,"color_id":"black","merchant_rev_share":15.0,"removed":false,"variation_id":"5a3e0f77eae9ef2f9a290781","ships_from":"Overseas"},"init-median":{"shipping_price_country_code":"US","merchant_id":"53e46993d9113931b03379f5","has_tier_shipping_options":false,"inventory":50,"retail_price":4,"enabled":true,"shipping":1,"price":1,"price_before_personal_price":1,"product_id":"5a3e0f72552354190c6c1751","sequence_id":0,"size_id":"S","merchant_dp":"https://s3-us-west-1.amazonaws.com/sweeper-production-merchantimage/default_dp.png","merchant_rating_class":"star star-4-5","merchant_rating":4.274652647390162,"value_in_points":500,"localized_retail_price":{"localized_value":32.0,"symbol":"","table_id":"5be9250090b8a6c3caf4cdbc","currency_code":"HKD"},"localized_merchant_price":1.0,"localized_price_before_personal_price":{"localized_value":8.0,"symbol":"","table_id":"5be9250090b8a6c3caf4cdbc","currency_code":"HKD"},"merchant_name":"saihetech","merchant":"TinkSky Beauty Store","shipping_options":[{"warehouse_type":1,"localized_price":{"localized_value":8.0,"symbol":"","table_id":"5be9250090b8a6c3caf4cdbc","currency_code":"HKD"},"price":1,"name":"Standard Shipping","is_express_type":false,"option_id":"standard","id":"standard","inventory":50,"selected":true}],"shipping_countries_string":"Ships to United States and 75 other countries","merchant_rating_count":39945,"localized_shipping":{"localized_value":8.0,"symbol":"","table_id":"5be9250090b8a6c3caf4cdbc","currency_code":"HKD"},"color_id":"royalblue","removed":false,"localized_price":{"localized_value":8.0,"symbol":"","table_id":"5be9250090b8a6c3caf4cdbc","currency_code":"HKD"},"variation_id":"5a3e0f72552354190c6c1752","ships_from":"Overseas"}},"variations":[{"shipping_price_country_code":"US","merchant_id":"53e46993d9113931b03379f5","has_tier_shipping_options":false,"inventory":50,"retail_price":4,"enabled":true,"shipping":1,"price":1,"price_before_personal_price":1,"product_id":"5a3e0f72552354190c6c1751","sequence_id":0,"size_id":"S","merchant_dp":"https://s3-us-west-1.amazonaws.com/sweeper-production-merchantimage/default_dp.png","merchant_rating_class":"star star-4-5","merchant_rating":4.274652647390162,"value_in_points":500,"localized_retail_price":{"localized_value":32.0,"symbol":"","table_id":"5be9250090b8a6c3caf4cdbc","currency_code":"HKD"},"localized_merchant_price":1.0,"localized_price_before_personal_price":{"localized_value":8.0,"symbol":"","table_id":"5be9250090b8a6c3caf4cdbc","currency_code":"HKD"},"merchant_name":"saihetech","merchant":"TinkSky Beauty Store","shipping_options":[{"warehouse_type":1,"localized_price":{"localized_value":8.0,"symbol":"","table_id":"5be9250090b8a6c3caf4cdbc","currency_code":"HKD"},"price":1,"name":"Standard Shipping","is_express_type":false,"option_id":"standard","id":"standard","inventory":50,"selected":true}],"shipping_countries_string":"Ships to United States and 75 other countries","merchant_rating_count":39945,"localized_shipping":{"localized_value":8.0,"symbol":"","table_id":"5be9250090b8a6c3caf4cdbc","currency_code":"HKD"},"color_id":"royalblue","removed":false,"localized_price":{"localized_value":8.0,"symbol":"","table_id":"5be9250090b8a6c3caf4cdbc","currency_code":"HKD"},"variation_id":"5a3e0f72552354190c6c1752","ships_from":"Overseas"},{"shipping_price_country_code":"US","merchant_id":"53e46993d9113931b03379f5","has_tier_shipping_options":false,"inventory":50,"retail_price":16,"enabled":true,"shipping":1.0,"price":4,"price_before_personal_price":4,"product_id":"5a3e0f72552354190c6c1751","sequence_id":0,"size_id":"L","merchant_dp":"https://s3-us-west-1.amazonaws.com/sweeper-production-merchantimage/default_dp.png","merchant_rating_class":"star star-4-5","merchant_rating":4.274652647390162,"value_in_points":1500,"localized_retail_price":{"localized_value":126.0,"symbol":"","table_id":"5be9250090b8a6c3caf4cdbc","currency_code":"HKD"},"localized_merchant_price":2.0,"localized_price_before_personal_price":{"localized_value":32.0,"symbol":"","table_id":"5be9250090b8a6c3caf4cdbc","currency_code":"HKD"},"merchant_name":"saihetech","merchant":"TinkSky Beauty Store","shipping_options":[{"warehouse_type":1,"localized_price":{"localized_value":8.0,"symbol":"","table_id":"5be9250090b8a6c3caf4cdbc","currency_code":"HKD"},"price":1.0,"name":"Standard Shipping","is_express_type":false,"option_id":"standard","id":"standard","inventory":50,"selected":true}],"shipping_countries_string":"Ships to United States and 75 other countries","merchant_rating_count":39945,"localized_shipping":{"localized_value":8.0,"symbol":"","table_id":"5be9250090b8a6c3caf4cdbc","currency_code":"HKD"},"color_id":"black","removed":false,"localized_price":{"localized_value":32.0,"symbol":"","table_id":"5be9250090b8a6c3caf4cdbc","currency_code":"HKD"},"variation_id":"5a3e0f7dcd0e6867293ab80f","ships_from":"Overseas"}],"can_ship_to_location":false,"logging_fields":{"log_is_pb":"0","log_product_id":"5a3e0f72552354190c6c1751","log_tid":212,"log_session_id":"e00693542f50442f806f9463022436d6","log_request_id":"5be9313d98e2193b07035d2b","log_request_time":1542009149,"log_product_price":"1"},"has_tier_shipping_options":false,"id":"5a3e0f72552354190c6c1751","blocked_shipping_countries":[],"has_misleading_price":false},"aspect_ratio":1.0,"product_url":"https://www.wish.com/c/5a3e0f72552354190c6c1751","true_tag_ids":["5406282f0b64256288412756"],"display_picture":"https://contestimg.wish.com/api/webimage/5a3e0f72552354190c6c1751-medium.jpg?cache_buster=1e22440a19aefe310caa79cf01402ac3","cache_buster":"1e22440a19aefe310caa79cf01402ac3","merchant_info":{"image_url":"https://s3-us-west-1.amazonaws.com/sweeper-production-merchantimage/light_default_dp.png","subtitle":"90% Positive Feedback (39,945 ratings)","position":2,"title":"TinkSky Beauty Store"},"contest_selected_picture":"https://contestimg.wish.com/api/webimage/5a3e0f72552354190c6c1751-contest.jpg?cache_buster=1e22440a19aefe310caa79cf01402ac3","localized_value":{"localized_value":32.0,"symbol":"","table_id":"5be9250090b8a6c3caf4cdbc","currency_code":"HKD"},"orig_height":600,"id":"5a3e0f72552354190c6c1751","value":4,"orig_width":600,"is_new":false,"small_picture":"https://contestimg.wish.com/api/webimage/5a3e0f72552354190c6c1751-small.jpg?cache_buster=1e22440a19aefe310caa79cf01402ac3","boost_parameters":[],"should_block_impressions":false,"num_bought":1000,"name":"","generation_time":1542007619,"feed_tile_text":"1000+ bought this","product_should_block_impressions":false,"image_phash":-1482577069023611923,"product_badges":[],"contest_page_picture":"https://contestimg.wish.com/api/webimage/5a3e0f72552354190c6c1751-large.jpg?cache_buster=1e22440a19aefe310caa79cf01402ac3"},{"commerce_product_info":{"shipping_price_country_code":"US","total_inventory":50,"default_variation_experiment":{"no-init-max":{"shipping_price_country_code":"US","merchant_id":"5a33a2cead472332548cbb1c","has_tier_shipping_options":false,"inventory":50,"retail_price":7,"enabled":true,"shipping":1.0,"price":3,"price_before_personal_price":3,"product_id":"5a424dc75983514c2316e247","sequence_id":0,"merchant_dp":"https://s3-us-west-1.amazonaws.com/sweeper-production-merchantimage/default_dp.png","merchant_rating_class":"star star-4-5","merchant_rating":4.421808960270499,"value_in_points":1000,"localized_retail_price":{"localized_value":55.0,"symbol":"","table_id":"5be9250090b8a6c3caf4cdbc","currency_code":"HKD"},"localized_merchant_price":1.0,"localized_price_before_personal_price":{"localized_value":24.0,"symbol":"","table_id":"5be9250090b8a6c3caf4cdbc","currency_code":"HKD"},"merchant_name":"fashion_boom","merchant":"Fashion_BOB","shipping_options":[{"warehouse_type":1,"localized_price":{"localized_value":8.0,"symbol":"","table_id":"5be9250090b8a6c3caf4cdbc","currency_code":"HKD"},"price":1.0,"name":"Standard Shipping","is_express_type":false,"option_id":"standard","id":"standard","inventory":50,"selected":true}],"shipping_countries_string":"Ships to United States and 62 other countries","merchant_rating_count":1183,"localized_shipping":{"localized_value":8.0,"symbol":"","table_id":"5be9250090b8a6c3caf4cdbc","currency_code":"HKD"},"color_id":"black","removed":false,"localized_price":{"localized_value":24.0,"symbol":"","table_id":"5be9250090b8a6c3caf4cdbc","currency_code":"HKD"},"variation_id":"5a424dc8eceb0867ab43a433"},"no-init-median":{"shipping_price_country_code":"US","merchant_id":"5a33a2cead472332548cbb1c","has_tier_shipping_options":false,"inventory":50,"retail_price":7,"enabled":true,"shipping":1.0,"price":3,"price_before_personal_price":3,"product_id":"5a424dc75983514c2316e247","sequence_id":0,"merchant_dp":"https://s3-us-west-1.amazonaws.com/sweeper-production-merchantimage/default_dp.png","merchant_rating_class":"star star-4-5","merchant_rating":4.421808960270499,"value_in_points":1000,"localized_retail_price":{"localized_value":55.0,"symbol":"","table_id":"5be9250090b8a6c3caf4cdbc","currency_code":"HKD"},"localized_merchant_price":1.0,"localized_price_before_personal_price":{"localized_value":24.0,"symbol":"","table_id":"5be9250090b8a6c3caf4cdbc","currency_code":"HKD"},"merchant_name":"fashion_boom","merchant":"Fashion_BOB","shipping_options":[{"warehouse_type":1,"localized_price":{"localized_value":8.0,"symbol":"","table_id":"5be9250090b8a6c3caf4cdbc","currency_code":"HKD"},"price":1.0,"name":"Standard Shipping","is_express_type":false,"option_id":"standard","id":"standard","inventory":50,"selected":true}],"shipping_countries_string":"Ships to United States and 62 other countries","merchant_rating_count":1183,"localized_shipping":{"localized_value":8.0,"symbol":"","table_id":"5be9250090b8a6c3caf4cdbc","currency_code":"HKD"},"color_id":"red","removed":false,"localized_price":{"localized_value":24.0,"symbol":"","table_id":"5be9250090b8a6c3caf4cdbc","currency_code":"HKD"},"variation_id":"5a424dc75983514c2316e248"},"init-max":{"shipping_price_country_code":"US","merchant_id":"5a33a2cead472332548cbb1c","has_tier_shipping_options":false,"inventory":50,"retail_price":7,"enabled":true,"shipping":1.0,"price":3,"price_before_personal_price":3,"product_id":"5a424dc75983514c2316e247","sequence_id":0,"merchant_dp":"https://s3-us-west-1.amazonaws.com/sweeper-production-merchantimage/default_dp.png","merchant_rating_class":"star star-4-5","merchant_rating":4.421808960270499,"value_in_points":1000,"localized_retail_price":{"localized_value":55.0,"symbol":"","table_id":"5be9250090b8a6c3caf4cdbc","currency_code":"HKD"},"localized_merchant_price":1.0,"localized_price_before_personal_price":{"localized_value":24.0,"symbol":"","table_id":"5be9250090b8a6c3caf4cdbc","currency_code":"HKD"},"merchant_name":"fashion_boom","merchant":"Fashion_BOB","shipping_options":[{"warehouse_type":1,"localized_price":{"localized_value":8.0,"symbol":"","table_id":"5be9250090b8a6c3caf4cdbc","currency_code":"HKD"},"price":1.0,"name":"Standard Shipping","is_express_type":false,"option_id":"standard","id":"standard","inventory":50,"selected":true}],"shipping_countries_string":"Ships to United States and 62 other countries","merchant_rating_count":1183,"localized_shipping":{"localized_value":8.0,"symbol":"","table_id":"5be9250090b8a6c3caf4cdbc","currency_code":"HKD"},"color_id":"black","removed":false,"localized_price":{"localized_value":24.0,"symbol":"","table_id":"5be9250090b8a6c3caf4cdbc","currency_code":"HKD"},"variation_id":"5a424dc8eceb0867ab43a433"},"init-median":{"shipping_price_country_code":"US","merchant_id":"5a33a2cead472332548cbb1c","has_tier_shipping_options":false,"inventory":50,"retail_price":7,"enabled":true,"shipping":1.0,"price":3,"price_before_personal_price":3,"product_id":"5a424dc75983514c2316e247","sequence_id":0,"merchant_dp":"https://s3-us-west-1.amazonaws.com/sweeper-production-merchantimage/default_dp.png","merchant_rating_class":"star star-4-5","merchant_rating":4.421808960270499,"value_in_points":1000,"localized_retail_price":{"localized_value":55.0,"symbol":"","table_id":"5be9250090b8a6c3caf4cdbc","currency_code":"HKD"},"localized_merchant_price":1.0,"localized_price_before_personal_price":{"localized_value":24.0,"symbol":"","table_id":"5be9250090b8a6c3caf4cdbc","currency_code":"HKD"},"merchant_name":"fashion_boom","merchant":"Fashion_BOB","shipping_options":[{"warehouse_type":1,"localized_price":{"localized_value":8.0,"symbol":"","table_id":"5be9250090b8a6c3caf4cdbc","currency_code":"HKD"},"price":1.0,"name":"Standard Shipping","is_express_type":false,"option_id":"standard","id":"standard","inventory":50,"selected":true}],"shipping_countries_string":"Ships to United States and 62 other countries","merchant_rating_count":1183,"localized_shipping":{"localized_value":8.0,"symbol":"","table_id":"5be9250090b8a6c3caf4cdbc","currency_code":"HKD"},"color_id":"red","removed":false,"localized_price":{"localized_value":24.0,"symbol":"","table_id":"5be9250090b8a6c3caf4cdbc","currency_code":"HKD"},"variation_id":"5a424dc75983514c2316e248"}},"variations":[{"shipping_price_country_code":"US","merchant_id":"5a33a2cead472332548cbb1c","has_tier_shipping_options":false,"inventory":50,"retail_price":7,"enabled":true,"shipping":1.0,"price":3,"price_before_personal_price":3,"product_id":"5a424dc75983514c2316e247","sequence_id":0,"merchant_dp":"https://s3-us-west-1.amazonaws.com/sweeper-production-merchantimage/default_dp.png","merchant_rating_class":"star star-4-5","merchant_rating":4.421808960270499,"value_in_points":1000,"localized_retail_price":{"localized_value":55.0,"symbol":"","table_id":"5be9250090b8a6c3caf4cdbc","currency_code":"HKD"},"localized_merchant_price":1.0,"localized_price_before_personal_price":{"localized_value":24.0,"symbol":"","table_id":"5be9250090b8a6c3caf4cdbc","currency_code":"HKD"},"merchant_name":"fashion_boom","merchant":"Fashion_BOB","shipping_options":[{"warehouse_type":1,"localized_price":{"localized_value":8.0,"symbol":"","table_id":"5be9250090b8a6c3caf4cdbc","currency_code":"HKD"},"price":1.0,"name":"Standard Shipping","is_express_type":false,"option_id":"standard","id":"standard","inventory":50,"selected":true}],"shipping_countries_string":"Ships to United States and 62 other countries","merchant_rating_count":1183,"localized_shipping":{"localized_value":8.0,"symbol":"","table_id":"5be9250090b8a6c3caf4cdbc","currency_code":"HKD"},"color_id":"red","removed":false,"localized_price":{"localized_value":24.0,"symbol":"","table_id":"5be9250090b8a6c3caf4cdbc","currency_code":"HKD"},"variation_id":"5a424dc75983514c2316e248"},{"shipping_price_country_code":"US","merchant_id":"5a33a2cead472332548cbb1c","has_tier_shipping_options":false,"inventory":50,"retail_price":7,"enabled":true,"shipping":1.0,"price":3,"price_before_personal_price":3,"product_id":"5a424dc75983514c2316e247","sequence_id":0,"merchant_dp":"https://s3-us-west-1.amazonaws.com/sweeper-production-merchantimage/default_dp.png","merchant_rating_class":"star star-4-5","merchant_rating":4.421808960270499,"value_in_points":1000,"localized_retail_price":{"localized_value":55.0,"symbol":"","table_id":"5be9250090b8a6c3caf4cdbc","currency_code":"HKD"},"localized_merchant_price":1.0,"localized_price_before_personal_price":{"localized_value":24.0,"symbol":"","table_id":"5be9250090b8a6c3caf4cdbc","currency_code":"HKD"},"merchant_name":"fashion_boom","merchant":"Fashion_BOB","shipping_options":[{"warehouse_type":1,"localized_price":{"localized_value":8.0,"symbol":"","table_id":"5be9250090b8a6c3caf4cdbc","currency_code":"HKD"},"price":1.0,"name":"Standard Shipping","is_express_type":false,"option_id":"standard","id":"standard","inventory":50,"selected":true}],"shipping_countries_string":"Ships to United States and 62 other countries","merchant_rating_count":1183,"localized_shipping":{"localized_value":8.0,"symbol":"","table_id":"5be9250090b8a6c3caf4cdbc","currency_code":"HKD"},"color_id":"black","removed":false,"localized_price":{"localized_value":24.0,"symbol":"","table_id":"5be9250090b8a6c3caf4cdbc","currency_code":"HKD"},"variation_id":"5a424dc8eceb0867ab43a433"}],"can_ship_to_location":false,"logging_fields":{"log_is_pb":"0","log_product_id":"5a424dc75983514c2316e247","log_tid":212,"log_session_id":"e00693542f50442f806f9463022436d6","log_request_id":"5be9313d98e2193b07035d2b","log_request_time":1542009149,"log_product_price":"3"},"has_tier_shipping_options":false,"id":"5a424dc75983514c2316e247","blocked_shipping_countries":[],"has_misleading_price":false},"aspect_ratio":1.0,"product_url":"https://www.wish.com/c/5a424dc75983514c2316e247","true_tag_ids":["54d11815601ef3425f3e3dfa"],"display_picture":"https://contestimg.wish.com/api/webimage/5a424dc75983514c2316e247-medium.jpg?cache_buster=86816e74f8c9ff2cdb37def603c648d7","cache_buster":"86816e74f8c9ff2cdb37def603c648d7","merchant_info":{"image_url":"https://s3-us-west-1.amazonaws.com/sweeper-production-merchantimage/light_default_dp.png","subtitle":"94% Positive Feedback (1,183 ratings)","position":2,"title":"Fashion_BOB"},"contest_selected_picture":"https://contestimg.wish.com/api/webimage/5a424dc75983514c2316e247-contest.jpg?cache_buster=86816e74f8c9ff2cdb37def603c648d7","localized_value":{"localized_value":55.0,"symbol":"","table_id":"5be9250090b8a6c3caf4cdbc","currency_code":"HKD"},"orig_height":800,"id":"5a424dc75983514c2316e247","value":7,"orig_width":800,"is_new":false,"small_picture":"https://contestimg.wish.com/api/webimage/5a424dc75983514c2316e247-small.jpg?cache_buster=86816e74f8c9ff2cdb37def603c648d7","urgency_text":"Almost Gone!","boost_parameters":[],"should_block_impressions":false,"num_bought":1000,"name":"","generation_time":1542007620,"feed_tile_text":"1000+ bought this","product_should_block_impressions":false,"image_phash":-3779218008690706236,"product_badges":[],"contest_page_picture":"https://contestimg.wish.com/api/webimage/5a424dc75983514c2316e247-large.jpg?cache_buster=86816e74f8c9ff2cdb37def603c648d7"},{"commerce_product_info":{"shipping_price_country_code":"US","total_inventory":50,"default_variation_experiment":{"no-init-max":{"shipping_price_country_code":"US","original_price":27,"localized_merchant_cost":22.95,"merchant_id":"581d51b0e28cba4cf68498e0","experiment_shipping_options":{"reasonable2":[{"original_price":6.0,"warehouse_type":1,"localized_merchant_cost":5.1,"cost":5.1,"localized_merchant_price":6.0,"is_express_type":false,"inventory":17,"price":6.0,"name":"Standard Shipping","option_id":"standard","id":"standard","selected":false,"warehouse_id":"5ae3409fc0aaeb763e32f4fd"}],"max5":[{"original_price":6.0,"warehouse_type":1,"localized_merchant_cost":5.1,"cost":5.1,"localized_merchant_price":6.0,"is_express_type":false,"inventory":17,"price":6.0,"name":"Standard Shipping","option_id":"standard","id":"standard","selected":false,"warehouse_id":"5ae3409fc0aaeb763e32f4fd"}],"control":[{"original_price":6.0,"warehouse_type":1,"localized_merchant_cost":5.1,"cost":5.1,"localized_merchant_price":6.0,"is_express_type":false,"inventory":17,"price":6.0,"name":"Standard Shipping","option_id":"standard","id":"standard","selected":false,"warehouse_id":"5ae3409fc0aaeb763e32f4fd"}]},"has_tier_shipping_options":false,"inventory":17,"retail_price":400,"enabled":true,"merchant_price":27.0,"merchant_is_cost_based":false,"shipping":6,"is_strategic_merchant":false,"merchant_shipping":6.0,"price":27,"product_id":"590aa2984331762a053a6847","sequence_id":0,"size_id":"32","merchant_dp":"https://s3-us-west-1.amazonaws.com/sweeper-production-merchantimage/dp_581d51b0e28cba4cf68498e0.jpg","merchant_rating_class":"star star-4-0","merchant_rating":4.169736842105263,"cost":22.95,"merchant_source_currency":"USD","shipping_cost":5.1,"is_wish_x_merchant":false,"localized_merchant_price":27.0,"merchant_name":"newsosoostore","merchant":"Newsosoo  store","purchase_count":509,"shipping_options":[{"original_price":6.0,"warehouse_type":1,"localized_merchant_cost":5.1,"cost":5.1,"localized_merchant_price":6.0,"is_express_type":false,"inventory":17,"price":6.0,"name":"Standard Shipping","option_id":"standard","id":"standard","selected":false,"warehouse_id":"5ae3409fc0aaeb763e32f4fd"}],"lifetime_gmv":18892.417857407625,"shipping_countries_string":"Ships to United States and 33 other countries","merchant_rating_count":1520,"color_id":"dark blue","merchant_rev_share":15.0,"removed":false,"variation_id":"590aa29f98281c6c502ffc8a"},"no-init-median":{"shipping_price_country_code":"US","original_price":28,"localized_merchant_cost":23.8,"merchant_id":"581d51b0e28cba4cf68498e0","experiment_shipping_options":{"reasonable2":[{"original_price":6.0,"warehouse_type":1,"localized_merchant_cost":5.1,"cost":5.1,"localized_merchant_price":6.0,"is_express_type":false,"inventory":45,"price":6.0,"name":"Standard Shipping","option_id":"standard","id":"standard","selected":false,"warehouse_id":"5ae3409fc0aaeb763e32f4fd"}],"max5":[{"original_price":6.0,"warehouse_type":1,"localized_merchant_cost":5.1,"cost":5.1,"localized_merchant_price":6.0,"is_express_type":false,"inventory":45,"price":6.0,"name":"Standard Shipping","option_id":"standard","id":"standard","selected":false,"warehouse_id":"5ae3409fc0aaeb763e32f4fd"}],"control":[{"original_price":6.0,"warehouse_type":1,"localized_merchant_cost":5.1,"cost":5.1,"localized_merchant_price":6.0,"is_express_type":false,"inventory":45,"price":6.0,"name":"Standard Shipping","option_id":"standard","id":"standard","selected":false,"warehouse_id":"5ae3409fc0aaeb763e32f4fd"}]},"has_tier_shipping_options":false,"inventory":45,"retail_price":400,"enabled":true,"merchant_price":28.0,"merchant_is_cost_based":false,"shipping":6,"is_strategic_merchant":false,"merchant_shipping":6.0,"price":28,"product_id":"590aa2984331762a053a6847","sequence_id":0,"size_id":"34","merchant_dp":"https://s3-us-west-1.amazonaws.com/sweeper-production-merchantimage/dp_581d51b0e28cba4cf68498e0.jpg","merchant_rating_class":"star star-4-0","merchant_rating":4.169736842105263,"cost":23.8,"merchant_source_currency":"USD","shipping_cost":5.1,"is_wish_x_merchant":false,"localized_merchant_price":28.0,"merchant_name":"newsosoostore","merchant":"Newsosoo  store","purchase_count":139,"shipping_options":[{"original_price":6.0,"warehouse_type":1,"localized_merchant_cost":5.1,"cost":5.1,"localized_merchant_price":6.0,"is_express_type":false,"inventory":45,"price":6.0,"name":"Standard Shipping","option_id":"standard","id":"standard","selected":false,"warehouse_id":"5ae3409fc0aaeb763e32f4fd"}],"lifetime_gmv":5318.784700002612,"shipping_countries_string":"Ships to United States and 33 other countries","merchant_rating_count":1520,"color_id":"light blue","merchant_rev_share":15.0,"removed":false,"variation_id":"590aa2a1ccef8129fd117840"},"init-max":{"shipping_price_country_code":"US","original_price":27,"localized_merchant_cost":22.95,"merchant_id":"581d51b0e28cba4cf68498e0","experiment_shipping_options":{"reasonable2":[{"original_price":6.0,"warehouse_type":1,"localized_merchant_cost":5.1,"cost":5.1,"localized_merchant_price":6.0,"is_express_type":false,"inventory":17,"price":6.0,"name":"Standard Shipping","option_id":"standard","id":"standard","selected":false,"warehouse_id":"5ae3409fc0aaeb763e32f4fd"}],"max5":[{"original_price":6.0,"warehouse_type":1,"localized_merchant_cost":5.1,"cost":5.1,"localized_merchant_price":6.0,"is_express_type":false,"inventory":17,"price":6.0,"name":"Standard Shipping","option_id":"standard","id":"standard","selected":false,"warehouse_id":"5ae3409fc0aaeb763e32f4fd"}],"control":[{"original_price":6.0,"warehouse_type":1,"localized_merchant_cost":5.1,"cost":5.1,"localized_merchant_price":6.0,"is_express_type":false,"inventory":17,"price":6.0,"name":"Standard Shipping","option_id":"standard","id":"standard","selected":false,"warehouse_id":"5ae3409fc0aaeb763e32f4fd"}]},"has_tier_shipping_options":false,"inventory":17,"retail_price":400,"enabled":true,"merchant_price":27.0,"merchant_is_cost_based":false,"shipping":6,"is_strategic_merchant":false,"merchant_shipping":6.0,"price":27,"product_id":"590aa2984331762a053a6847","sequence_id":0,"size_id":"32","merchant_dp":"https://s3-us-west-1.amazonaws.com/sweeper-production-merchantimage/dp_581d51b0e28cba4cf68498e0.jpg","merchant_rating_class":"star star-4-0","merchant_rating":4.169736842105263,"cost":22.95,"merchant_source_currency":"USD","shipping_cost":5.1,"is_wish_x_merchant":false,"localized_merchant_price":27.0,"merchant_name":"newsosoostore","merchant":"Newsosoo  store","purchase_count":509,"shipping_options":[{"original_price":6.0,"warehouse_type":1,"localized_merchant_cost":5.1,"cost":5.1,"localized_merchant_price":6.0,"is_express_type":false,"inventory":17,"price":6.0,"name":"Standard Shipping","option_id":"standard","id":"standard","selected":false,"warehouse_id":"5ae3409fc0aaeb763e32f4fd"}],"lifetime_gmv":18892.417857407625,"shipping_countries_string":"Ships to United States and 33 other countries","merchant_rating_count":1520,"color_id":"dark blue","merchant_rev_share":15.0,"removed":false,"variation_id":"590aa29f98281c6c502ffc8a"},"init-median":{"shipping_price_country_code":"US","original_price":28,"localized_merchant_cost":23.8,"merchant_id":"581d51b0e28cba4cf68498e0","experiment_shipping_options":{"reasonable2":[{"original_price":6.0,"warehouse_type":1,"localized_merchant_cost":5.1,"cost":5.1,"localized_merchant_price":6.0,"is_express_type":false,"inventory":45,"price":6.0,"name":"Standard Shipping","option_id":"standard","id":"standard","selected":false,"warehouse_id":"5ae3409fc0aaeb763e32f4fd"}],"max5":[{"original_price":6.0,"warehouse_type":1,"localized_merchant_cost":5.1,"cost":5.1,"localized_merchant_price":6.0,"is_express_type":false,"inventory":45,"price":6.0,"name":"Standard Shipping","option_id":"standard","id":"standard","selected":false,"warehouse_id":"5ae3409fc0aaeb763e32f4fd"}],"control":[{"original_price":6.0,"warehouse_type":1,"localized_merchant_cost":5.1,"cost":5.1,"localized_merchant_price":6.0,"is_express_type":false,"inventory":45,"price":6.0,"name":"Standard Shipping","option_id":"standard","id":"standard","selected":false,"warehouse_id":"5ae3409fc0aaeb763e32f4fd"}]},"has_tier_shipping_options":false,"inventory":45,"retail_price":400,"enabled":true,"merchant_price":28.0,"merchant_is_cost_based":false,"shipping":6,"is_strategic_merchant":false,"merchant_shipping":6.0,"price":28,"product_id":"590aa2984331762a053a6847","sequence_id":0,"size_id":"34","merchant_dp":"https://s3-us-west-1.amazonaws.com/sweeper-production-merchantimage/dp_581d51b0e28cba4cf68498e0.jpg","merchant_rating_class":"star star-4-0","merchant_rating":4.169736842105263,"cost":23.8,"merchant_source_currency":"USD","shipping_cost":5.1,"is_wish_x_merchant":false,"localized_merchant_price":28.0,"merchant_name":"newsosoostore","merchant":"Newsosoo  store","purchase_count":139,"shipping_options":[{"original_price":6.0,"warehouse_type":1,"localized_merchant_cost":5.1,"cost":5.1,"localized_merchant_price":6.0,"is_express_type":false,"inventory":45,"price":6.0,"name":"Standard Shipping","option_id":"standard","id":"standard","selected":false,"warehouse_id":"5ae3409fc0aaeb763e32f4fd"}],"lifetime_gmv":5318.784700002612,"shipping_countries_string":"Ships to United States and 33 other countries","merchant_rating_count":1520,"color_id":"light blue","merchant_rev_share":15.0,"removed":false,"variation_id":"590aa2a1ccef8129fd117840"}},"variations":[{"shipping_price_country_code":"US","merchant_id":"581d51b0e28cba4cf68498e0","has_tier_shipping_options":false,"inventory":43,"retail_price":400,"enabled":true,"shipping":8.0,"price":29,"price_before_personal_price":29,"product_id":"590aa2984331762a053a6847","sequence_id":0,"size_id":"30","merchant_dp":"https://s3-us-west-1.amazonaws.com/sweeper-production-merchantimage/dp_581d51b0e28cba4cf68498e0.jpg","merchant_rating_class":"star star-4-0","merchant_rating":4.169736842105263,"value_in_points":8750,"localized_retail_price":{"localized_value":3134.0,"symbol":"","table_id":"5be9250090b8a6c3caf4cdbc","currency_code":"HKD"},"localized_merchant_price":26.0,"localized_price_before_personal_price":{"localized_value":228.0,"symbol":"","table_id":"5be9250090b8a6c3caf4cdbc","currency_code":"HKD"},"merchant_name":"newsosoostore","merchant":"Newsosoo  store","shipping_options":[{"warehouse_type":1,"localized_price":{"localized_value":63.0,"symbol":"","table_id":"5be9250090b8a6c3caf4cdbc","currency_code":"HKD"},"price":8.0,"name":"Standard Shipping","is_express_type":false,"option_id":"standard","id":"standard","inventory":43,"selected":true}],"shipping_countries_string":"Ships to United States and 33 other countries","merchant_rating_count":1520,"localized_shipping":{"localized_value":63.0,"symbol":"","table_id":"5be9250090b8a6c3caf4cdbc","currency_code":"HKD"},"color_id":"light blue","removed":false,"localized_price":{"localized_value":228.0,"symbol":"","table_id":"5be9250090b8a6c3caf4cdbc","currency_code":"HKD"},"variation_id":"590aa2984331762a053a6848"},{"shipping_price_country_code":"US","merchant_id":"581d51b0e28cba4cf68498e0","has_tier_shipping_options":false,"inventory":42,"retail_price":400,"enabled":true,"shipping":9.0,"price":30,"price_before_personal_price":30,"product_id":"590aa2984331762a053a6847","sequence_id":0,"size_id":"38","merchant_dp":"https://s3-us-west-1.amazonaws.com/sweeper-production-merchantimage/dp_581d51b0e28cba4cf68498e0.jpg","merchant_rating_class":"star star-4-0","merchant_rating":4.169736842105263,"value_in_points":9000,"localized_retail_price":{"localized_value":3134.0,"symbol":"","table_id":"5be9250090b8a6c3caf4cdbc","currency_code":"HKD"},"localized_merchant_price":30.0,"localized_price_before_personal_price":{"localized_value":236.0,"symbol":"","table_id":"5be9250090b8a6c3caf4cdbc","currency_code":"HKD"},"merchant_name":"newsosoostore","merchant":"Newsosoo  store","shipping_options":[{"warehouse_type":1,"localized_price":{"localized_value":71.0,"symbol":"","table_id":"5be9250090b8a6c3caf4cdbc","currency_code":"HKD"},"price":9.0,"name":"Standard Shipping","is_express_type":false,"option_id":"standard","id":"standard","inventory":42,"selected":true}],"shipping_countries_string":"Ships to United States and 33 other countries","merchant_rating_count":1520,"localized_shipping":{"localized_value":71.0,"symbol":"","table_id":"5be9250090b8a6c3caf4cdbc","currency_code":"HKD"},"color_id":"light blue","removed":false,"localized_price":{"localized_value":236.0,"symbol":"","table_id":"5be9250090b8a6c3caf4cdbc","currency_code":"HKD"},"variation_id":"590aa2a307797b53a4932eb1"}],"can_ship_to_location":false,"logging_fields":{"log_is_pb":"0","log_product_id":"590aa2984331762a053a6847","log_tid":212,"log_session_id":"e00693542f50442f806f9463022436d6","log_request_id":"5be9313d98e2193b07035d2b","log_request_time":1542009149,"log_product_price":"29"},"has_tier_shipping_options":false,"id":"590aa2984331762a053a6847","blocked_shipping_countries":[],"has_misleading_price":false},"aspect_ratio":1.0,"product_url":"https://www.wish.com/c/590aa2984331762a053a6847","true_tag_ids":["53dc186421a86318bdc87f0c","5478e06c58f177436286b910"],"display_picture":"https://contestimg.wish.com/api/webimage/590aa2984331762a053a6847-medium.jpg?cache_buster=fb821133338599ae23512040880aca3e","cache_buster":"fb821133338599ae23512040880aca3e","merchant_info":{"image_url":"https://s3-us-west-1.amazonaws.com/sweeper-production-merchantimage/dp_581d51b0e28cba4cf68498e0.jpg","subtitle":"89% Positive Feedback (1,520 ratings)","position":2,"title":"Newsosoo  store"},"contest_selected_picture":"https://contestimg.wish.com/api/webimage/590aa2984331762a053a6847-contest.jpg?cache_buster=fb821133338599ae23512040880aca3e","localized_value":{"localized_value":3134.0,"symbol":"","table_id":"5be9250090b8a6c3caf4cdbc","currency_code":"HKD"},"orig_height":800,"id":"590aa2984331762a053a6847","value":400,"orig_width":800,"is_new":false,"small_picture":"https://contestimg.wish.com/api/webimage/590aa2984331762a053a6847-small.jpg?cache_buster=fb821133338599ae23512040880aca3e","boost_parameters":[{"content_type":1,"contents":[],"source":3,"bid":0.3},{"content_type":3,"contents":[],"source":3,"bid":0.3},{"content_type":4,"contents":["biker jeans","mens jeans","men ripped jeans","ripped jeans","jogger","blue jeans","pleated jeans","zipper jeans","jeans men","motorcycle","men jeans","fear of god"],"source":3,"bid":0.3},{"content_type":10,"contents":[],"source":3,"bid":0.3},{"content_type":11,"contents":[],"source":3,"bid":0.3},{"content_type":12,"contents":[],"source":3,"bid":0.3},{"content_type":13,"contents":[],"source":3,"bid":0.3},{"content_type":14,"contents":[],"source":3,"bid":0.3},{"content_type":17,"contents":[],"source":3,"bid":0.3}],"should_block_impressions":false,"num_bought":1000,"name":"","generation_time":1542007613,"feed_tile_text":"1000+ bought this","image_phash":-2205018300565502324,"product_should_block_impressions":false,"product_badges":[],"contest_page_picture":"https://contestimg.wish.com/api/webimage/590aa2984331762a053a6847-large.jpg?cache_buster=fb821133338599ae23512040880aca3e"},{"commerce_product_info":{"shipping_price_country_code":"US","total_inventory":50,"default_variation_experiment":{"no-init-max":{"shipping_price_country_code":"US","original_price":1,"localized_merchant_cost":0.84,"merchant_id":"5b4f1643457fbc3b7a1ab9c1","experiment_shipping_options":{"reasonable2":[{"original_price":1.0,"warehouse_type":1,"localized_merchant_cost":0.85,"cost":0.85,"localized_merchant_price":1.0,"is_express_type":false,"inventory":49947,"price":1.0,"name":"Standard Shipping","option_id":"standard","id":"standard","selected":false,"warehouse_id":"5b4f1644457fbc3b7a1ab9c2"}],"max5":[{"original_price":1.0,"warehouse_type":1,"localized_merchant_cost":0.85,"cost":0.85,"localized_merchant_price":1.0,"is_express_type":false,"inventory":49947,"price":1.0,"name":"Standard Shipping","option_id":"standard","id":"standard","selected":false,"warehouse_id":"5b4f1644457fbc3b7a1ab9c2"}],"control":[{"original_price":1.0,"warehouse_type":1,"localized_merchant_cost":0.85,"cost":0.85,"localized_merchant_price":1.0,"is_express_type":false,"inventory":49947,"price":1.0,"name":"Standard Shipping","option_id":"standard","id":"standard","selected":false,"warehouse_id":"5b4f1644457fbc3b7a1ab9c2"}]},"has_tier_shipping_options":false,"inventory":49947,"retail_price":49,"enabled":true,"merchant_price":0.99,"merchant_is_cost_based":false,"shipping":1,"is_strategic_merchant":false,"merchant_shipping":1.0,"price":1,"product_id":"5b5efaad2731bc35e1cb07ad","sequence_id":0,"size_id":"2","merchant_dp":"https://s3-us-west-1.amazonaws.com/sweeper-production-merchantimage/default_dp.png","merchant_rating_class":"star star-4-0","merchant_rating":4.0,"cost":0.84,"merchant_source_currency":"USD","shipping_cost":0.85,"is_wish_x_merchant":false,"localized_merchant_price":0.99,"merchant_name":"lxiuu","merchant":"Lxiuu","purchase_count":616,"shipping_options":[{"original_price":1.0,"warehouse_type":1,"localized_merchant_cost":0.85,"cost":0.85,"localized_merchant_price":1.0,"is_express_type":false,"inventory":49947,"price":1.0,"name":"Standard Shipping","option_id":"standard","id":"standard","selected":false,"warehouse_id":"5b4f1644457fbc3b7a1ab9c2"}],"lifetime_gmv":1592.1332979558058,"shipping_countries_string":"Ships to United States and 77 other countries","merchant_rating_count":4,"merchant_rev_share":15.0,"removed":false,"variation_id":"5b5efabf2ff4101365c4f345"},"no-init-median":{"shipping_price_country_code":"US","merchant_id":"5b4f1643457fbc3b7a1ab9c1","has_tier_shipping_options":false,"inventory":50,"retail_price":49,"enabled":true,"shipping":1,"price":2,"price_before_personal_price":2,"product_id":"5b5efaad2731bc35e1cb07ad","sequence_id":0,"size_id":"1","merchant_dp":"https://s3-us-west-1.amazonaws.com/sweeper-production-merchantimage/default_dp.png","merchant_rating_class":"star star-4-0","merchant_rating":4.0,"value_in_points":750,"localized_retail_price":{"localized_value":384.0,"symbol":"","table_id":"5be9250090b8a6c3caf4cdbc","currency_code":"HKD"},"localized_merchant_price":0.99,"localized_price_before_personal_price":{"localized_value":16.0,"symbol":"","table_id":"5be9250090b8a6c3caf4cdbc","currency_code":"HKD"},"merchant_name":"lxiuu","merchant":"Lxiuu","shipping_options":[{"warehouse_type":1,"localized_price":{"localized_value":8.0,"symbol":"","table_id":"5be9250090b8a6c3caf4cdbc","currency_code":"HKD"},"price":1,"name":"Standard Shipping","is_express_type":false,"option_id":"standard","id":"standard","inventory":50,"selected":true}],"shipping_countries_string":"Ships to United States and 77 other countries","merchant_rating_count":4,"localized_shipping":{"localized_value":8.0,"symbol":"","table_id":"5be9250090b8a6c3caf4cdbc","currency_code":"HKD"},"removed":false,"localized_price":{"localized_value":16.0,"symbol":"","table_id":"5be9250090b8a6c3caf4cdbc","currency_code":"HKD"},"variation_id":"5b5efaae2810747f6f6cda30"},"init-max":{"shipping_price_country_code":"US","original_price":1,"localized_merchant_cost":0.84,"merchant_id":"5b4f1643457fbc3b7a1ab9c1","experiment_shipping_options":{"reasonable2":[{"original_price":1.0,"warehouse_type":1,"localized_merchant_cost":0.85,"cost":0.85,"localized_merchant_price":1.0,"is_express_type":false,"inventory":49947,"price":1.0,"name":"Standard Shipping","option_id":"standard","id":"standard","selected":false,"warehouse_id":"5b4f1644457fbc3b7a1ab9c2"}],"max5":[{"original_price":1.0,"warehouse_type":1,"localized_merchant_cost":0.85,"cost":0.85,"localized_merchant_price":1.0,"is_express_type":false,"inventory":49947,"price":1.0,"name":"Standard Shipping","option_id":"standard","id":"standard","selected":false,"warehouse_id":"5b4f1644457fbc3b7a1ab9c2"}],"control":[{"original_price":1.0,"warehouse_type":1,"localized_merchant_cost":0.85,"cost":0.85,"localized_merchant_price":1.0,"is_express_type":false,"inventory":49947,"price":1.0,"name":"Standard Shipping","option_id":"standard","id":"standard","selected":false,"warehouse_id":"5b4f1644457fbc3b7a1ab9c2"}]},"has_tier_shipping_options":false,"inventory":49947,"retail_price":49,"enabled":true,"merchant_price":0.99,"merchant_is_cost_based":false,"shipping":1,"is_strategic_merchant":false,"merchant_shipping":1.0,"price":1,"product_id":"5b5efaad2731bc35e1cb07ad","sequence_id":0,"size_id":"2","merchant_dp":"https://s3-us-west-1.amazonaws.com/sweeper-production-merchantimage/default_dp.png","merchant_rating_class":"star star-4-0","merchant_rating":4.0,"cost":0.84,"merchant_source_currency":"USD","shipping_cost":0.85,"is_wish_x_merchant":false,"localized_merchant_price":0.99,"merchant_name":"lxiuu","merchant":"Lxiuu","purchase_count":616,"shipping_options":[{"original_price":1.0,"warehouse_type":1,"localized_merchant_cost":0.85,"cost":0.85,"localized_merchant_price":1.0,"is_express_type":false,"inventory":49947,"price":1.0,"name":"Standard Shipping","option_id":"standard","id":"standard","selected":false,"warehouse_id":"5b4f1644457fbc3b7a1ab9c2"}],"lifetime_gmv":1592.1332979558058,"shipping_countries_string":"Ships to United States and 77 other countries","merchant_rating_count":4,"merchant_rev_share":15.0,"removed":false,"variation_id":"5b5efabf2ff4101365c4f345"},"init-median":{"shipping_price_country_code":"US","merchant_id":"5b4f1643457fbc3b7a1ab9c1","has_tier_shipping_options":false,"inventory":50,"retail_price":49,"enabled":true,"shipping":1,"price":2,"price_before_personal_price":2,"product_id":"5b5efaad2731bc35e1cb07ad","sequence_id":0,"size_id":"1","merchant_dp":"https://s3-us-west-1.amazonaws.com/sweeper-production-merchantimage/default_dp.png","merchant_rating_class":"star star-4-0","merchant_rating":4.0,"value_in_points":750,"localized_retail_price":{"localized_value":384.0,"symbol":"","table_id":"5be9250090b8a6c3caf4cdbc","currency_code":"HKD"},"localized_merchant_price":0.99,"localized_price_before_personal_price":{"localized_value":16.0,"symbol":"","table_id":"5be9250090b8a6c3caf4cdbc","currency_code":"HKD"},"merchant_name":"lxiuu","merchant":"Lxiuu","shipping_options":[{"warehouse_type":1,"localized_price":{"localized_value":8.0,"symbol":"","table_id":"5be9250090b8a6c3caf4cdbc","currency_code":"HKD"},"price":1,"name":"Standard Shipping","is_express_type":false,"option_id":"standard","id":"standard","inventory":50,"selected":true}],"shipping_countries_string":"Ships to United States and 77 other countries","merchant_rating_count":4,"localized_shipping":{"localized_value":8.0,"symbol":"","table_id":"5be9250090b8a6c3caf4cdbc","currency_code":"HKD"},"removed":false,"localized_price":{"localized_value":16.0,"symbol":"","table_id":"5be9250090b8a6c3caf4cdbc","currency_code":"HKD"},"variation_id":"5b5efaae2810747f6f6cda30"}},"variations":[{"shipping_price_country_code":"US","merchant_id":"5b4f1643457fbc3b7a1ab9c1","has_tier_shipping_options":false,"inventory":50,"retail_price":49,"enabled":true,"shipping":1,"price":2,"price_before_personal_price":2,"product_id":"5b5efaad2731bc35e1cb07ad","sequence_id":0,"size_id":"1","merchant_dp":"https://s3-us-west-1.amazonaws.com/sweeper-production-merchantimage/default_dp.png","merchant_rating_class":"star star-4-0","merchant_rating":4.0,"value_in_points":750,"localized_retail_price":{"localized_value":384.0,"symbol":"","table_id":"5be9250090b8a6c3caf4cdbc","currency_code":"HKD"},"localized_merchant_price":0.99,"localized_price_before_personal_price":{"localized_value":16.0,"symbol":"","table_id":"5be9250090b8a6c3caf4cdbc","currency_code":"HKD"},"merchant_name":"lxiuu","merchant":"Lxiuu","shipping_options":[{"warehouse_type":1,"localized_price":{"localized_value":8.0,"symbol":"","table_id":"5be9250090b8a6c3caf4cdbc","currency_code":"HKD"},"price":1,"name":"Standard Shipping","is_express_type":false,"option_id":"standard","id":"standard","inventory":50,"selected":true}],"shipping_countries_string":"Ships to United States and 77 other countries","merchant_rating_count":4,"localized_shipping":{"localized_value":8.0,"symbol":"","table_id":"5be9250090b8a6c3caf4cdbc","currency_code":"HKD"},"removed":false,"localized_price":{"localized_value":16.0,"symbol":"","table_id":"5be9250090b8a6c3caf4cdbc","currency_code":"HKD"},"variation_id":"5b5efaae2810747f6f6cda30"},{"shipping_price_country_code":"US","merchant_id":"5b4f1643457fbc3b7a1ab9c1","has_tier_shipping_options":false,"inventory":50,"retail_price":49,"enabled":true,"shipping":1,"price":2,"price_before_personal_price":2,"product_id":"5b5efaad2731bc35e1cb07ad","sequence_id":0,"size_id":"3","merchant_dp":"https://s3-us-west-1.amazonaws.com/sweeper-production-merchantimage/default_dp.png","merchant_rating_class":"star star-4-0","merchant_rating":4.0,"value_in_points":750,"localized_retail_price":{"localized_value":384.0,"symbol":"","table_id":"5be9250090b8a6c3caf4cdbc","currency_code":"HKD"},"localized_merchant_price":0.99,"localized_price_before_personal_price":{"localized_value":16.0,"symbol":"","table_id":"5be9250090b8a6c3caf4cdbc","currency_code":"HKD"},"merchant_name":"lxiuu","merchant":"Lxiuu","shipping_options":[{"warehouse_type":1,"localized_price":{"localized_value":8.0,"symbol":"","table_id":"5be9250090b8a6c3caf4cdbc","currency_code":"HKD"},"price":1,"name":"Standard Shipping","is_express_type":false,"option_id":"standard","id":"standard","inventory":50,"selected":true}],"shipping_countries_string":"Ships to United States and 77 other countries","merchant_rating_count":4,"localized_shipping":{"localized_value":8.0,"symbol":"","table_id":"5be9250090b8a6c3caf4cdbc","currency_code":"HKD"},"removed":false,"localized_price":{"localized_value":16.0,"symbol":"","table_id":"5be9250090b8a6c3caf4cdbc","currency_code":"HKD"},"variation_id":"5b5efab087c5b80537c235bc"}],"can_ship_to_location":false,"logging_fields":{"log_is_pb":"0","log_product_id":"5b5efaad2731bc35e1cb07ad","log_tid":212,"log_session_id":"e00693542f50442f806f9463022436d6","log_request_id":"5be9313d98e2193b07035d2b","log_request_time":1542009149,"log_product_price":"2"},"has_tier_shipping_options":false,"id":"5b5efaad2731bc35e1cb07ad","blocked_shipping_countries":[],"has_misleading_price":false},"aspect_ratio":1.0,"product_url":"https://www.wish.com/c/5b5efaad2731bc35e1cb07ad","true_tag_ids":["53dc186421a86318bdc87f2b","546e82940d725226768b4125"],"display_picture":"https://contestimg.wish.com/api/webimage/5b5efaad2731bc35e1cb07ad-medium.jpg?cache_buster=3ff069263d4ed49d9d7e0d60d4992be1","cache_buster":"3ff069263d4ed49d9d7e0d60d4992be1","merchant_info":{"image_url":"https://s3-us-west-1.amazonaws.com/sweeper-production-merchantimage/light_default_dp.png","subtitle":"75% Positive Feedback (4 ratings)","position":2,"title":"Lxiuu"},"contest_selected_picture":"https://contestimg.wish.com/api/webimage/5b5efaad2731bc35e1cb07ad-contest.jpg?cache_buster=3ff069263d4ed49d9d7e0d60d4992be1","localized_value":{"localized_value":384.0,"symbol":"","table_id":"5be9250090b8a6c3caf4cdbc","currency_code":"HKD"},"orig_height":800,"id":"5b5efaad2731bc35e1cb07ad","value":49,"orig_width":800,"is_new":false,"small_picture":"https://contestimg.wish.com/api/webimage/5b5efaad2731bc35e1cb07ad-small.jpg?cache_buster=3ff069263d4ed49d9d7e0d60d4992be1","boost_parameters":[{"content_type":1,"contents":[],"source":3,"bid":0.31},{"content_type":3,"contents":[],"source":3,"bid":0.31},{"content_type":4,"contents":["3 rows","21color lipstick","makeup","21 color sexy matte velvet","lip liner pen","lip","maquillaje","lip liners","24 rows","lipstick"],"source":3,"bid":0.31},{"content_type":10,"contents":[],"source":3,"bid":0.31},{"content_type":11,"contents":[],"source":3,"bid":0.31},{"content_type":12,"contents":[],"source":3,"bid":0.31},{"content_type":13,"contents":[],"source":3,"bid":0.31},{"content_type":14,"contents":[],"source":3,"bid":0.31},{"content_type":17,"contents":[],"source":3,"bid":0.31}],"should_block_impressions":false,"num_bought":1000,"name":"","generation_time":1542007610,"feed_tile_text":"1000+ bought this","image_phash":-1323052423660014640,"product_should_block_impressions":false,"product_badges":[],"contest_page_picture":"https://contestimg.wish.com/api/webimage/5b5efaad2731bc35e1cb07ad-large.jpg?cache_buster=3ff069263d4ed49d9d7e0d60d4992be1"},{"commerce_product_info":{"shipping_price_country_code":"US","total_inventory":50,"default_variation_experiment":{"no-init-max":{"shipping_price_country_code":"US","merchant_id":"58d3828699637874f89eb45a","has_tier_shipping_options":false,"inventory":50,"retail_price":10,"enabled":true,"shipping":7.0,"price":2,"price_before_personal_price":2,"product_id":"599fd57575b5ce1e943b1088","sequence_id":0,"size_id":"1","merchant_dp":"https://s3-us-west-1.amazonaws.com/sweeper-production-merchantimage/default_dp.png","merchant_rating_class":"star star-4-0","merchant_rating":3.962507058159232,"value_in_points":750,"localized_retail_price":{"localized_value":79.0,"symbol":"","table_id":"5be9250090b8a6c3caf4cdbc","currency_code":"HKD"},"localized_merchant_price":1.0,"localized_price_before_personal_price":{"localized_value":16.0,"symbol":"","table_id":"5be9250090b8a6c3caf4cdbc","currency_code":"HKD"},"merchant_name":"hoastlnen","merchant":"hoastlnen","shipping_options":[{"warehouse_type":2,"localized_price":{"localized_value":55.0,"symbol":"","table_id":"5be9250090b8a6c3caf4cdbc","currency_code":"HKD"},"price":7.0,"name":"Express Shipping","is_express_type":true,"option_id":"wish_express","id":"wish_express","inventory":27,"selected":false},{"warehouse_type":1,"localized_price":{"localized_value":8.0,"symbol":"","table_id":"5be9250090b8a6c3caf4cdbc","currency_code":"HKD"},"price":1,"name":"Standard Shipping","is_express_type":false,"option_id":"standard","id":"standard","inventory":26,"selected":true}],"shipping_countries_string":"Ships to United States and 25 other countries","merchant_rating_count":26565,"localized_shipping":{"localized_value":55.0,"symbol":"","table_id":"5be9250090b8a6c3caf4cdbc","currency_code":"HKD"},"removed":false,"localized_price":{"localized_value":16.0,"symbol":"","table_id":"5be9250090b8a6c3caf4cdbc","currency_code":"HKD"},"variation_id":"599fd57675b5ce1e943b1089"},"no-init-median":{"shipping_price_country_code":"US","merchant_id":"58d3828699637874f89eb45a","has_tier_shipping_options":false,"inventory":50,"retail_price":10,"enabled":true,"shipping":7.0,"price":2,"price_before_personal_price":2,"product_id":"599fd57575b5ce1e943b1088","sequence_id":0,"size_id":"1","merchant_dp":"https://s3-us-west-1.amazonaws.com/sweeper-production-merchantimage/default_dp.png","merchant_rating_class":"star star-4-0","merchant_rating":3.962507058159232,"value_in_points":750,"localized_retail_price":{"localized_value":79.0,"symbol":"","table_id":"5be9250090b8a6c3caf4cdbc","currency_code":"HKD"},"localized_merchant_price":1.0,"localized_price_before_personal_price":{"localized_value":16.0,"symbol":"","table_id":"5be9250090b8a6c3caf4cdbc","currency_code":"HKD"},"merchant_name":"hoastlnen","merchant":"hoastlnen","shipping_options":[{"warehouse_type":2,"localized_price":{"localized_value":55.0,"symbol":"","table_id":"5be9250090b8a6c3caf4cdbc","currency_code":"HKD"},"price":7.0,"name":"Express Shipping","is_express_type":true,"option_id":"wish_express","id":"wish_express","inventory":27,"selected":false},{"warehouse_type":1,"localized_price":{"localized_value":8.0,"symbol":"","table_id":"5be9250090b8a6c3caf4cdbc","currency_code":"HKD"},"price":1,"name":"Standard Shipping","is_express_type":false,"option_id":"standard","id":"standard","inventory":26,"selected":true}],"shipping_countries_string":"Ships to United States and 25 other countries","merchant_rating_count":26565,"localized_shipping":{"localized_value":55.0,"symbol":"","table_id":"5be9250090b8a6c3caf4cdbc","currency_code":"HKD"},"removed":false,"localized_price":{"localized_value":16.0,"symbol":"","table_id":"5be9250090b8a6c3caf4cdbc","currency_code":"HKD"},"variation_id":"599fd57675b5ce1e943b1089"},"init-max":{"shipping_price_country_code":"US","merchant_id":"58d3828699637874f89eb45a","has_tier_shipping_options":false,"inventory":50,"retail_price":10,"enabled":true,"shipping":7.0,"price":2,"price_before_personal_price":2,"product_id":"599fd57575b5ce1e943b1088","sequence_id":0,"size_id":"1","merchant_dp":"https://s3-us-west-1.amazonaws.com/sweeper-production-merchantimage/default_dp.png","merchant_rating_class":"star star-4-0","merchant_rating":3.962507058159232,"value_in_points":750,"localized_retail_price":{"localized_value":79.0,"symbol":"","table_id":"5be9250090b8a6c3caf4cdbc","currency_code":"HKD"},"localized_merchant_price":1.0,"localized_price_before_personal_price":{"localized_value":16.0,"symbol":"","table_id":"5be9250090b8a6c3caf4cdbc","currency_code":"HKD"},"merchant_name":"hoastlnen","merchant":"hoastlnen","shipping_options":[{"warehouse_type":2,"localized_price":{"localized_value":55.0,"symbol":"","table_id":"5be9250090b8a6c3caf4cdbc","currency_code":"HKD"},"price":7.0,"name":"Express Shipping","is_express_type":true,"option_id":"wish_express","id":"wish_express","inventory":27,"selected":false},{"warehouse_type":1,"localized_price":{"localized_value":8.0,"symbol":"","table_id":"5be9250090b8a6c3caf4cdbc","currency_code":"HKD"},"price":1,"name":"Standard Shipping","is_express_type":false,"option_id":"standard","id":"standard","inventory":26,"selected":true}],"shipping_countries_string":"Ships to United States and 25 other countries","merchant_rating_count":26565,"localized_shipping":{"localized_value":55.0,"symbol":"","table_id":"5be9250090b8a6c3caf4cdbc","currency_code":"HKD"},"removed":false,"localized_price":{"localized_value":16.0,"symbol":"","table_id":"5be9250090b8a6c3caf4cdbc","currency_code":"HKD"},"variation_id":"599fd57675b5ce1e943b1089"},"init-median":{"shipping_price_country_code":"US","merchant_id":"58d3828699637874f89eb45a","has_tier_shipping_options":false,"inventory":50,"retail_price":10,"enabled":true,"shipping":7.0,"price":2,"price_before_personal_price":2,"product_id":"599fd57575b5ce1e943b1088","sequence_id":0,"size_id":"1","merchant_dp":"https://s3-us-west-1.amazonaws.com/sweeper-production-merchantimage/default_dp.png","merchant_rating_class":"star star-4-0","merchant_rating":3.962507058159232,"value_in_points":750,"localized_retail_price":{"localized_value":79.0,"symbol":"","table_id":"5be9250090b8a6c3caf4cdbc","currency_code":"HKD"},"localized_merchant_price":1.0,"localized_price_before_personal_price":{"localized_value":16.0,"symbol":"","table_id":"5be9250090b8a6c3caf4cdbc","currency_code":"HKD"},"merchant_name":"hoastlnen","merchant":"hoastlnen","shipping_options":[{"warehouse_type":2,"localized_price":{"localized_value":55.0,"symbol":"","table_id":"5be9250090b8a6c3caf4cdbc","currency_code":"HKD"},"price":7.0,"name":"Express Shipping","is_express_type":true,"option_id":"wish_express","id":"wish_express","inventory":27,"selected":false},{"warehouse_type":1,"localized_price":{"localized_value":8.0,"symbol":"","table_id":"5be9250090b8a6c3caf4cdbc","currency_code":"HKD"},"price":1,"name":"Standard Shipping","is_express_type":false,"option_id":"standard","id":"standard","inventory":26,"selected":true}],"shipping_countries_string":"Ships to United States and 25 other countries","merchant_rating_count":26565,"localized_shipping":{"localized_value":55.0,"symbol":"","table_id":"5be9250090b8a6c3caf4cdbc","currency_code":"HKD"},"removed":false,"localized_price":{"localized_value":16.0,"symbol":"","table_id":"5be9250090b8a6c3caf4cdbc","currency_code":"HKD"},"variation_id":"599fd57675b5ce1e943b1089"}},"variations":[{"shipping_price_country_code":"US","merchant_id":"58d3828699637874f89eb45a","has_tier_shipping_options":false,"inventory":50,"retail_price":10,"enabled":true,"shipping":7.0,"price":2,"price_before_personal_price":2,"product_id":"599fd57575b5ce1e943b1088","sequence_id":0,"size_id":"1","merchant_dp":"https://s3-us-west-1.amazonaws.com/sweeper-production-merchantimage/default_dp.png","merchant_rating_class":"star star-4-0","merchant_rating":3.962507058159232,"value_in_points":750,"localized_retail_price":{"localized_value":79.0,"symbol":"","table_id":"5be9250090b8a6c3caf4cdbc","currency_code":"HKD"},"localized_merchant_price":1.0,"localized_price_before_personal_price":{"localized_value":16.0,"symbol":"","table_id":"5be9250090b8a6c3caf4cdbc","currency_code":"HKD"},"merchant_name":"hoastlnen","merchant":"hoastlnen","shipping_options":[{"warehouse_type":2,"localized_price":{"localized_value":55.0,"symbol":"","table_id":"5be9250090b8a6c3caf4cdbc","currency_code":"HKD"},"price":7.0,"name":"Express Shipping","is_express_type":true,"option_id":"wish_express","id":"wish_express","inventory":27,"selected":false},{"warehouse_type":1,"localized_price":{"localized_value":8.0,"symbol":"","table_id":"5be9250090b8a6c3caf4cdbc","currency_code":"HKD"},"price":1,"name":"Standard Shipping","is_express_type":false,"option_id":"standard","id":"standard","inventory":26,"selected":true}],"shipping_countries_string":"Ships to United States and 25 other countries","merchant_rating_count":26565,"localized_shipping":{"localized_value":55.0,"symbol":"","table_id":"5be9250090b8a6c3caf4cdbc","currency_code":"HKD"},"removed":false,"localized_price":{"localized_value":16.0,"symbol":"","table_id":"5be9250090b8a6c3caf4cdbc","currency_code":"HKD"},"variation_id":"599fd57675b5ce1e943b1089"},{"shipping_price_country_code":"US","merchant_id":"58d3828699637874f89eb45a","has_tier_shipping_options":false,"inventory":50,"retail_price":10,"enabled":true,"shipping":7.0,"price":2,"price_before_personal_price":2,"product_id":"599fd57575b5ce1e943b1088","sequence_id":0,"size_id":"4","merchant_dp":"https://s3-us-west-1.amazonaws.com/sweeper-production-merchantimage/default_dp.png","merchant_rating_class":"star star-4-0","merchant_rating":3.962507058159232,"value_in_points":750,"localized_retail_price":{"localized_value":79.0,"symbol":"","table_id":"5be9250090b8a6c3caf4cdbc","currency_code":"HKD"},"localized_merchant_price":1.0,"localized_price_before_personal_price":{"localized_value":16.0,"symbol":"","table_id":"5be9250090b8a6c3caf4cdbc","currency_code":"HKD"},"merchant_name":"hoastlnen","merchant":"hoastlnen","shipping_options":[{"warehouse_type":2,"localized_price":{"localized_value":55.0,"symbol":"","table_id":"5be9250090b8a6c3caf4cdbc","currency_code":"HKD"},"price":7.0,"name":"Express Shipping","is_express_type":true,"option_id":"wish_express","id":"wish_express","inventory":21,"selected":false},{"warehouse_type":1,"localized_price":{"localized_value":8.0,"symbol":"","table_id":"5be9250090b8a6c3caf4cdbc","currency_code":"HKD"},"price":1,"name":"Standard Shipping","is_express_type":false,"option_id":"standard","id":"standard","inventory":50,"selected":true}],"shipping_countries_string":"Ships to United States and 25 other countries","merchant_rating_count":26565,"localized_shipping":{"localized_value":55.0,"symbol":"","table_id":"5be9250090b8a6c3caf4cdbc","currency_code":"HKD"},"removed":false,"localized_price":{"localized_value":16.0,"symbol":"","table_id":"5be9250090b8a6c3caf4cdbc","currency_code":"HKD"},"variation_id":"599fd57775b5ce1e943b1090"}],"can_ship_to_location":false,"logging_fields":{"log_is_pb":"0","log_product_id":"599fd57575b5ce1e943b1088","log_tid":212,"log_session_id":"e00693542f50442f806f9463022436d6","log_request_id":"5be9313d98e2193b07035d2b","log_request_time":1542009149,"log_product_price":"2"},"has_tier_shipping_options":false,"id":"599fd57575b5ce1e943b1088","blocked_shipping_countries":[],"has_misleading_price":false},"aspect_ratio":1.0,"product_url":"https://www.wish.com/c/599fd57575b5ce1e943b1088","true_tag_ids":["5478f28258f177436386b912"],"display_picture":"https://contestimg.wish.com/api/webimage/599fd57575b5ce1e943b1088-medium.jpg?cache_buster=fef207bcb1cd95af2b33476d6a311531","cache_buster":"fef207bcb1cd95af2b33476d6a311531","merchant_info":{"image_url":"https://s3-us-west-1.amazonaws.com/sweeper-production-merchantimage/light_default_dp.png","subtitle":"83% Positive Feedback (26,565 ratings)","position":2,"title":"hoastlnen"},"contest_selected_picture":"https://contestimg.wish.com/api/webimage/599fd57575b5ce1e943b1088-contest.jpg?cache_buster=fef207bcb1cd95af2b33476d6a311531","localized_value":{"localized_value":79.0,"symbol":"","table_id":"5be9250090b8a6c3caf4cdbc","currency_code":"HKD"},"orig_height":700,"id":"599fd57575b5ce1e943b1088","value":10,"orig_width":700,"is_new":false,"small_picture":"https://contestimg.wish.com/api/webimage/599fd57575b5ce1e943b1088-small.jpg?cache_buster=fef207bcb1cd95af2b33476d6a311531","boost_parameters":[],"should_block_impressions":false,"num_bought":1000,"name":"","generation_time":1542007607,"feed_tile_text":"1000+ bought this","product_should_block_impressions":false,"image_phash":-1808481692470113272,"product_badges":[{"badge_extra_message":"Fast Shipping!","badge_short_description":"5-7 day delivery","badge_title":"Faster Shipping","badge_type":2,"badge_message":"Get 5 - 7 day delivery on this product!"}],"contest_page_picture":"https://contestimg.wish.com/api/webimage/599fd57575b5ce1e943b1088-large.jpg?cache_buster=fef207bcb1cd95af2b33476d6a311531"}]}}
	at com.roger.grab.base.common.util.GrabAnalysisUtil._checkResultCode_fastJson(GrabAnalysisUtil.java:270)
	at com.roger.grab.base.common.util.GrabAnalysisUtil._doAnalysis(GrabAnalysisUtil.java:134)
	at com.roger.grab.base.common.util.GrabAnalysisUtil.doAnalysis(GrabAnalysisUtil.java:108)
	at com.roger.grab.base.common.httpClient.GrabHttpClient.doHttp(GrabHttpClient.java:110)
	at com.grab.WishTester.doGet(WishTester.java:344)
	at sun.reflect.NativeMethodAccessorImpl.invoke0(Native Method)
	at java.lang.reflect.Method.invoke(Method.java:498)
	at org.test4j.testng.Test4JHookable.run(Test4JHookable.java:56)
	at sun.reflect.NativeMethodAccessorImpl.invoke0(Native Method)
	at java.lang.reflect.Method.invoke(Method.java:498)
]]>
    </failure>
  </testcase> <!-- doGet -->
</testsuite> <!-- com.grab.WishTester -->
