<?xml version="1.0" encoding="UTF-8"?>
<!-- Generated by org.testng.reporters.JUnitReportReporter -->
<testsuite hostname="MZKJ-PC-00759" name="com.grab.WishTester" tests="1" failures="0" timestamp="29 Aug 2018 09:16:26 GMT" time="4.651" errors="0">
  <testcase name="doGet" time="4.651" classname="com.grab.WishTester"/>
</testsuite> <!-- com.grab.WishTester -->
