<?xml version="1.0" encoding="UTF-8"?>
<!-- Generated by org.testng.reporters.JUnitReportReporter -->
<testsuite hostname="MZKJ-PC-00759" name="com.grab.GrabTester" tests="1" failures="1" timestamp="28 Aug 2018 09:45:12 GMT" time="0.014" errors="0">
  <testcase name="init" time="0.014" classname="com.grab.GrabTester">
    <failure type="java.lang.RuntimeException" message="test4j tested class setup error.">
      <![CDATA[java.lang.RuntimeException: test4j tested class setup error.
	at org.test4j.tools.commons.ExceptionWrapper.throwRuntimeException(ExceptionWrapper.java:49)
	at org.test4j.testng.Test4JHookable.doesMethodHasSetupError(Test4JHookable.java:75)
	at org.test4j.testng.Test4JHookable.run(Test4JHookable.java:48)
	at sun.reflect.NativeMethodAccessorImpl.invoke0(Native Method)
	at java.lang.reflect.Method.invoke(Method.java:498)
Caused by: org.springframework.beans.factory.BeanCreationException: Error creating bean with name 'CPHelper' defined in file [X:\workspace_grab\task\target\classes\com\grab\common\cp\CPHelper.class]: Invocation of init method failed; nested exception is java.lang.Exception: 初使化CP：【2】失败，未找到相应类：【com.meizu.contents.cp.access.article.UCDataFetcher】,CP:[CP [cpId=2, name=UC, url=, ico_url=, expressions=, status=1, type=0, automatic_capture=0, description=, updateTime=Tue Jul 03 17:42:32 CST 2018, createTime=Tue Jan 16 15:18:27 CST 2018, level=1, class_path=com.meizu.contents.cp.access.article.UCDataFetcher, insert_type=13]]
	at org.springframework.beans.factory.support.AbstractAutowireCapableBeanFactory.initializeBean(AbstractAutowireCapableBeanFactory.java:1708)
	at org.springframework.beans.factory.support.AbstractAutowireCapableBeanFactory.doCreateBean(AbstractAutowireCapableBeanFactory.java:581)
	at org.springframework.beans.factory.support.AbstractAutowireCapableBeanFactory.createBean(AbstractAutowireCapableBeanFactory.java:503)
	at org.springframework.beans.factory.support.AbstractBeanFactory.lambda$doGetBean$0(AbstractBeanFactory.java:317)
	at org.springframework.beans.factory.support.DefaultSingletonBeanRegistry.getSingleton(DefaultSingletonBeanRegistry.java:222)
	at org.springframework.beans.factory.support.AbstractBeanFactory.doGetBean(AbstractBeanFactory.java:315)
	at org.springframework.beans.factory.support.AbstractBeanFactory.getBean(AbstractBeanFactory.java:224)
	at org.test4j.module.spring.strategy.Test4JBeanFactory.getMyBean(Test4JBeanFactory.java:64)
	at org.test4j.module.spring.strategy.Test4JBeanFactory.getBean(Test4JBeanFactory.java:20)
	at org.test4j.module.spring.strategy.Test4JBeanFactory.getProxyBean(Test4JBeanFactory.java:55)
	at org.test4j.module.spring.strategy.Test4JBeanFactory.getBean(Test4JBeanFactory.java:45)
	at org.springframework.beans.factory.support.DefaultListableBeanFactory.preInstantiateSingletons(DefaultListableBeanFactory.java:760)
	at org.springframework.context.support.AbstractApplicationContext.finishBeanFactoryInitialization(AbstractApplicationContext.java:869)
	at org.springframework.context.support.AbstractApplicationContext.refresh(AbstractApplicationContext.java:550)
	at org.test4j.module.spring.utility.SpringModuleHelper.newSpringContext(SpringModuleHelper.java:131)
	at org.test4j.module.spring.utility.SpringModuleHelper.initSpringContext(SpringModuleHelper.java:104)
	at org.test4j.module.spring.SpringModule$SpringTestListener.beforeClass(SpringModule.java:69)
	at org.test4j.module.core.CoreModule$CoreModuleListener.beforeClass(CoreModule.java:95)
	at org.test4j.module.core.utility.ListenerExecutor.executeBeforeClassEvents(ListenerExecutor.java:30)
	at org.test4j.testng.Test4JCore.aBeforeClass(Test4JCore.java:33)
	... 2 more
Caused by: java.lang.Exception: 初使化CP：【2】失败，未找到相应类：【com.meizu.contents.cp.access.article.UCDataFetcher】,CP:[CP [cpId=2, name=UC, url=, ico_url=, expressions=, status=1, type=0, automatic_capture=0, description=, updateTime=Tue Jul 03 17:42:32 CST 2018, createTime=Tue Jan 16 15:18:27 CST 2018, level=1, class_path=com.meizu.contents.cp.access.article.UCDataFetcher, insert_type=13]]
	at com.grab.common.cp.CPHelper.initCP(CPHelper.java:92)
	at com.grab.common.cp.CPHelper.afterPropertiesSet(CPHelper.java:46)
	at org.springframework.beans.factory.support.AbstractAutowireCapableBeanFactory.invokeInitMethods(AbstractAutowireCapableBeanFactory.java:1767)
	at org.springframework.beans.factory.support.AbstractAutowireCapableBeanFactory.initializeBean(AbstractAutowireCapableBeanFactory.java:1704)
	... 21 more
Caused by: java.lang.ClassNotFoundException: com.meizu.contents.cp.access.article.UCDataFetcher
	at java.net.URLClassLoader.findClass(URLClassLoader.java:381)
	at java.lang.ClassLoader.loadClass(ClassLoader.java:424)
	at java.lang.ClassLoader.loadClass(ClassLoader.java:357)
	at java.lang.Class.forName0(Native Method)
	at java.lang.Class.forName(Class.java:264)
	at com.grab.common.cp.CPHelper.initCP(CPHelper.java:90)
	... 24 more
]]>
    </failure>
  </testcase> <!-- init -->
</testsuite> <!-- com.grab.GrabTester -->
