<?xml version="1.0" encoding="UTF-8"?>
<!-- Generated by org.testng.reporters.JUnitReportReporter -->
<testsuite hostname="MZKJ-PC-00759" name="com.grab.CPTester" tests="1" failures="0" timestamp="28 Aug 2018 10:01:43 GMT" time="0.059" errors="0">
  <testcase name="add" time="0.059" classname="com.grab.CPTester"/>
</testsuite> <!-- com.grab.CPTester -->
